<html>
<head>
<title>TestNG:  Default test</title>
<link href="../testng.css" rel="stylesheet" type="text/css" />
<link href="../my-testng.css" rel="stylesheet" type="text/css" />

<style type="text/css">
.log { display: none;} 
.stack-trace { display: none;} 
</style>
<script type="text/javascript">
<!--
function flip(e) {
  current = e.style.display;
  if (current == 'block') {
    e.style.display = 'none';
    return 0;
  }
  else {
    e.style.display = 'block';
    return 1;
  }
}

function toggleBox(szDivId, elem, msg1, msg2)
{
  var res = -1;  if (document.getElementById) {
    res = flip(document.getElementById(szDivId));
  }
  else if (document.all) {
    // this is the way old msie versions work
    res = flip(document.all[szDivId]);
  }
  if(elem) {
    if(res == 0) elem.innerHTML = msg1; else elem.innerHTML = msg2;
  }

}

function toggleAllBoxes() {
  if (document.getElementsByTagName) {
    d = document.getElementsByTagName('div');
    for (i = 0; i < d.length; i++) {
      if (d[i].className == 'log') {
        flip(d[i]);
      }
    }
  }
}

// -->
</script>

</head>
<body>
<h2 align='center'>Default test</h2><table border='1' align="center">
<tr>
<td>Tests passed/Failed/Skipped:</td><td>84/6/0</td>
</tr><tr>
<td>Started on:</td><td>Tue Oct 31 17:03:07 EDT 2017</td>
</tr>
<tr><td>Total time:</td><td>9099 seconds (9099075 ms)</td>
</tr><tr>
<td>Included groups:</td><td></td>
</tr><tr>
<td>Excluded groups:</td><td></td>
</tr>
</table><p/>
<small><i>(Hover the method name to see the test class name)</i></small><p/>
<table width='100%' border='1' class='invocation-failed'>
<tr><td colspan='4' align='center'><b>FAILED TESTS</b></td></tr>
<tr><td><b>Test method</b></td>
<td width="30%"><b>Exception</b></td>
<td width="10%"><b>Time (seconds)</b></td>
<td><b>Instance</b></td>
</tr>
<tr>
<td title='testcases.DD.Verify_TechnicalResources1.testHomePage()'><b>testHomePage</b><br>Test class: testcases.DD.Verify_TechnicalResources1</td>
<td><div><pre>org.openqa.selenium.WebDriverException: unknown error: Element &lt;div class=&quot;hitarea expandable-hitarea&quot;&gt;&lt;/div&gt; is not clickable at point (283, 441). Other element would receive the click: &lt;li style=&quot;list-style-type:none;&quot;&gt;...&lt;/li&gt;
  (Session info: chrome=62.0.3202.75)
  (Driver info: chromedriver=2.33.506120 (e3e53437346286c0bc2d2dc9aa4915ba81d9023f),platform=Windows NT 10.0.15063 x86_64) (WARNING: The server did not provide any stacktrace information)
Command duration or timeout: 61 milliseconds
Build info: version: &apos;2.53.1&apos;, revision: &apos;a36b8b1cd5757287168e54b817830adce9b0158d&apos;, time: &apos;2016-06-30 19:26:09&apos;
System info: host: &apos;TSPREA01LAPA35&apos;, ip: &apos;199.130.135.238&apos;, os.name: &apos;Windows 10&apos;, os.arch: &apos;amd64&apos;, os.version: &apos;10.0&apos;, java.version: &apos;1.8.0&apos;
Driver info: org.openqa.selenium.chrome.ChromeDriver
Capabilities [{applicationCacheEnabled=false, rotatable=false, mobileEmulationEnabled=false, networkConnectionEnabled=false, chrome={chromedriverVersion=2.33.506120 (e3e53437346286c0bc2d2dc9aa4915ba81d9023f), userDataDir=C:\Users\SIVAPR~1\AppData\Local\Temp\scoped_dir40320_7386}, takesHeapSnapshot=true, pageLoadStrategy=normal, databaseEnabled=false, handlesAlerts=true, hasTouchScreen=false, version=62.0.3202.75, platform=XP, browserConnectionEnabled=false, nativeEvents=true, acceptSslCerts=true, locationContextEnabled=true, webStorageEnabled=true, browserName=chrome, takesScreenshot=true, javascriptEnabled=true, cssSelectorsEnabled=true, setWindowRect=true, unexpectedAlertBehaviour=}]
Session ID: 03e8917e1837739840aa658de3e1c9bd
	at sun.reflect.NativeConstructorAccessorImpl.newInstance0(Native Method)
	at sun.reflect.NativeConstructorAccessorImpl.newInstance(NativeConstructorAccessorImpl.java:88)
	at sun.reflect.DelegatingConstructorAccessorImpl.newInstance(DelegatingConstructorAccessorImpl.java:57)
	at java.lang.reflect.Constructor.newInstance(Constructor.java:437)
	at org.openqa.selenium.remote.ErrorHandler.createThrowable(ErrorHandler.java:206)
	at org.openqa.selenium.remote.ErrorHandler.throwIfResponseFailed(ErrorHandler.java:158)
	at org.openqa.selenium.remote.RemoteWebDriver.execute(RemoteWebDriver.java:678)
	at org.openqa.selenium.remote.RemoteWebElement.execute(RemoteWebElement.java:327)
	at org.openqa.selenium.remote.RemoteWebElement.click(RemoteWebElement.java:85)
	at sun.reflect.NativeMethodAccessorImpl.invoke0(Native Method)
	at sun.reflect.NativeMethodAccessorImpl.invoke(NativeMethodAccessorImpl.java:95)
	at sun.reflect.DelegatingMethodAccessorImpl.invoke(DelegatingMethodAccessorImpl.java:55)
	at java.lang.reflect.Method.invoke(Method.java:508)
	at org.openqa.selenium.support.pagefactory.internal.LocatingElementHandler.invoke(LocatingElementHandler.java:51)
	at com.sun.proxy.$Proxy7.click(Unknown Source)
	at pages1.DD.TechnicalResources1.validateProd(TechnicalResources1.java:255)
	at testcases.DD.Verify_TechnicalResources1.testHomePage(Verify_TechnicalResources1.java:45)
	at sun.reflect.NativeMethodAccessorImpl.invoke0(Native Method)
	at sun.reflect.NativeMethodAccessorImpl.invoke(NativeMethodAccessorImpl.java:95)
	at sun.reflect.DelegatingMethodAccessorImpl.invoke(DelegatingMethodAccessorImpl.java:55)
	at java.lang.reflect.Method.invoke(Method.java:508)
	at org.testng.internal.MethodInvocationHelper.invokeMethod(MethodInvocationHelper.java:80)
	at org.testng.internal.Invoker.invokeMethod(Invoker.java:714)
	at org.testng.internal.Invoker.invokeTestMethod(Invoker.java:901)
	at org.testng.internal.Invoker.invokeTestMethods(Invoker.java:1231)
	at org.testng.internal.TestMethodWorker.invokeTestMethods(TestMethodWorker.java:127)
	at org.testng.internal.TestMethodWorker.run(TestMethodWorker.java:111)
	at org.testng.TestRunner.privateRun(TestRunner.java:767)
	at org.testng.TestRunner.run(TestRunner.java:617)
	at org.testng.SuiteRunner.runTest(SuiteRunner.java:334)
	at org.testng.SuiteRunner.runSequentially(SuiteRunner.java:329)
	at org.testng.SuiteRunner.privateRun(SuiteRunner.java:291)
	at org.testng.SuiteRunner.run(SuiteRunner.java:240)
	at org.testng.SuiteRunnerWorker.runSuite(SuiteRunnerWorker.java:52)
	at org.testng.SuiteRunnerWorker.run(SuiteRunnerWorker.java:86)
	at org.testng.TestNG.runSuitesSequentially(TestNG.java:1198)
	at org.testng.TestNG.runSuitesLocally(TestNG.java:1123)
	at org.testng.TestNG.run(TestNG.java:1031)
	at org.testng.remote.AbstractRemoteTestNG.run(AbstractRemoteTestNG.java:132)
	at org.testng.remote.RemoteTestNG.initAndRun(RemoteTestNG.java:230)
	at org.testng.remote.RemoteTestNG.main(RemoteTestNG.java:76)
</pre></div><a href='#' onClick='toggleBox("stack-trace184273840", this, "Click to show all stack frames", "Click to hide stack frames")'>Click to show all stack frames</a>
<div class='stack-trace' id='stack-trace184273840'><pre>org.openqa.selenium.WebDriverException: unknown error: Element &lt;div class=&quot;hitarea expandable-hitarea&quot;&gt;&lt;/div&gt; is not clickable at point (283, 441). Other element would receive the click: &lt;li style=&quot;list-style-type:none;&quot;&gt;...&lt;/li&gt;
  (Session info: chrome=62.0.3202.75)
  (Driver info: chromedriver=2.33.506120 (e3e53437346286c0bc2d2dc9aa4915ba81d9023f),platform=Windows NT 10.0.15063 x86_64) (WARNING: The server did not provide any stacktrace information)
Command duration or timeout: 61 milliseconds
Build info: version: &apos;2.53.1&apos;, revision: &apos;a36b8b1cd5757287168e54b817830adce9b0158d&apos;, time: &apos;2016-06-30 19:26:09&apos;
System info: host: &apos;TSPREA01LAPA35&apos;, ip: &apos;199.130.135.238&apos;, os.name: &apos;Windows 10&apos;, os.arch: &apos;amd64&apos;, os.version: &apos;10.0&apos;, java.version: &apos;1.8.0&apos;
Driver info: org.openqa.selenium.chrome.ChromeDriver
Capabilities [{applicationCacheEnabled=false, rotatable=false, mobileEmulationEnabled=false, networkConnectionEnabled=false, chrome={chromedriverVersion=2.33.506120 (e3e53437346286c0bc2d2dc9aa4915ba81d9023f), userDataDir=C:\Users\SIVAPR~1\AppData\Local\Temp\scoped_dir40320_7386}, takesHeapSnapshot=true, pageLoadStrategy=normal, databaseEnabled=false, handlesAlerts=true, hasTouchScreen=false, version=62.0.3202.75, platform=XP, browserConnectionEnabled=false, nativeEvents=true, acceptSslCerts=true, locationContextEnabled=true, webStorageEnabled=true, browserName=chrome, takesScreenshot=true, javascriptEnabled=true, cssSelectorsEnabled=true, setWindowRect=true, unexpectedAlertBehaviour=}]
Session ID: 03e8917e1837739840aa658de3e1c9bd
	at sun.reflect.NativeConstructorAccessorImpl.newInstance0(Native Method)
	at sun.reflect.NativeConstructorAccessorImpl.newInstance(NativeConstructorAccessorImpl.java:88)
	at sun.reflect.DelegatingConstructorAccessorImpl.newInstance(DelegatingConstructorAccessorImpl.java:57)
	at java.lang.reflect.Constructor.newInstance(Constructor.java:437)
	at org.openqa.selenium.remote.ErrorHandler.createThrowable(ErrorHandler.java:206)
	at org.openqa.selenium.remote.ErrorHandler.throwIfResponseFailed(ErrorHandler.java:158)
	at org.openqa.selenium.remote.RemoteWebDriver.execute(RemoteWebDriver.java:678)
	at org.openqa.selenium.remote.RemoteWebElement.execute(RemoteWebElement.java:327)
	at org.openqa.selenium.remote.RemoteWebElement.click(RemoteWebElement.java:85)
	at sun.reflect.NativeMethodAccessorImpl.invoke0(Native Method)
	at sun.reflect.NativeMethodAccessorImpl.invoke(NativeMethodAccessorImpl.java:95)
	at sun.reflect.DelegatingMethodAccessorImpl.invoke(DelegatingMethodAccessorImpl.java:55)
	at java.lang.reflect.Method.invoke(Method.java:508)
	at org.openqa.selenium.support.pagefactory.internal.LocatingElementHandler.invoke(LocatingElementHandler.java:51)
	at com.sun.proxy.$Proxy7.click(Unknown Source)
	at pages1.DD.TechnicalResources1.validateProd(TechnicalResources1.java:255)
	at testcases.DD.Verify_TechnicalResources1.testHomePage(Verify_TechnicalResources1.java:45)
	at sun.reflect.NativeMethodAccessorImpl.invoke0(Native Method)
	at sun.reflect.NativeMethodAccessorImpl.invoke(NativeMethodAccessorImpl.java:95)
	at sun.reflect.DelegatingMethodAccessorImpl.invoke(DelegatingMethodAccessorImpl.java:55)
	at java.lang.reflect.Method.invoke(Method.java:508)
	at org.testng.internal.MethodInvocationHelper.invokeMethod(MethodInvocationHelper.java:80)
	at org.testng.internal.Invoker.invokeMethod(Invoker.java:714)
	at org.testng.internal.Invoker.invokeTestMethod(Invoker.java:901)
	at org.testng.internal.Invoker.invokeTestMethods(Invoker.java:1231)
	at org.testng.internal.TestMethodWorker.invokeTestMethods(TestMethodWorker.java:127)
	at org.testng.internal.TestMethodWorker.run(TestMethodWorker.java:111)
	at org.testng.TestRunner.privateRun(TestRunner.java:767)
	at org.testng.TestRunner.run(TestRunner.java:617)
	at org.testng.SuiteRunner.runTest(SuiteRunner.java:334)
	at org.testng.SuiteRunner.runSequentially(SuiteRunner.java:329)
	at org.testng.SuiteRunner.privateRun(SuiteRunner.java:291)
	at org.testng.SuiteRunner.run(SuiteRunner.java:240)
	at org.testng.SuiteRunnerWorker.runSuite(SuiteRunnerWorker.java:52)
	at org.testng.SuiteRunnerWorker.run(SuiteRunnerWorker.java:86)
	at org.testng.TestNG.runSuitesSequentially(TestNG.java:1198)
	at org.testng.TestNG.runSuitesLocally(TestNG.java:1123)
	at org.testng.TestNG.run(TestNG.java:1031)
	at org.testng.remote.AbstractRemoteTestNG.run(AbstractRemoteTestNG.java:132)
	at org.testng.remote.RemoteTestNG.initAndRun(RemoteTestNG.java:230)
	at org.testng.remote.RemoteTestNG.main(RemoteTestNG.java:76)
</pre></div></td>
<td>11</td>
<td>testcases.DD.Verify_TechnicalResources1@7e8be2e5</td></tr>
<tr>
<td title='testcases.DD.Verify_RegionalConservationPartnershipProgram1.testHomePage()'><b>testHomePage</b><br>Test class: testcases.DD.Verify_RegionalConservationPartnershipProgram1</td>
<td><div><pre>org.openqa.selenium.NoSuchElementException: no such element: Unable to locate element: {&quot;method&quot;:&quot;xpath&quot;,&quot;selector&quot;:&quot;.//*[@id=&apos;layoutContainers&apos;]/div/table/tbody/tr/td/table/tbody/tr/td/div/section/div[2]/div[2]/div[2]/h2/a&quot;}
  (Session info: chrome=62.0.3202.75)
  (Driver info: chromedriver=2.33.506120 (e3e53437346286c0bc2d2dc9aa4915ba81d9023f),platform=Windows NT 10.0.15063 x86_64) (WARNING: The server did not provide any stacktrace information)
Command duration or timeout: 5535.97 seconds
For documentation on this error, please visit: http://seleniumhq.org/exceptions/no_such_element.html
Build info: version: &apos;2.53.1&apos;, revision: &apos;a36b8b1cd5757287168e54b817830adce9b0158d&apos;, time: &apos;2016-06-30 19:26:09&apos;
System info: host: &apos;TSPREA01LAPA35&apos;, ip: &apos;199.130.135.238&apos;, os.name: &apos;Windows 10&apos;, os.arch: &apos;amd64&apos;, os.version: &apos;10.0&apos;, java.version: &apos;1.8.0&apos;
Driver info: org.openqa.selenium.chrome.ChromeDriver
Capabilities [{applicationCacheEnabled=false, rotatable=false, mobileEmulationEnabled=false, networkConnectionEnabled=false, chrome={chromedriverVersion=2.33.506120 (e3e53437346286c0bc2d2dc9aa4915ba81d9023f), userDataDir=C:\Users\SIVAPR~1\AppData\Local\Temp\scoped_dir40416_404}, takesHeapSnapshot=true, pageLoadStrategy=normal, databaseEnabled=false, handlesAlerts=true, hasTouchScreen=false, version=62.0.3202.75, platform=XP, browserConnectionEnabled=false, nativeEvents=true, acceptSslCerts=true, locationContextEnabled=true, webStorageEnabled=true, browserName=chrome, takesScreenshot=true, javascriptEnabled=true, cssSelectorsEnabled=true, setWindowRect=true, unexpectedAlertBehaviour=}]
Session ID: d8380b0d63f3bc042bee481068d43ba4
*** Element info: {Using=xpath, value=.//*[@id=&apos;layoutContainers&apos;]/div/table/tbody/tr/td/table/tbody/tr/td/div/section/div[2]/div[2]/div[2]/h2/a}
	at sun.reflect.NativeConstructorAccessorImpl.newInstance0(Native Method)
	at sun.reflect.NativeConstructorAccessorImpl.newInstance(NativeConstructorAccessorImpl.java:88)
	at sun.reflect.DelegatingConstructorAccessorImpl.newInstance(DelegatingConstructorAccessorImpl.java:57)
	at java.lang.reflect.Constructor.newInstance(Constructor.java:437)
	at org.openqa.selenium.remote.ErrorHandler.createThrowable(ErrorHandler.java:206)
	at org.openqa.selenium.remote.ErrorHandler.throwIfResponseFailed(ErrorHandler.java:158)
	at org.openqa.selenium.remote.RemoteWebDriver.execute(RemoteWebDriver.java:678)
	at org.openqa.selenium.remote.RemoteWebDriver.findElement(RemoteWebDriver.java:363)
	at org.openqa.selenium.remote.RemoteWebDriver.findElementByXPath(RemoteWebDriver.java:500)
	at org.openqa.selenium.By$ByXPath.findElement(By.java:361)
	at org.openqa.selenium.remote.RemoteWebDriver.findElement(RemoteWebDriver.java:355)
	at org.openqa.selenium.support.pagefactory.DefaultElementLocator.findElement(DefaultElementLocator.java:69)
	at org.openqa.selenium.support.pagefactory.internal.LocatingElementHandler.invoke(LocatingElementHandler.java:38)
	at com.sun.proxy.$Proxy7.getText(Unknown Source)
	at pages1.DD.RegionalConservationPartnershipProgram1.validateURL(RegionalConservationPartnershipProgram1.java:177)
	at testcases.DD.Verify_RegionalConservationPartnershipProgram1.testHomePage(Verify_RegionalConservationPartnershipProgram1.java:44)
	at sun.reflect.NativeMethodAccessorImpl.invoke0(Native Method)
	at sun.reflect.NativeMethodAccessorImpl.invoke(NativeMethodAccessorImpl.java:95)
	at sun.reflect.DelegatingMethodAccessorImpl.invoke(DelegatingMethodAccessorImpl.java:55)
	at java.lang.reflect.Method.invoke(Method.java:508)
	at org.testng.internal.MethodInvocationHelper.invokeMethod(MethodInvocationHelper.java:80)
	at org.testng.internal.Invoker.invokeMethod(Invoker.java:714)
	at org.testng.internal.Invoker.invokeTestMethod(Invoker.java:901)
	at org.testng.internal.Invoker.invokeTestMethods(Invoker.java:1231)
	at org.testng.internal.TestMethodWorker.invokeTestMethods(TestMethodWorker.java:127)
	at org.testng.internal.TestMethodWorker.run(TestMethodWorker.java:111)
	at org.testng.TestRunner.privateRun(TestRunner.java:767)
	at org.testng.TestRunner.run(TestRunner.java:617)
	at org.testng.SuiteRunner.runTest(SuiteRunner.java:334)
	at org.testng.SuiteRunner.runSequentially(SuiteRunner.java:329)
	at org.testng.SuiteRunner.privateRun(SuiteRunner.java:291)
	at org.testng.SuiteRunner.run(SuiteRunner.java:240)
	at org.testng.SuiteRunnerWorker.runSuite(SuiteRunnerWorker.java:52)
	at org.testng.SuiteRunnerWorker.run(SuiteRunnerWorker.java:86)
	at org.testng.TestNG.runSuitesSequentially(TestNG.java:1198)
	at org.testng.TestNG.runSuitesLocally(TestNG.java:1123)
	at org.testng.TestNG.run(TestNG.java:1031)
	at org.testng.remote.AbstractRemoteTestNG.run(AbstractRemoteTestNG.java:132)
	at org.testng.remote.RemoteTestNG.initAndRun(RemoteTestNG.java:230)
	at org.testng.remote.RemoteTestNG.main(RemoteTestNG.java:76)
</pre></div><a href='#' onClick='toggleBox("stack-trace1006302797", this, "Click to show all stack frames", "Click to hide stack frames")'>Click to show all stack frames</a>
<div class='stack-trace' id='stack-trace1006302797'><pre>org.openqa.selenium.NoSuchElementException: no such element: Unable to locate element: {&quot;method&quot;:&quot;xpath&quot;,&quot;selector&quot;:&quot;.//*[@id=&apos;layoutContainers&apos;]/div/table/tbody/tr/td/table/tbody/tr/td/div/section/div[2]/div[2]/div[2]/h2/a&quot;}
  (Session info: chrome=62.0.3202.75)
  (Driver info: chromedriver=2.33.506120 (e3e53437346286c0bc2d2dc9aa4915ba81d9023f),platform=Windows NT 10.0.15063 x86_64) (WARNING: The server did not provide any stacktrace information)
Command duration or timeout: 5535.97 seconds
For documentation on this error, please visit: http://seleniumhq.org/exceptions/no_such_element.html
Build info: version: &apos;2.53.1&apos;, revision: &apos;a36b8b1cd5757287168e54b817830adce9b0158d&apos;, time: &apos;2016-06-30 19:26:09&apos;
System info: host: &apos;TSPREA01LAPA35&apos;, ip: &apos;199.130.135.238&apos;, os.name: &apos;Windows 10&apos;, os.arch: &apos;amd64&apos;, os.version: &apos;10.0&apos;, java.version: &apos;1.8.0&apos;
Driver info: org.openqa.selenium.chrome.ChromeDriver
Capabilities [{applicationCacheEnabled=false, rotatable=false, mobileEmulationEnabled=false, networkConnectionEnabled=false, chrome={chromedriverVersion=2.33.506120 (e3e53437346286c0bc2d2dc9aa4915ba81d9023f), userDataDir=C:\Users\SIVAPR~1\AppData\Local\Temp\scoped_dir40416_404}, takesHeapSnapshot=true, pageLoadStrategy=normal, databaseEnabled=false, handlesAlerts=true, hasTouchScreen=false, version=62.0.3202.75, platform=XP, browserConnectionEnabled=false, nativeEvents=true, acceptSslCerts=true, locationContextEnabled=true, webStorageEnabled=true, browserName=chrome, takesScreenshot=true, javascriptEnabled=true, cssSelectorsEnabled=true, setWindowRect=true, unexpectedAlertBehaviour=}]
Session ID: d8380b0d63f3bc042bee481068d43ba4
*** Element info: {Using=xpath, value=.//*[@id=&apos;layoutContainers&apos;]/div/table/tbody/tr/td/table/tbody/tr/td/div/section/div[2]/div[2]/div[2]/h2/a}
	at sun.reflect.NativeConstructorAccessorImpl.newInstance0(Native Method)
	at sun.reflect.NativeConstructorAccessorImpl.newInstance(NativeConstructorAccessorImpl.java:88)
	at sun.reflect.DelegatingConstructorAccessorImpl.newInstance(DelegatingConstructorAccessorImpl.java:57)
	at java.lang.reflect.Constructor.newInstance(Constructor.java:437)
	at org.openqa.selenium.remote.ErrorHandler.createThrowable(ErrorHandler.java:206)
	at org.openqa.selenium.remote.ErrorHandler.throwIfResponseFailed(ErrorHandler.java:158)
	at org.openqa.selenium.remote.RemoteWebDriver.execute(RemoteWebDriver.java:678)
	at org.openqa.selenium.remote.RemoteWebDriver.findElement(RemoteWebDriver.java:363)
	at org.openqa.selenium.remote.RemoteWebDriver.findElementByXPath(RemoteWebDriver.java:500)
	at org.openqa.selenium.By$ByXPath.findElement(By.java:361)
	at org.openqa.selenium.remote.RemoteWebDriver.findElement(RemoteWebDriver.java:355)
	at org.openqa.selenium.support.pagefactory.DefaultElementLocator.findElement(DefaultElementLocator.java:69)
	at org.openqa.selenium.support.pagefactory.internal.LocatingElementHandler.invoke(LocatingElementHandler.java:38)
	at com.sun.proxy.$Proxy7.getText(Unknown Source)
	at pages1.DD.RegionalConservationPartnershipProgram1.validateURL(RegionalConservationPartnershipProgram1.java:177)
	at testcases.DD.Verify_RegionalConservationPartnershipProgram1.testHomePage(Verify_RegionalConservationPartnershipProgram1.java:44)
	at sun.reflect.NativeMethodAccessorImpl.invoke0(Native Method)
	at sun.reflect.NativeMethodAccessorImpl.invoke(NativeMethodAccessorImpl.java:95)
	at sun.reflect.DelegatingMethodAccessorImpl.invoke(DelegatingMethodAccessorImpl.java:55)
	at java.lang.reflect.Method.invoke(Method.java:508)
	at org.testng.internal.MethodInvocationHelper.invokeMethod(MethodInvocationHelper.java:80)
	at org.testng.internal.Invoker.invokeMethod(Invoker.java:714)
	at org.testng.internal.Invoker.invokeTestMethod(Invoker.java:901)
	at org.testng.internal.Invoker.invokeTestMethods(Invoker.java:1231)
	at org.testng.internal.TestMethodWorker.invokeTestMethods(TestMethodWorker.java:127)
	at org.testng.internal.TestMethodWorker.run(TestMethodWorker.java:111)
	at org.testng.TestRunner.privateRun(TestRunner.java:767)
	at org.testng.TestRunner.run(TestRunner.java:617)
	at org.testng.SuiteRunner.runTest(SuiteRunner.java:334)
	at org.testng.SuiteRunner.runSequentially(SuiteRunner.java:329)
	at org.testng.SuiteRunner.privateRun(SuiteRunner.java:291)
	at org.testng.SuiteRunner.run(SuiteRunner.java:240)
	at org.testng.SuiteRunnerWorker.runSuite(SuiteRunnerWorker.java:52)
	at org.testng.SuiteRunnerWorker.run(SuiteRunnerWorker.java:86)
	at org.testng.TestNG.runSuitesSequentially(TestNG.java:1198)
	at org.testng.TestNG.runSuitesLocally(TestNG.java:1123)
	at org.testng.TestNG.run(TestNG.java:1031)
	at org.testng.remote.AbstractRemoteTestNG.run(AbstractRemoteTestNG.java:132)
	at org.testng.remote.RemoteTestNG.initAndRun(RemoteTestNG.java:230)
	at org.testng.remote.RemoteTestNG.main(RemoteTestNG.java:76)
</pre></div></td>
<td>5565</td>
<td>testcases.DD.Verify_RegionalConservationPartnershipProgram1@49b73938</td></tr>
<tr>
<td title='testcases.DD.Verify_FeedbackForms1.testHomePage()'><b>testHomePage</b><br>Test class: testcases.DD.Verify_FeedbackForms1</td>
<td><div><pre>org.openqa.selenium.NoSuchElementException: no such element: Unable to locate element: {&quot;method&quot;:&quot;xpath&quot;,&quot;selector&quot;:&quot;.//*[@id=&apos;feedbackform&apos;]/h2&quot;}
  (Session info: chrome=62.0.3202.75)
  (Driver info: chromedriver=2.33.506120 (e3e53437346286c0bc2d2dc9aa4915ba81d9023f),platform=Windows NT 10.0.15063 x86_64) (WARNING: The server did not provide any stacktrace information)
Command duration or timeout: 10.02 seconds
For documentation on this error, please visit: http://seleniumhq.org/exceptions/no_such_element.html
Build info: version: &apos;2.53.1&apos;, revision: &apos;a36b8b1cd5757287168e54b817830adce9b0158d&apos;, time: &apos;2016-06-30 19:26:09&apos;
System info: host: &apos;TSPREA01LAPA35&apos;, ip: &apos;199.130.135.238&apos;, os.name: &apos;Windows 10&apos;, os.arch: &apos;amd64&apos;, os.version: &apos;10.0&apos;, java.version: &apos;1.8.0&apos;
Driver info: org.openqa.selenium.chrome.ChromeDriver
Capabilities [{applicationCacheEnabled=false, rotatable=false, mobileEmulationEnabled=false, networkConnectionEnabled=false, chrome={chromedriverVersion=2.33.506120 (e3e53437346286c0bc2d2dc9aa4915ba81d9023f), userDataDir=C:\Users\SIVAPR~1\AppData\Local\Temp\scoped_dir35456_13977}, takesHeapSnapshot=true, pageLoadStrategy=normal, databaseEnabled=false, handlesAlerts=true, hasTouchScreen=false, version=62.0.3202.75, platform=XP, browserConnectionEnabled=false, nativeEvents=true, acceptSslCerts=true, locationContextEnabled=true, webStorageEnabled=true, browserName=chrome, takesScreenshot=true, javascriptEnabled=true, cssSelectorsEnabled=true, setWindowRect=true, unexpectedAlertBehaviour=}]
Session ID: 45527ea9ff4438e01cc2304a2ae5637a
*** Element info: {Using=xpath, value=.//*[@id=&apos;feedbackform&apos;]/h2}
	at sun.reflect.NativeConstructorAccessorImpl.newInstance0(Native Method)
	at sun.reflect.NativeConstructorAccessorImpl.newInstance(NativeConstructorAccessorImpl.java:88)
	at sun.reflect.DelegatingConstructorAccessorImpl.newInstance(DelegatingConstructorAccessorImpl.java:57)
	at java.lang.reflect.Constructor.newInstance(Constructor.java:437)
	at org.openqa.selenium.remote.ErrorHandler.createThrowable(ErrorHandler.java:206)
	at org.openqa.selenium.remote.ErrorHandler.throwIfResponseFailed(ErrorHandler.java:158)
	at org.openqa.selenium.remote.RemoteWebDriver.execute(RemoteWebDriver.java:678)
	at org.openqa.selenium.remote.RemoteWebDriver.findElement(RemoteWebDriver.java:363)
	at org.openqa.selenium.remote.RemoteWebDriver.findElementByXPath(RemoteWebDriver.java:500)
	at org.openqa.selenium.By$ByXPath.findElement(By.java:361)
	at org.openqa.selenium.remote.RemoteWebDriver.findElement(RemoteWebDriver.java:355)
	at org.openqa.selenium.support.pagefactory.DefaultElementLocator.findElement(DefaultElementLocator.java:69)
	at org.openqa.selenium.support.pagefactory.internal.LocatingElementHandler.invoke(LocatingElementHandler.java:38)
	at com.sun.proxy.$Proxy7.getText(Unknown Source)
	at pages1.DD.FeedbackForms1.validateProd(FeedbackForms1.java:123)
	at testcases.DD.Verify_FeedbackForms1.testHomePage(Verify_FeedbackForms1.java:52)
	at sun.reflect.NativeMethodAccessorImpl.invoke0(Native Method)
	at sun.reflect.NativeMethodAccessorImpl.invoke(NativeMethodAccessorImpl.java:95)
	at sun.reflect.DelegatingMethodAccessorImpl.invoke(DelegatingMethodAccessorImpl.java:55)
	at java.lang.reflect.Method.invoke(Method.java:508)
	at org.testng.internal.MethodInvocationHelper.invokeMethod(MethodInvocationHelper.java:80)
	at org.testng.internal.Invoker.invokeMethod(Invoker.java:714)
	at org.testng.internal.Invoker.invokeTestMethod(Invoker.java:901)
	at org.testng.internal.Invoker.invokeTestMethods(Invoker.java:1231)
	at org.testng.internal.TestMethodWorker.invokeTestMethods(TestMethodWorker.java:127)
	at org.testng.internal.TestMethodWorker.run(TestMethodWorker.java:111)
	at org.testng.TestRunner.privateRun(TestRunner.java:767)
	at org.testng.TestRunner.run(TestRunner.java:617)
	at org.testng.SuiteRunner.runTest(SuiteRunner.java:334)
	at org.testng.SuiteRunner.runSequentially(SuiteRunner.java:329)
	at org.testng.SuiteRunner.privateRun(SuiteRunner.java:291)
	at org.testng.SuiteRunner.run(SuiteRunner.java:240)
	at org.testng.SuiteRunnerWorker.runSuite(SuiteRunnerWorker.java:52)
	at org.testng.SuiteRunnerWorker.run(SuiteRunnerWorker.java:86)
	at org.testng.TestNG.runSuitesSequentially(TestNG.java:1198)
	at org.testng.TestNG.runSuitesLocally(TestNG.java:1123)
	at org.testng.TestNG.run(TestNG.java:1031)
	at org.testng.remote.AbstractRemoteTestNG.run(AbstractRemoteTestNG.java:132)
	at org.testng.remote.RemoteTestNG.initAndRun(RemoteTestNG.java:230)
	at org.testng.remote.RemoteTestNG.main(RemoteTestNG.java:76)
</pre></div><a href='#' onClick='toggleBox("stack-trace1006302797", this, "Click to show all stack frames", "Click to hide stack frames")'>Click to show all stack frames</a>
<div class='stack-trace' id='stack-trace1006302797'><pre>org.openqa.selenium.NoSuchElementException: no such element: Unable to locate element: {&quot;method&quot;:&quot;xpath&quot;,&quot;selector&quot;:&quot;.//*[@id=&apos;feedbackform&apos;]/h2&quot;}
  (Session info: chrome=62.0.3202.75)
  (Driver info: chromedriver=2.33.506120 (e3e53437346286c0bc2d2dc9aa4915ba81d9023f),platform=Windows NT 10.0.15063 x86_64) (WARNING: The server did not provide any stacktrace information)
Command duration or timeout: 10.02 seconds
For documentation on this error, please visit: http://seleniumhq.org/exceptions/no_such_element.html
Build info: version: &apos;2.53.1&apos;, revision: &apos;a36b8b1cd5757287168e54b817830adce9b0158d&apos;, time: &apos;2016-06-30 19:26:09&apos;
System info: host: &apos;TSPREA01LAPA35&apos;, ip: &apos;199.130.135.238&apos;, os.name: &apos;Windows 10&apos;, os.arch: &apos;amd64&apos;, os.version: &apos;10.0&apos;, java.version: &apos;1.8.0&apos;
Driver info: org.openqa.selenium.chrome.ChromeDriver
Capabilities [{applicationCacheEnabled=false, rotatable=false, mobileEmulationEnabled=false, networkConnectionEnabled=false, chrome={chromedriverVersion=2.33.506120 (e3e53437346286c0bc2d2dc9aa4915ba81d9023f), userDataDir=C:\Users\SIVAPR~1\AppData\Local\Temp\scoped_dir35456_13977}, takesHeapSnapshot=true, pageLoadStrategy=normal, databaseEnabled=false, handlesAlerts=true, hasTouchScreen=false, version=62.0.3202.75, platform=XP, browserConnectionEnabled=false, nativeEvents=true, acceptSslCerts=true, locationContextEnabled=true, webStorageEnabled=true, browserName=chrome, takesScreenshot=true, javascriptEnabled=true, cssSelectorsEnabled=true, setWindowRect=true, unexpectedAlertBehaviour=}]
Session ID: 45527ea9ff4438e01cc2304a2ae5637a
*** Element info: {Using=xpath, value=.//*[@id=&apos;feedbackform&apos;]/h2}
	at sun.reflect.NativeConstructorAccessorImpl.newInstance0(Native Method)
	at sun.reflect.NativeConstructorAccessorImpl.newInstance(NativeConstructorAccessorImpl.java:88)
	at sun.reflect.DelegatingConstructorAccessorImpl.newInstance(DelegatingConstructorAccessorImpl.java:57)
	at java.lang.reflect.Constructor.newInstance(Constructor.java:437)
	at org.openqa.selenium.remote.ErrorHandler.createThrowable(ErrorHandler.java:206)
	at org.openqa.selenium.remote.ErrorHandler.throwIfResponseFailed(ErrorHandler.java:158)
	at org.openqa.selenium.remote.RemoteWebDriver.execute(RemoteWebDriver.java:678)
	at org.openqa.selenium.remote.RemoteWebDriver.findElement(RemoteWebDriver.java:363)
	at org.openqa.selenium.remote.RemoteWebDriver.findElementByXPath(RemoteWebDriver.java:500)
	at org.openqa.selenium.By$ByXPath.findElement(By.java:361)
	at org.openqa.selenium.remote.RemoteWebDriver.findElement(RemoteWebDriver.java:355)
	at org.openqa.selenium.support.pagefactory.DefaultElementLocator.findElement(DefaultElementLocator.java:69)
	at org.openqa.selenium.support.pagefactory.internal.LocatingElementHandler.invoke(LocatingElementHandler.java:38)
	at com.sun.proxy.$Proxy7.getText(Unknown Source)
	at pages1.DD.FeedbackForms1.validateProd(FeedbackForms1.java:123)
	at testcases.DD.Verify_FeedbackForms1.testHomePage(Verify_FeedbackForms1.java:52)
	at sun.reflect.NativeMethodAccessorImpl.invoke0(Native Method)
	at sun.reflect.NativeMethodAccessorImpl.invoke(NativeMethodAccessorImpl.java:95)
	at sun.reflect.DelegatingMethodAccessorImpl.invoke(DelegatingMethodAccessorImpl.java:55)
	at java.lang.reflect.Method.invoke(Method.java:508)
	at org.testng.internal.MethodInvocationHelper.invokeMethod(MethodInvocationHelper.java:80)
	at org.testng.internal.Invoker.invokeMethod(Invoker.java:714)
	at org.testng.internal.Invoker.invokeTestMethod(Invoker.java:901)
	at org.testng.internal.Invoker.invokeTestMethods(Invoker.java:1231)
	at org.testng.internal.TestMethodWorker.invokeTestMethods(TestMethodWorker.java:127)
	at org.testng.internal.TestMethodWorker.run(TestMethodWorker.java:111)
	at org.testng.TestRunner.privateRun(TestRunner.java:767)
	at org.testng.TestRunner.run(TestRunner.java:617)
	at org.testng.SuiteRunner.runTest(SuiteRunner.java:334)
	at org.testng.SuiteRunner.runSequentially(SuiteRunner.java:329)
	at org.testng.SuiteRunner.privateRun(SuiteRunner.java:291)
	at org.testng.SuiteRunner.run(SuiteRunner.java:240)
	at org.testng.SuiteRunnerWorker.runSuite(SuiteRunnerWorker.java:52)
	at org.testng.SuiteRunnerWorker.run(SuiteRunnerWorker.java:86)
	at org.testng.TestNG.runSuitesSequentially(TestNG.java:1198)
	at org.testng.TestNG.runSuitesLocally(TestNG.java:1123)
	at org.testng.TestNG.run(TestNG.java:1031)
	at org.testng.remote.AbstractRemoteTestNG.run(AbstractRemoteTestNG.java:132)
	at org.testng.remote.RemoteTestNG.initAndRun(RemoteTestNG.java:230)
	at org.testng.remote.RemoteTestNG.main(RemoteTestNG.java:76)
</pre></div></td>
<td>14</td>
<td>testcases.DD.Verify_FeedbackForms1@affd21ef</td></tr>
<tr>
<td title='testcases.DD.Verify_CIGProjectSearch1.testHomePage()'><b>testHomePage</b><br>Test class: testcases.DD.Verify_CIGProjectSearch1</td>
<td><div><pre>org.openqa.selenium.NoSuchElementException: no such element: Unable to locate element: {&quot;method&quot;:&quot;xpath&quot;,&quot;selector&quot;:&quot;.//*[@id=&apos;cigSearch&apos;]/h2&quot;}
  (Session info: chrome=62.0.3202.75)
  (Driver info: chromedriver=2.33.506120 (e3e53437346286c0bc2d2dc9aa4915ba81d9023f),platform=Windows NT 10.0.15063 x86_64) (WARNING: The server did not provide any stacktrace information)
Command duration or timeout: 10.07 seconds
For documentation on this error, please visit: http://seleniumhq.org/exceptions/no_such_element.html
Build info: version: &apos;2.53.1&apos;, revision: &apos;a36b8b1cd5757287168e54b817830adce9b0158d&apos;, time: &apos;2016-06-30 19:26:09&apos;
System info: host: &apos;TSPREA01LAPA35&apos;, ip: &apos;199.130.135.238&apos;, os.name: &apos;Windows 10&apos;, os.arch: &apos;amd64&apos;, os.version: &apos;10.0&apos;, java.version: &apos;1.8.0&apos;
Driver info: org.openqa.selenium.chrome.ChromeDriver
Capabilities [{applicationCacheEnabled=false, rotatable=false, mobileEmulationEnabled=false, networkConnectionEnabled=false, chrome={chromedriverVersion=2.33.506120 (e3e53437346286c0bc2d2dc9aa4915ba81d9023f), userDataDir=C:\Users\SIVAPR~1\AppData\Local\Temp\scoped_dir45632_3800}, takesHeapSnapshot=true, pageLoadStrategy=normal, databaseEnabled=false, handlesAlerts=true, hasTouchScreen=false, version=62.0.3202.75, platform=XP, browserConnectionEnabled=false, nativeEvents=true, acceptSslCerts=true, locationContextEnabled=true, webStorageEnabled=true, browserName=chrome, takesScreenshot=true, javascriptEnabled=true, cssSelectorsEnabled=true, setWindowRect=true, unexpectedAlertBehaviour=}]
Session ID: 993ee84d11c0646bee44d531d7f3ed64
*** Element info: {Using=xpath, value=.//*[@id=&apos;cigSearch&apos;]/h2}
	at sun.reflect.NativeConstructorAccessorImpl.newInstance0(Native Method)
	at sun.reflect.NativeConstructorAccessorImpl.newInstance(NativeConstructorAccessorImpl.java:88)
	at sun.reflect.DelegatingConstructorAccessorImpl.newInstance(DelegatingConstructorAccessorImpl.java:57)
	at java.lang.reflect.Constructor.newInstance(Constructor.java:437)
	at org.openqa.selenium.remote.ErrorHandler.createThrowable(ErrorHandler.java:206)
	at org.openqa.selenium.remote.ErrorHandler.throwIfResponseFailed(ErrorHandler.java:158)
	at org.openqa.selenium.remote.RemoteWebDriver.execute(RemoteWebDriver.java:678)
	at org.openqa.selenium.remote.RemoteWebDriver.findElement(RemoteWebDriver.java:363)
	at org.openqa.selenium.remote.RemoteWebDriver.findElementByXPath(RemoteWebDriver.java:500)
	at org.openqa.selenium.By$ByXPath.findElement(By.java:361)
	at org.openqa.selenium.remote.RemoteWebDriver.findElement(RemoteWebDriver.java:355)
	at org.openqa.selenium.support.pagefactory.DefaultElementLocator.findElement(DefaultElementLocator.java:69)
	at org.openqa.selenium.support.pagefactory.internal.LocatingElementHandler.invoke(LocatingElementHandler.java:38)
	at com.sun.proxy.$Proxy7.getText(Unknown Source)
	at pages1.DD.CIGProjectSearch1.validateProd(CIGProjectSearch1.java:145)
	at testcases.DD.Verify_CIGProjectSearch1.testHomePage(Verify_CIGProjectSearch1.java:45)
	at sun.reflect.NativeMethodAccessorImpl.invoke0(Native Method)
	at sun.reflect.NativeMethodAccessorImpl.invoke(NativeMethodAccessorImpl.java:95)
	at sun.reflect.DelegatingMethodAccessorImpl.invoke(DelegatingMethodAccessorImpl.java:55)
	at java.lang.reflect.Method.invoke(Method.java:508)
	at org.testng.internal.MethodInvocationHelper.invokeMethod(MethodInvocationHelper.java:80)
	at org.testng.internal.Invoker.invokeMethod(Invoker.java:714)
	at org.testng.internal.Invoker.invokeTestMethod(Invoker.java:901)
	at org.testng.internal.Invoker.invokeTestMethods(Invoker.java:1231)
	at org.testng.internal.TestMethodWorker.invokeTestMethods(TestMethodWorker.java:127)
	at org.testng.internal.TestMethodWorker.run(TestMethodWorker.java:111)
	at org.testng.TestRunner.privateRun(TestRunner.java:767)
	at org.testng.TestRunner.run(TestRunner.java:617)
	at org.testng.SuiteRunner.runTest(SuiteRunner.java:334)
	at org.testng.SuiteRunner.runSequentially(SuiteRunner.java:329)
	at org.testng.SuiteRunner.privateRun(SuiteRunner.java:291)
	at org.testng.SuiteRunner.run(SuiteRunner.java:240)
	at org.testng.SuiteRunnerWorker.runSuite(SuiteRunnerWorker.java:52)
	at org.testng.SuiteRunnerWorker.run(SuiteRunnerWorker.java:86)
	at org.testng.TestNG.runSuitesSequentially(TestNG.java:1198)
	at org.testng.TestNG.runSuitesLocally(TestNG.java:1123)
	at org.testng.TestNG.run(TestNG.java:1031)
	at org.testng.remote.AbstractRemoteTestNG.run(AbstractRemoteTestNG.java:132)
	at org.testng.remote.RemoteTestNG.initAndRun(RemoteTestNG.java:230)
	at org.testng.remote.RemoteTestNG.main(RemoteTestNG.java:76)
</pre></div><a href='#' onClick='toggleBox("stack-trace-118572628", this, "Click to show all stack frames", "Click to hide stack frames")'>Click to show all stack frames</a>
<div class='stack-trace' id='stack-trace-118572628'><pre>org.openqa.selenium.NoSuchElementException: no such element: Unable to locate element: {&quot;method&quot;:&quot;xpath&quot;,&quot;selector&quot;:&quot;.//*[@id=&apos;cigSearch&apos;]/h2&quot;}
  (Session info: chrome=62.0.3202.75)
  (Driver info: chromedriver=2.33.506120 (e3e53437346286c0bc2d2dc9aa4915ba81d9023f),platform=Windows NT 10.0.15063 x86_64) (WARNING: The server did not provide any stacktrace information)
Command duration or timeout: 10.07 seconds
For documentation on this error, please visit: http://seleniumhq.org/exceptions/no_such_element.html
Build info: version: &apos;2.53.1&apos;, revision: &apos;a36b8b1cd5757287168e54b817830adce9b0158d&apos;, time: &apos;2016-06-30 19:26:09&apos;
System info: host: &apos;TSPREA01LAPA35&apos;, ip: &apos;199.130.135.238&apos;, os.name: &apos;Windows 10&apos;, os.arch: &apos;amd64&apos;, os.version: &apos;10.0&apos;, java.version: &apos;1.8.0&apos;
Driver info: org.openqa.selenium.chrome.ChromeDriver
Capabilities [{applicationCacheEnabled=false, rotatable=false, mobileEmulationEnabled=false, networkConnectionEnabled=false, chrome={chromedriverVersion=2.33.506120 (e3e53437346286c0bc2d2dc9aa4915ba81d9023f), userDataDir=C:\Users\SIVAPR~1\AppData\Local\Temp\scoped_dir45632_3800}, takesHeapSnapshot=true, pageLoadStrategy=normal, databaseEnabled=false, handlesAlerts=true, hasTouchScreen=false, version=62.0.3202.75, platform=XP, browserConnectionEnabled=false, nativeEvents=true, acceptSslCerts=true, locationContextEnabled=true, webStorageEnabled=true, browserName=chrome, takesScreenshot=true, javascriptEnabled=true, cssSelectorsEnabled=true, setWindowRect=true, unexpectedAlertBehaviour=}]
Session ID: 993ee84d11c0646bee44d531d7f3ed64
*** Element info: {Using=xpath, value=.//*[@id=&apos;cigSearch&apos;]/h2}
	at sun.reflect.NativeConstructorAccessorImpl.newInstance0(Native Method)
	at sun.reflect.NativeConstructorAccessorImpl.newInstance(NativeConstructorAccessorImpl.java:88)
	at sun.reflect.DelegatingConstructorAccessorImpl.newInstance(DelegatingConstructorAccessorImpl.java:57)
	at java.lang.reflect.Constructor.newInstance(Constructor.java:437)
	at org.openqa.selenium.remote.ErrorHandler.createThrowable(ErrorHandler.java:206)
	at org.openqa.selenium.remote.ErrorHandler.throwIfResponseFailed(ErrorHandler.java:158)
	at org.openqa.selenium.remote.RemoteWebDriver.execute(RemoteWebDriver.java:678)
	at org.openqa.selenium.remote.RemoteWebDriver.findElement(RemoteWebDriver.java:363)
	at org.openqa.selenium.remote.RemoteWebDriver.findElementByXPath(RemoteWebDriver.java:500)
	at org.openqa.selenium.By$ByXPath.findElement(By.java:361)
	at org.openqa.selenium.remote.RemoteWebDriver.findElement(RemoteWebDriver.java:355)
	at org.openqa.selenium.support.pagefactory.DefaultElementLocator.findElement(DefaultElementLocator.java:69)
	at org.openqa.selenium.support.pagefactory.internal.LocatingElementHandler.invoke(LocatingElementHandler.java:38)
	at com.sun.proxy.$Proxy7.getText(Unknown Source)
	at pages1.DD.CIGProjectSearch1.validateProd(CIGProjectSearch1.java:145)
	at testcases.DD.Verify_CIGProjectSearch1.testHomePage(Verify_CIGProjectSearch1.java:45)
	at sun.reflect.NativeMethodAccessorImpl.invoke0(Native Method)
	at sun.reflect.NativeMethodAccessorImpl.invoke(NativeMethodAccessorImpl.java:95)
	at sun.reflect.DelegatingMethodAccessorImpl.invoke(DelegatingMethodAccessorImpl.java:55)
	at java.lang.reflect.Method.invoke(Method.java:508)
	at org.testng.internal.MethodInvocationHelper.invokeMethod(MethodInvocationHelper.java:80)
	at org.testng.internal.Invoker.invokeMethod(Invoker.java:714)
	at org.testng.internal.Invoker.invokeTestMethod(Invoker.java:901)
	at org.testng.internal.Invoker.invokeTestMethods(Invoker.java:1231)
	at org.testng.internal.TestMethodWorker.invokeTestMethods(TestMethodWorker.java:127)
	at org.testng.internal.TestMethodWorker.run(TestMethodWorker.java:111)
	at org.testng.TestRunner.privateRun(TestRunner.java:767)
	at org.testng.TestRunner.run(TestRunner.java:617)
	at org.testng.SuiteRunner.runTest(SuiteRunner.java:334)
	at org.testng.SuiteRunner.runSequentially(SuiteRunner.java:329)
	at org.testng.SuiteRunner.privateRun(SuiteRunner.java:291)
	at org.testng.SuiteRunner.run(SuiteRunner.java:240)
	at org.testng.SuiteRunnerWorker.runSuite(SuiteRunnerWorker.java:52)
	at org.testng.SuiteRunnerWorker.run(SuiteRunnerWorker.java:86)
	at org.testng.TestNG.runSuitesSequentially(TestNG.java:1198)
	at org.testng.TestNG.runSuitesLocally(TestNG.java:1123)
	at org.testng.TestNG.run(TestNG.java:1031)
	at org.testng.remote.AbstractRemoteTestNG.run(AbstractRemoteTestNG.java:132)
	at org.testng.remote.RemoteTestNG.initAndRun(RemoteTestNG.java:230)
	at org.testng.remote.RemoteTestNG.main(RemoteTestNG.java:76)
</pre></div></td>
<td>10</td>
<td>testcases.DD.Verify_CIGProjectSearch1@7923ae39</td></tr>
<tr>
<td title='testcases.DD.Verify_Programs1.testHomePage()'><b>testHomePage</b><br>Test class: testcases.DD.Verify_Programs1</td>
<td><div><pre>org.openqa.selenium.WebDriverException: unknown error: Element &lt;div class=&quot;hitarea expandable-hitarea&quot;&gt;&lt;/div&gt; is not clickable at point (283, 427). Other element would receive the click: &lt;li style=&quot;list-style-type:none;&quot; class=&quot;collapsable&quot;&gt;...&lt;/li&gt;
  (Session info: chrome=62.0.3202.75)
  (Driver info: chromedriver=2.33.506120 (e3e53437346286c0bc2d2dc9aa4915ba81d9023f),platform=Windows NT 10.0.15063 x86_64) (WARNING: The server did not provide any stacktrace information)
Command duration or timeout: 70 milliseconds
Build info: version: &apos;2.53.1&apos;, revision: &apos;a36b8b1cd5757287168e54b817830adce9b0158d&apos;, time: &apos;2016-06-30 19:26:09&apos;
System info: host: &apos;TSPREA01LAPA35&apos;, ip: &apos;199.130.135.238&apos;, os.name: &apos;Windows 10&apos;, os.arch: &apos;amd64&apos;, os.version: &apos;10.0&apos;, java.version: &apos;1.8.0&apos;
Driver info: org.openqa.selenium.chrome.ChromeDriver
Capabilities [{applicationCacheEnabled=false, rotatable=false, mobileEmulationEnabled=false, networkConnectionEnabled=false, chrome={chromedriverVersion=2.33.506120 (e3e53437346286c0bc2d2dc9aa4915ba81d9023f), userDataDir=C:\Users\SIVAPR~1\AppData\Local\Temp\scoped_dir19904_7551}, takesHeapSnapshot=true, pageLoadStrategy=normal, databaseEnabled=false, handlesAlerts=true, hasTouchScreen=false, version=62.0.3202.75, platform=XP, browserConnectionEnabled=false, nativeEvents=true, acceptSslCerts=true, locationContextEnabled=true, webStorageEnabled=true, browserName=chrome, takesScreenshot=true, javascriptEnabled=true, cssSelectorsEnabled=true, setWindowRect=true, unexpectedAlertBehaviour=}]
Session ID: 64aa0e9f18a6e6acab1c6c679d881a1c
	at sun.reflect.NativeConstructorAccessorImpl.newInstance0(Native Method)
	at sun.reflect.NativeConstructorAccessorImpl.newInstance(NativeConstructorAccessorImpl.java:88)
	at sun.reflect.DelegatingConstructorAccessorImpl.newInstance(DelegatingConstructorAccessorImpl.java:57)
	at java.lang.reflect.Constructor.newInstance(Constructor.java:437)
	at org.openqa.selenium.remote.ErrorHandler.createThrowable(ErrorHandler.java:206)
	at org.openqa.selenium.remote.ErrorHandler.throwIfResponseFailed(ErrorHandler.java:158)
	at org.openqa.selenium.remote.RemoteWebDriver.execute(RemoteWebDriver.java:678)
	at org.openqa.selenium.remote.RemoteWebElement.execute(RemoteWebElement.java:327)
	at org.openqa.selenium.remote.RemoteWebElement.click(RemoteWebElement.java:85)
	at sun.reflect.NativeMethodAccessorImpl.invoke0(Native Method)
	at sun.reflect.NativeMethodAccessorImpl.invoke(NativeMethodAccessorImpl.java:95)
	at sun.reflect.DelegatingMethodAccessorImpl.invoke(DelegatingMethodAccessorImpl.java:55)
	at java.lang.reflect.Method.invoke(Method.java:508)
	at org.openqa.selenium.support.pagefactory.internal.LocatingElementHandler.invoke(LocatingElementHandler.java:51)
	at com.sun.proxy.$Proxy7.click(Unknown Source)
	at pages1.DD.Programs1.validateProd(Programs1.java:280)
	at testcases.DD.Verify_Programs1.testHomePage(Verify_Programs1.java:43)
	at sun.reflect.NativeMethodAccessorImpl.invoke0(Native Method)
	at sun.reflect.NativeMethodAccessorImpl.invoke(NativeMethodAccessorImpl.java:95)
	at sun.reflect.DelegatingMethodAccessorImpl.invoke(DelegatingMethodAccessorImpl.java:55)
	at java.lang.reflect.Method.invoke(Method.java:508)
	at org.testng.internal.MethodInvocationHelper.invokeMethod(MethodInvocationHelper.java:80)
	at org.testng.internal.Invoker.invokeMethod(Invoker.java:714)
	at org.testng.internal.Invoker.invokeTestMethod(Invoker.java:901)
	at org.testng.internal.Invoker.invokeTestMethods(Invoker.java:1231)
	at org.testng.internal.TestMethodWorker.invokeTestMethods(TestMethodWorker.java:127)
	at org.testng.internal.TestMethodWorker.run(TestMethodWorker.java:111)
	at org.testng.TestRunner.privateRun(TestRunner.java:767)
	at org.testng.TestRunner.run(TestRunner.java:617)
	at org.testng.SuiteRunner.runTest(SuiteRunner.java:334)
	at org.testng.SuiteRunner.runSequentially(SuiteRunner.java:329)
	at org.testng.SuiteRunner.privateRun(SuiteRunner.java:291)
	at org.testng.SuiteRunner.run(SuiteRunner.java:240)
	at org.testng.SuiteRunnerWorker.runSuite(SuiteRunnerWorker.java:52)
	at org.testng.SuiteRunnerWorker.run(SuiteRunnerWorker.java:86)
	at org.testng.TestNG.runSuitesSequentially(TestNG.java:1198)
	at org.testng.TestNG.runSuitesLocally(TestNG.java:1123)
	at org.testng.TestNG.run(TestNG.java:1031)
	at org.testng.remote.AbstractRemoteTestNG.run(AbstractRemoteTestNG.java:132)
	at org.testng.remote.RemoteTestNG.initAndRun(RemoteTestNG.java:230)
	at org.testng.remote.RemoteTestNG.main(RemoteTestNG.java:76)
</pre></div><a href='#' onClick='toggleBox("stack-trace-1910191143", this, "Click to show all stack frames", "Click to hide stack frames")'>Click to show all stack frames</a>
<div class='stack-trace' id='stack-trace-1910191143'><pre>org.openqa.selenium.WebDriverException: unknown error: Element &lt;div class=&quot;hitarea expandable-hitarea&quot;&gt;&lt;/div&gt; is not clickable at point (283, 427). Other element would receive the click: &lt;li style=&quot;list-style-type:none;&quot; class=&quot;collapsable&quot;&gt;...&lt;/li&gt;
  (Session info: chrome=62.0.3202.75)
  (Driver info: chromedriver=2.33.506120 (e3e53437346286c0bc2d2dc9aa4915ba81d9023f),platform=Windows NT 10.0.15063 x86_64) (WARNING: The server did not provide any stacktrace information)
Command duration or timeout: 70 milliseconds
Build info: version: &apos;2.53.1&apos;, revision: &apos;a36b8b1cd5757287168e54b817830adce9b0158d&apos;, time: &apos;2016-06-30 19:26:09&apos;
System info: host: &apos;TSPREA01LAPA35&apos;, ip: &apos;199.130.135.238&apos;, os.name: &apos;Windows 10&apos;, os.arch: &apos;amd64&apos;, os.version: &apos;10.0&apos;, java.version: &apos;1.8.0&apos;
Driver info: org.openqa.selenium.chrome.ChromeDriver
Capabilities [{applicationCacheEnabled=false, rotatable=false, mobileEmulationEnabled=false, networkConnectionEnabled=false, chrome={chromedriverVersion=2.33.506120 (e3e53437346286c0bc2d2dc9aa4915ba81d9023f), userDataDir=C:\Users\SIVAPR~1\AppData\Local\Temp\scoped_dir19904_7551}, takesHeapSnapshot=true, pageLoadStrategy=normal, databaseEnabled=false, handlesAlerts=true, hasTouchScreen=false, version=62.0.3202.75, platform=XP, browserConnectionEnabled=false, nativeEvents=true, acceptSslCerts=true, locationContextEnabled=true, webStorageEnabled=true, browserName=chrome, takesScreenshot=true, javascriptEnabled=true, cssSelectorsEnabled=true, setWindowRect=true, unexpectedAlertBehaviour=}]
Session ID: 64aa0e9f18a6e6acab1c6c679d881a1c
	at sun.reflect.NativeConstructorAccessorImpl.newInstance0(Native Method)
	at sun.reflect.NativeConstructorAccessorImpl.newInstance(NativeConstructorAccessorImpl.java:88)
	at sun.reflect.DelegatingConstructorAccessorImpl.newInstance(DelegatingConstructorAccessorImpl.java:57)
	at java.lang.reflect.Constructor.newInstance(Constructor.java:437)
	at org.openqa.selenium.remote.ErrorHandler.createThrowable(ErrorHandler.java:206)
	at org.openqa.selenium.remote.ErrorHandler.throwIfResponseFailed(ErrorHandler.java:158)
	at org.openqa.selenium.remote.RemoteWebDriver.execute(RemoteWebDriver.java:678)
	at org.openqa.selenium.remote.RemoteWebElement.execute(RemoteWebElement.java:327)
	at org.openqa.selenium.remote.RemoteWebElement.click(RemoteWebElement.java:85)
	at sun.reflect.NativeMethodAccessorImpl.invoke0(Native Method)
	at sun.reflect.NativeMethodAccessorImpl.invoke(NativeMethodAccessorImpl.java:95)
	at sun.reflect.DelegatingMethodAccessorImpl.invoke(DelegatingMethodAccessorImpl.java:55)
	at java.lang.reflect.Method.invoke(Method.java:508)
	at org.openqa.selenium.support.pagefactory.internal.LocatingElementHandler.invoke(LocatingElementHandler.java:51)
	at com.sun.proxy.$Proxy7.click(Unknown Source)
	at pages1.DD.Programs1.validateProd(Programs1.java:280)
	at testcases.DD.Verify_Programs1.testHomePage(Verify_Programs1.java:43)
	at sun.reflect.NativeMethodAccessorImpl.invoke0(Native Method)
	at sun.reflect.NativeMethodAccessorImpl.invoke(NativeMethodAccessorImpl.java:95)
	at sun.reflect.DelegatingMethodAccessorImpl.invoke(DelegatingMethodAccessorImpl.java:55)
	at java.lang.reflect.Method.invoke(Method.java:508)
	at org.testng.internal.MethodInvocationHelper.invokeMethod(MethodInvocationHelper.java:80)
	at org.testng.internal.Invoker.invokeMethod(Invoker.java:714)
	at org.testng.internal.Invoker.invokeTestMethod(Invoker.java:901)
	at org.testng.internal.Invoker.invokeTestMethods(Invoker.java:1231)
	at org.testng.internal.TestMethodWorker.invokeTestMethods(TestMethodWorker.java:127)
	at org.testng.internal.TestMethodWorker.run(TestMethodWorker.java:111)
	at org.testng.TestRunner.privateRun(TestRunner.java:767)
	at org.testng.TestRunner.run(TestRunner.java:617)
	at org.testng.SuiteRunner.runTest(SuiteRunner.java:334)
	at org.testng.SuiteRunner.runSequentially(SuiteRunner.java:329)
	at org.testng.SuiteRunner.privateRun(SuiteRunner.java:291)
	at org.testng.SuiteRunner.run(SuiteRunner.java:240)
	at org.testng.SuiteRunnerWorker.runSuite(SuiteRunnerWorker.java:52)
	at org.testng.SuiteRunnerWorker.run(SuiteRunnerWorker.java:86)
	at org.testng.TestNG.runSuitesSequentially(TestNG.java:1198)
	at org.testng.TestNG.runSuitesLocally(TestNG.java:1123)
	at org.testng.TestNG.run(TestNG.java:1031)
	at org.testng.remote.AbstractRemoteTestNG.run(AbstractRemoteTestNG.java:132)
	at org.testng.remote.RemoteTestNG.initAndRun(RemoteTestNG.java:230)
	at org.testng.remote.RemoteTestNG.main(RemoteTestNG.java:76)
</pre></div></td>
<td>27</td>
<td>testcases.DD.Verify_Programs1@d56f8ca5</td></tr>
<tr>
<td title='testcases.DD.Verify_HomePage1.testHomePage()'><b>testHomePage</b><br>Test class: testcases.DD.Verify_HomePage1</td>
<td><div><pre>org.openqa.selenium.ElementNotVisibleException: element not visible
  (Session info: chrome=62.0.3202.75)
  (Driver info: chromedriver=2.33.506120 (e3e53437346286c0bc2d2dc9aa4915ba81d9023f),platform=Windows NT 10.0.15063 x86_64) (WARNING: The server did not provide any stacktrace information)
Command duration or timeout: 21 milliseconds
Build info: version: &apos;2.53.1&apos;, revision: &apos;a36b8b1cd5757287168e54b817830adce9b0158d&apos;, time: &apos;2016-06-30 19:26:09&apos;
System info: host: &apos;TSPREA01LAPA35&apos;, ip: &apos;199.130.135.238&apos;, os.name: &apos;Windows 10&apos;, os.arch: &apos;amd64&apos;, os.version: &apos;10.0&apos;, java.version: &apos;1.8.0&apos;
Driver info: org.openqa.selenium.chrome.ChromeDriver
Capabilities [{applicationCacheEnabled=false, rotatable=false, mobileEmulationEnabled=false, networkConnectionEnabled=false, chrome={chromedriverVersion=2.33.506120 (e3e53437346286c0bc2d2dc9aa4915ba81d9023f), userDataDir=C:\Users\SIVAPR~1\AppData\Local\Temp\scoped_dir37292_32485}, takesHeapSnapshot=true, pageLoadStrategy=normal, databaseEnabled=false, handlesAlerts=true, hasTouchScreen=false, version=62.0.3202.75, platform=XP, browserConnectionEnabled=false, nativeEvents=true, acceptSslCerts=true, locationContextEnabled=true, webStorageEnabled=true, browserName=chrome, takesScreenshot=true, javascriptEnabled=true, cssSelectorsEnabled=true, setWindowRect=true, unexpectedAlertBehaviour=}]
Session ID: 1d8020a2827d9dab87c44adf205cb82b
	at sun.reflect.NativeConstructorAccessorImpl.newInstance0(Native Method)
	at sun.reflect.NativeConstructorAccessorImpl.newInstance(NativeConstructorAccessorImpl.java:88)
	at sun.reflect.DelegatingConstructorAccessorImpl.newInstance(DelegatingConstructorAccessorImpl.java:57)
	at java.lang.reflect.Constructor.newInstance(Constructor.java:437)
	at org.openqa.selenium.remote.ErrorHandler.createThrowable(ErrorHandler.java:206)
	at org.openqa.selenium.remote.ErrorHandler.throwIfResponseFailed(ErrorHandler.java:158)
	at org.openqa.selenium.remote.RemoteWebDriver.execute(RemoteWebDriver.java:678)
	at org.openqa.selenium.remote.RemoteWebElement.execute(RemoteWebElement.java:327)
	at org.openqa.selenium.remote.RemoteWebElement.click(RemoteWebElement.java:85)
	at sun.reflect.GeneratedMethodAccessor12.invoke(Unknown Source)
	at sun.reflect.DelegatingMethodAccessorImpl.invoke(DelegatingMethodAccessorImpl.java:55)
	at java.lang.reflect.Method.invoke(Method.java:508)
	at org.openqa.selenium.support.pagefactory.internal.LocatingElementHandler.invoke(LocatingElementHandler.java:51)
	at com.sun.proxy.$Proxy7.click(Unknown Source)
	at pages1.DD.Home_Page1.MenuElementsProd(Home_Page1.java:227)
	at testcases.DD.Verify_HomePage1.testHomePage(Verify_HomePage1.java:49)
	at sun.reflect.NativeMethodAccessorImpl.invoke0(Native Method)
	at sun.reflect.NativeMethodAccessorImpl.invoke(NativeMethodAccessorImpl.java:95)
	at sun.reflect.DelegatingMethodAccessorImpl.invoke(DelegatingMethodAccessorImpl.java:55)
	at java.lang.reflect.Method.invoke(Method.java:508)
	at org.testng.internal.MethodInvocationHelper.invokeMethod(MethodInvocationHelper.java:80)
	at org.testng.internal.Invoker.invokeMethod(Invoker.java:714)
	at org.testng.internal.Invoker.invokeTestMethod(Invoker.java:901)
	at org.testng.internal.Invoker.invokeTestMethods(Invoker.java:1231)
	at org.testng.internal.TestMethodWorker.invokeTestMethods(TestMethodWorker.java:127)
	at org.testng.internal.TestMethodWorker.run(TestMethodWorker.java:111)
	at org.testng.TestRunner.privateRun(TestRunner.java:767)
	at org.testng.TestRunner.run(TestRunner.java:617)
	at org.testng.SuiteRunner.runTest(SuiteRunner.java:334)
	at org.testng.SuiteRunner.runSequentially(SuiteRunner.java:329)
	at org.testng.SuiteRunner.privateRun(SuiteRunner.java:291)
	at org.testng.SuiteRunner.run(SuiteRunner.java:240)
	at org.testng.SuiteRunnerWorker.runSuite(SuiteRunnerWorker.java:52)
	at org.testng.SuiteRunnerWorker.run(SuiteRunnerWorker.java:86)
	at org.testng.TestNG.runSuitesSequentially(TestNG.java:1198)
	at org.testng.TestNG.runSuitesLocally(TestNG.java:1123)
	at org.testng.TestNG.run(TestNG.java:1031)
	at org.testng.remote.AbstractRemoteTestNG.run(AbstractRemoteTestNG.java:132)
	at org.testng.remote.RemoteTestNG.initAndRun(RemoteTestNG.java:230)
	at org.testng.remote.RemoteTestNG.main(RemoteTestNG.java:76)
</pre></div><a href='#' onClick='toggleBox("stack-trace1027868141", this, "Click to show all stack frames", "Click to hide stack frames")'>Click to show all stack frames</a>
<div class='stack-trace' id='stack-trace1027868141'><pre>org.openqa.selenium.ElementNotVisibleException: element not visible
  (Session info: chrome=62.0.3202.75)
  (Driver info: chromedriver=2.33.506120 (e3e53437346286c0bc2d2dc9aa4915ba81d9023f),platform=Windows NT 10.0.15063 x86_64) (WARNING: The server did not provide any stacktrace information)
Command duration or timeout: 21 milliseconds
Build info: version: &apos;2.53.1&apos;, revision: &apos;a36b8b1cd5757287168e54b817830adce9b0158d&apos;, time: &apos;2016-06-30 19:26:09&apos;
System info: host: &apos;TSPREA01LAPA35&apos;, ip: &apos;199.130.135.238&apos;, os.name: &apos;Windows 10&apos;, os.arch: &apos;amd64&apos;, os.version: &apos;10.0&apos;, java.version: &apos;1.8.0&apos;
Driver info: org.openqa.selenium.chrome.ChromeDriver
Capabilities [{applicationCacheEnabled=false, rotatable=false, mobileEmulationEnabled=false, networkConnectionEnabled=false, chrome={chromedriverVersion=2.33.506120 (e3e53437346286c0bc2d2dc9aa4915ba81d9023f), userDataDir=C:\Users\SIVAPR~1\AppData\Local\Temp\scoped_dir37292_32485}, takesHeapSnapshot=true, pageLoadStrategy=normal, databaseEnabled=false, handlesAlerts=true, hasTouchScreen=false, version=62.0.3202.75, platform=XP, browserConnectionEnabled=false, nativeEvents=true, acceptSslCerts=true, locationContextEnabled=true, webStorageEnabled=true, browserName=chrome, takesScreenshot=true, javascriptEnabled=true, cssSelectorsEnabled=true, setWindowRect=true, unexpectedAlertBehaviour=}]
Session ID: 1d8020a2827d9dab87c44adf205cb82b
	at sun.reflect.NativeConstructorAccessorImpl.newInstance0(Native Method)
	at sun.reflect.NativeConstructorAccessorImpl.newInstance(NativeConstructorAccessorImpl.java:88)
	at sun.reflect.DelegatingConstructorAccessorImpl.newInstance(DelegatingConstructorAccessorImpl.java:57)
	at java.lang.reflect.Constructor.newInstance(Constructor.java:437)
	at org.openqa.selenium.remote.ErrorHandler.createThrowable(ErrorHandler.java:206)
	at org.openqa.selenium.remote.ErrorHandler.throwIfResponseFailed(ErrorHandler.java:158)
	at org.openqa.selenium.remote.RemoteWebDriver.execute(RemoteWebDriver.java:678)
	at org.openqa.selenium.remote.RemoteWebElement.execute(RemoteWebElement.java:327)
	at org.openqa.selenium.remote.RemoteWebElement.click(RemoteWebElement.java:85)
	at sun.reflect.GeneratedMethodAccessor12.invoke(Unknown Source)
	at sun.reflect.DelegatingMethodAccessorImpl.invoke(DelegatingMethodAccessorImpl.java:55)
	at java.lang.reflect.Method.invoke(Method.java:508)
	at org.openqa.selenium.support.pagefactory.internal.LocatingElementHandler.invoke(LocatingElementHandler.java:51)
	at com.sun.proxy.$Proxy7.click(Unknown Source)
	at pages1.DD.Home_Page1.MenuElementsProd(Home_Page1.java:227)
	at testcases.DD.Verify_HomePage1.testHomePage(Verify_HomePage1.java:49)
	at sun.reflect.NativeMethodAccessorImpl.invoke0(Native Method)
	at sun.reflect.NativeMethodAccessorImpl.invoke(NativeMethodAccessorImpl.java:95)
	at sun.reflect.DelegatingMethodAccessorImpl.invoke(DelegatingMethodAccessorImpl.java:55)
	at java.lang.reflect.Method.invoke(Method.java:508)
	at org.testng.internal.MethodInvocationHelper.invokeMethod(MethodInvocationHelper.java:80)
	at org.testng.internal.Invoker.invokeMethod(Invoker.java:714)
	at org.testng.internal.Invoker.invokeTestMethod(Invoker.java:901)
	at org.testng.internal.Invoker.invokeTestMethods(Invoker.java:1231)
	at org.testng.internal.TestMethodWorker.invokeTestMethods(TestMethodWorker.java:127)
	at org.testng.internal.TestMethodWorker.run(TestMethodWorker.java:111)
	at org.testng.TestRunner.privateRun(TestRunner.java:767)
	at org.testng.TestRunner.run(TestRunner.java:617)
	at org.testng.SuiteRunner.runTest(SuiteRunner.java:334)
	at org.testng.SuiteRunner.runSequentially(SuiteRunner.java:329)
	at org.testng.SuiteRunner.privateRun(SuiteRunner.java:291)
	at org.testng.SuiteRunner.run(SuiteRunner.java:240)
	at org.testng.SuiteRunnerWorker.runSuite(SuiteRunnerWorker.java:52)
	at org.testng.SuiteRunnerWorker.run(SuiteRunnerWorker.java:86)
	at org.testng.TestNG.runSuitesSequentially(TestNG.java:1198)
	at org.testng.TestNG.runSuitesLocally(TestNG.java:1123)
	at org.testng.TestNG.run(TestNG.java:1031)
	at org.testng.remote.AbstractRemoteTestNG.run(AbstractRemoteTestNG.java:132)
	at org.testng.remote.RemoteTestNG.initAndRun(RemoteTestNG.java:230)
	at org.testng.remote.RemoteTestNG.main(RemoteTestNG.java:76)
</pre></div></td>
<td>0</td>
<td>testcases.DD.Verify_HomePage1@6b4eed9e</td></tr>
</table><p>
<table width='100%' border='1' class='invocation-passed'>
<tr><td colspan='4' align='center'><b>PASSED TESTS</b></td></tr>
<tr><td><b>Test method</b></td>
<td width="30%"><b>Exception</b></td>
<td width="10%"><b>Time (seconds)</b></td>
<td><b>Instance</b></td>
</tr>
<tr>
<td title='testcases.DD.Verify_WaterSheds1.testHomePage()'><b>testHomePage</b><br>Test class: testcases.DD.Verify_WaterSheds1</td>
<td></td>
<td>25</td>
<td>testcases.DD.Verify_WaterSheds1@d38d87e6</td></tr>
<tr>
<td title='testcases.DD.Verify_RapidWatershedAssessment1.testHomePage()'><b>testHomePage</b><br>Test class: testcases.DD.Verify_RapidWatershedAssessment1</td>
<td></td>
<td>25</td>
<td>testcases.DD.Verify_RapidWatershedAssessment1@41c2b3dc</td></tr>
<tr>
<td title='testcases.DD.Verify_EcologicalScience1.testHomePage()'><b>testHomePage</b><br>Test class: testcases.DD.Verify_EcologicalScience1</td>
<td></td>
<td>46</td>
<td>testcases.DD.Verify_EcologicalScience1@1414024b</td></tr>
<tr>
<td title='testcases.DD.Verify_Economics1.testHomePage()'><b>testHomePage</b><br>Test class: testcases.DD.Verify_Economics1</td>
<td></td>
<td>33</td>
<td>testcases.DD.Verify_Economics1@c97c7139</td></tr>
<tr>
<td title='testcases.DD.Verify_Forecasts1.testHomePage()'><b>testHomePage</b><br>Test class: testcases.DD.Verify_Forecasts1</td>
<td></td>
<td>21</td>
<td>testcases.DD.Verify_Forecasts1@109e7bf9</td></tr>
<tr>
<td title='testcases.DD.Verify_HealthyForestsReserveProgram1.testHomePage()'><b>testHomePage</b><br>Test class: testcases.DD.Verify_HealthyForestsReserveProgram1</td>
<td></td>
<td>24</td>
<td>testcases.DD.Verify_HealthyForestsReserveProgram1@1a0b801b</td></tr>
<tr>
<td title='testcases.DD.Verify_AirQuality1.testHomePage()'><b>testHomePage</b><br>Test class: testcases.DD.Verify_AirQuality1</td>
<td></td>
<td>21</td>
<td>testcases.DD.Verify_AirQuality1@52f5bbc8</td></tr>
<tr>
<td title='testcases.DD.Verify_SpecialEmphasisPrograms1.testHomePage()'><b>testHomePage</b><br>Test class: testcases.DD.Verify_SpecialEmphasisPrograms1</td>
<td></td>
<td>31</td>
<td>testcases.DD.Verify_SpecialEmphasisPrograms1@ee079c5c</td></tr>
<tr>
<td title='testcases.DD.Verify_STCMinutes1.testHomePage()'><b>testHomePage</b><br>Test class: testcases.DD.Verify_STCMinutes1</td>
<td></td>
<td>30</td>
<td>testcases.DD.Verify_STCMinutes1@2d88fda9</td></tr>
<tr>
<td title='testcases.DD.Verify_PlantsAnimals1.testHomePage()'><b>testHomePage</b><br>Test class: testcases.DD.Verify_PlantsAnimals1</td>
<td></td>
<td>26</td>
<td>testcases.DD.Verify_PlantsAnimals1@bc4ed2f5</td></tr>
<tr>
<td title='testcases.DD.Verify_Water1.testHomePage()'><b>testHomePage</b><br>Test class: testcases.DD.Verify_Water1</td>
<td></td>
<td>220</td>
<td>testcases.DD.Verify_Water1@f50aebb8</td></tr>
<tr>
<td title='testcases.DD.Verify_SuccessStories1.testHomePage()'><b>testHomePage</b><br>Test class: testcases.DD.Verify_SuccessStories1</td>
<td></td>
<td>94</td>
<td>testcases.DD.Verify_SuccessStories1@cad50b39</td></tr>
<tr>
<td title='testcases.DD.Verify_CivilRights1.testHomePage()'><b>testHomePage</b><br>Test class: testcases.DD.Verify_CivilRights1</td>
<td></td>
<td>14</td>
<td>testcases.DD.Verify_CivilRights1@5e6d934e</td></tr>
<tr>
<td title='testcases.DD.Verify_Agronomy1.testHomePage()'><b>testHomePage</b><br>Test class: testcases.DD.Verify_Agronomy1</td>
<td></td>
<td>23</td>
<td>testcases.DD.Verify_Agronomy1@d5fa221c</td></tr>
<tr>
<td title='testcases.DD.Verify_SnowSurvey1.testHomePage()'><b>testHomePage</b><br>Test class: testcases.DD.Verify_SnowSurvey1</td>
<td></td>
<td>51</td>
<td>testcases.DD.Verify_SnowSurvey1@42d91b3a</td></tr>
<tr>
<td title='testcases.DD.Verify_CulturalResources1.testHomePage()'><b>testHomePage</b><br>Test class: testcases.DD.Verify_CulturalResources1</td>
<td></td>
<td>25</td>
<td>testcases.DD.Verify_CulturalResources1@7b5bd249</td></tr>
<tr>
<td title='testcases.DD.Verify_NutrientManagement1.testHomePage()'><b>testHomePage</b><br>Test class: testcases.DD.Verify_NutrientManagement1</td>
<td></td>
<td>21</td>
<td>testcases.DD.Verify_NutrientManagement1@ea7aa247</td></tr>
<tr>
<td title='testcases.DD.Verify_AboutUs1.testHomePage()'><b>testHomePage</b><br>Test class: testcases.DD.Verify_AboutUs1</td>
<td></td>
<td>36</td>
<td>testcases.DD.Verify_AboutUs1@e16c25b</td></tr>
<tr>
<td title='testcases.DD.Verify_Newsroom1.testHomePage()'><b>testHomePage</b><br>Test class: testcases.DD.Verify_Newsroom1</td>
<td></td>
<td>31</td>
<td>testcases.DD.Verify_Newsroom1@7fcc3a7b</td></tr>
<tr>
<td title='testcases.DD.Verify_InvasiveSpecies1.testHomePage()'><b>testHomePage</b><br>Test class: testcases.DD.Verify_InvasiveSpecies1</td>
<td></td>
<td>26</td>
<td>testcases.DD.Verify_InvasiveSpecies1@f65c8e16</td></tr>
<tr>
<td title='testcases.DD.Verify_AgriculturalConservationEasementProgram1.testHomePage()'><b>testHomePage</b><br>Test class: testcases.DD.Verify_AgriculturalConservationEasementProgram1</td>
<td></td>
<td>28</td>
<td>testcases.DD.Verify_AgriculturalConservationEasementProgram1@a965de4c</td></tr>
<tr>
<td title='testcases.DD.Verify_Reservoirs1.testHomePage()'><b>testHomePage</b><br>Test class: testcases.DD.Verify_Reservoirs1</td>
<td></td>
<td>24</td>
<td>testcases.DD.Verify_Reservoirs1@2b85f1c6</td></tr>
<tr>
<td title='testcases.DD.Verify_EmergencyWatershedProtectionProgram1.testHomePage()'><b>testHomePage</b><br>Test class: testcases.DD.Verify_EmergencyWatershedProtectionProgram1</td>
<td></td>
<td>29</td>
<td>testcases.DD.Verify_EmergencyWatershedProtectionProgram1@2e8d0bc0</td></tr>
<tr>
<td title='testcases.DD.Verify_Easements1.testHomePage()'><b>testHomePage</b><br>Test class: testcases.DD.Verify_Easements1</td>
<td></td>
<td>26</td>
<td>testcases.DD.Verify_Easements1@a97af3d6</td></tr>
<tr>
<td title='testcases.DD.Verify_TeachersandStudents1.testHomePage()'><b>testHomePage</b><br>Test class: testcases.DD.Verify_TeachersandStudents1</td>
<td></td>
<td>48</td>
<td>testcases.DD.Verify_TeachersandStudents1@85ad8154</td></tr>
<tr>
<td title='testcases.DD.Verify_WaterResources1.testHomePage()'><b>testHomePage</b><br>Test class: testcases.DD.Verify_WaterResources1</td>
<td></td>
<td>26</td>
<td>testcases.DD.Verify_WaterResources1@1d646d54</td></tr>
<tr>
<td title='testcases.DD.Verify_LocalServiceCenters1.testHomePage()'><b>testHomePage</b><br>Test class: testcases.DD.Verify_LocalServiceCenters1</td>
<td></td>
<td>9</td>
<td>testcases.DD.Verify_LocalServiceCenters1@ddb77dd2</td></tr>
<tr>
<td title='testcases.DD.Verify_WaterSupply1.testHomePage()'><b>testHomePage</b><br>Test class: testcases.DD.Verify_WaterSupply1</td>
<td></td>
<td>32</td>
<td>testcases.DD.Verify_WaterSupply1@275801e3</td></tr>
<tr>
<td title='testcases.DD.Verify_Soils1.testHomePage()'><b>testHomePage</b><br>Test class: testcases.DD.Verify_Soils1</td>
<td></td>
<td>18</td>
<td>testcases.DD.Verify_Soils1@778bdb2b</td></tr>
<tr>
<td title='testcases.DD.Verify_Forestry1.testHomePage()'><b>testHomePage</b><br>Test class: testcases.DD.Verify_Forestry1</td>
<td></td>
<td>20</td>
<td>testcases.DD.Verify_Forestry1@e1e5ea1d</td></tr>
<tr>
<td title='testcases.DD.Verify_NationalResourcesInventory1.testHomePage()'><b>testHomePage</b><br>Test class: testcases.DD.Verify_NationalResourcesInventory1</td>
<td></td>
<td>22</td>
<td>testcases.DD.Verify_NationalResourcesInventory1@900cf5fd</td></tr>
<tr>
<td title='testcases.DD.Verify_NRCSEmployees1.testHomePage()'><b>testHomePage</b><br>Test class: testcases.DD.Verify_NRCSEmployees1</td>
<td></td>
<td>31</td>
<td>testcases.DD.Verify_NRCSEmployees1@fde48206</td></tr>
<tr>
<td title='testcases.DD.Verify_PublicNotices1.testHomePage()'><b>testHomePage</b><br>Test class: testcases.DD.Verify_PublicNotices1</td>
<td></td>
<td>23</td>
<td>testcases.DD.Verify_PublicNotices1@f7c900d2</td></tr>
<tr>
<td title='testcases.DD.Verify_Energy1.testHomePage()'><b>testHomePage</b><br>Test class: testcases.DD.Verify_Energy1</td>
<td></td>
<td>31</td>
<td>testcases.DD.Verify_Energy1@58f2548b</td></tr>
<tr>
<td title='testcases.DD.Verify_Air1.testHomePage()'><b>testHomePage</b><br>Test class: testcases.DD.Verify_Air1</td>
<td></td>
<td>21</td>
<td>testcases.DD.Verify_Air1@ad0567de</td></tr>
<tr>
<td title='testcases.DD.Verify_ContactUs1.testHomePage()'><b>testHomePage</b><br>Test class: testcases.DD.Verify_ContactUs1</td>
<td></td>
<td>39</td>
<td>testcases.DD.Verify_ContactUs1@d874c682</td></tr>
<tr>
<td title='testcases.DD.Verify_SoilHealth1.testHomePage()'><b>testHomePage</b><br>Test class: testcases.DD.Verify_SoilHealth1</td>
<td></td>
<td>32</td>
<td>testcases.DD.Verify_SoilHealth1@d11dc334</td></tr>
<tr>
<td title='testcases.DD.Verify_LandscapePlanning1.testHomePage()'><b>testHomePage</b><br>Test class: testcases.DD.Verify_LandscapePlanning1</td>
<td></td>
<td>25</td>
<td>testcases.DD.Verify_LandscapePlanning1@3d582cad</td></tr>
<tr>
<td title='testcases.DD.Verify_RangePasture1.testHomePage()'><b>testHomePage</b><br>Test class: testcases.DD.Verify_RangePasture1</td>
<td></td>
<td>69</td>
<td>testcases.DD.Verify_RangePasture1@262956</td></tr>
<tr>
<td title='testcases.DD.Verify_BasinOutlookReports1.testHomePage()'><b>testHomePage</b><br>Test class: testcases.DD.Verify_BasinOutlookReports1</td>
<td></td>
<td>75</td>
<td>testcases.DD.Verify_BasinOutlookReports1@95fc04d6</td></tr>
<tr>
<td title='testcases.DD.Verify_Features1.testHomePage()'><b>testHomePage</b><br>Test class: testcases.DD.Verify_Features1</td>
<td></td>
<td>91</td>
<td>testcases.DD.Verify_Features1@80a7e22c</td></tr>
<tr>
<td title='testcases.DD.Verify_FarmBill1.testHomePage()'><b>testHomePage</b><br>Test class: testcases.DD.Verify_FarmBill1</td>
<td></td>
<td>40</td>
<td>testcases.DD.Verify_FarmBill1@cd379b57</td></tr>
<tr>
<td title='testcases.DD.Verify_DataMapsAnalysis1.testHomePage()'><b>testHomePage</b><br>Test class: testcases.DD.Verify_DataMapsAnalysis1</td>
<td></td>
<td>40</td>
<td>testcases.DD.Verify_DataMapsAnalysis1@22b2f7a8</td></tr>
<tr>
<td title='testcases.DD.Verify_Cropland1.testHomePage()'><b>testHomePage</b><br>Test class: testcases.DD.Verify_Cropland1</td>
<td></td>
<td>27</td>
<td>testcases.DD.Verify_Cropland1@3d996d2a</td></tr>
<tr>
<td title='testcases.DD.Verify_NewsReleases1.testHomePage()'><b>testHomePage</b><br>Test class: testcases.DD.Verify_NewsReleases1</td>
<td></td>
<td>22</td>
<td>testcases.DD.Verify_NewsReleases1@c30e58c9</td></tr>
<tr>
<td title='testcases.DD.Verify_WatershedSurveysandPlanning1.testHomePage()'><b>testHomePage</b><br>Test class: testcases.DD.Verify_WatershedSurveysandPlanning1</td>
<td></td>
<td>25</td>
<td>testcases.DD.Verify_WatershedSurveysandPlanning1@2bd7631e</td></tr>
<tr>
<td title='testcases.DD.Verify_Partners1.testHomePage()'><b>testHomePage</b><br>Test class: testcases.DD.Verify_Partners1</td>
<td></td>
<td>22</td>
<td>testcases.DD.Verify_Partners1@9c98cb0b</td></tr>
<tr>
<td title='testcases.DD.Verify_DataAnalysis1.testHomePage()'><b>testHomePage</b><br>Test class: testcases.DD.Verify_DataAnalysis1</td>
<td></td>
<td>25</td>
<td>testcases.DD.Verify_DataAnalysis1@80361782</td></tr>
<tr>
<td title='testcases.DD.Verify_OutreachAdvocacy1.testHomePage()'><b>testHomePage</b><br>Test class: testcases.DD.Verify_OutreachAdvocacy1</td>
<td></td>
<td>24</td>
<td>testcases.DD.Verify_OutreachAdvocacy1@64ab1370</td></tr>
<tr>
<td title='testcases.DD.Verify_PhotosandVideos1.testHomePage()'><b>testHomePage</b><br>Test class: testcases.DD.Verify_PhotosandVideos1</td>
<td></td>
<td>53</td>
<td>testcases.DD.Verify_PhotosandVideos1@a949ff5d</td></tr>
<tr>
<td title='testcases.DD.Verify_GIS1.testHomePage()'><b>testHomePage</b><br>Test class: testcases.DD.Verify_GIS1</td>
<td></td>
<td>15</td>
<td>testcases.DD.Verify_GIS1@87aed60</td></tr>
<tr>
<td title='testcases.DD.Verify_SurfaceWaterSupplyIndex1.testHomePage()'><b>testHomePage</b><br>Test class: testcases.DD.Verify_SurfaceWaterSupplyIndex1</td>
<td></td>
<td>7</td>
<td>testcases.DD.Verify_SurfaceWaterSupplyIndex1@61231d49</td></tr>
<tr>
<td title='testcases.DD.Verify_ConservationPlanning1.testHomePage()'><b>testHomePage</b><br>Test class: testcases.DD.Verify_ConservationPlanning1</td>
<td></td>
<td>34</td>
<td>testcases.DD.Verify_ConservationPlanning1@e4455b63</td></tr>
<tr>
<td title='testcases.DD.Verify_PestManagement1.testHomePage()'><b>testHomePage</b><br>Test class: testcases.DD.Verify_PestManagement1</td>
<td></td>
<td>20</td>
<td>testcases.DD.Verify_PestManagement1@1a6d4ef9</td></tr>
<tr>
<td title='testcases.DD.Verify_SnowSurveyProducts1.testHomePage()'><b>testHomePage</b><br>Test class: testcases.DD.Verify_SnowSurveyProducts1</td>
<td></td>
<td>9</td>
<td>testcases.DD.Verify_SnowSurveyProducts1@2e0250d</td></tr>
<tr>
<td title='testcases.DD.Verify_Careers1.testHomePage()'><b>testHomePage</b><br>Test class: testcases.DD.Verify_Careers1</td>
<td></td>
<td>18</td>
<td>testcases.DD.Verify_Careers1@936b762c</td></tr>
<tr>
<td title='testcases.DD.Verify_PublicationsFactSheets1.testHomePage()'><b>testHomePage</b><br>Test class: testcases.DD.Verify_PublicationsFactSheets1</td>
<td></td>
<td>29</td>
<td>testcases.DD.Verify_PublicationsFactSheets1@a240b52</td></tr>
<tr>
<td title='testcases.DD.Verify_TribalAssistance1.testHomePage()'><b>testHomePage</b><br>Test class: testcases.DD.Verify_TribalAssistance1</td>
<td></td>
<td>20</td>
<td>testcases.DD.Verify_TribalAssistance1@be913a27</td></tr>
<tr>
<td title='testcases.DD.Verify_LandscapeInitiatives1.testHomePage()'><b>testHomePage</b><br>Test class: testcases.DD.Verify_LandscapeInitiatives1</td>
<td></td>
<td>27</td>
<td>testcases.DD.Verify_LandscapeInitiatives1@4dbdfebe</td></tr>
<tr>
<td title='testcases.DD.Verify_Engineering1.testHomePage()'><b>testHomePage</b><br>Test class: testcases.DD.Verify_Engineering1</td>
<td></td>
<td>36</td>
<td>testcases.DD.Verify_Engineering1@a4e25f6d</td></tr>
<tr>
<td title='testcases.DD.Verify_ThreatenedEndangeredSpecies1.testHomePage()'><b>testHomePage</b><br>Test class: testcases.DD.Verify_ThreatenedEndangeredSpecies1</td>
<td></td>
<td>31</td>
<td>testcases.DD.Verify_ThreatenedEndangeredSpecies1@1fd6fa75</td></tr>
<tr>
<td title='testcases.DD.Verify_People1.testHomePage()'><b>testHomePage</b><br>Test class: testcases.DD.Verify_People1</td>
<td></td>
<td>26</td>
<td>testcases.DD.Verify_People1@d28fcb4e</td></tr>
<tr>
<td title='testcases.DD.Verify_Volunteers1.testHomePage()'><b>testHomePage</b><br>Test class: testcases.DD.Verify_Volunteers1</td>
<td></td>
<td>26</td>
<td>testcases.DD.Verify_Volunteers1@ea111572</td></tr>
<tr>
<td title='testcases.DD.Verify_SiteMetadataInformation1.testHomePage()'><b>testHomePage</b><br>Test class: testcases.DD.Verify_SiteMetadataInformation1</td>
<td></td>
<td>27</td>
<td>testcases.DD.Verify_SiteMetadataInformation1@e04bcde9</td></tr>
<tr>
<td title='testcases.DD.Verify_STCAgenda1.testHomePage()'><b>testHomePage</b><br>Test class: testcases.DD.Verify_STCAgenda1</td>
<td></td>
<td>38</td>
<td>testcases.DD.Verify_STCAgenda1@5567ed43</td></tr>
<tr>
<td title='testcases.DD.Verify_ConservationCompliance1.testHomePage()'><b>testHomePage</b><br>Test class: testcases.DD.Verify_ConservationCompliance1</td>
<td></td>
<td>43</td>
<td>testcases.DD.Verify_ConservationCompliance1@be975b77</td></tr>
<tr>
<td title='testcases.DD.Verify_ConservationInnovationGrants1.testHomePage()'><b>testHomePage</b><br>Test class: testcases.DD.Verify_ConservationInnovationGrants1</td>
<td></td>
<td>21</td>
<td>testcases.DD.Verify_ConservationInnovationGrants1@399a567c</td></tr>
<tr>
<td title='testcases.DD.Verify_EnvironmentalQualityIncentivesProgram1.testHomePage()'><b>testHomePage</b><br>Test class: testcases.DD.Verify_EnvironmentalQualityIncentivesProgram1</td>
<td></td>
<td>32</td>
<td>testcases.DD.Verify_EnvironmentalQualityIncentivesProgram1@b05b7bb0</td></tr>
<tr>
<td title='testcases.DD.Verify_StateTechnicalCommittee1.testHomePage()'><b>testHomePage</b><br>Test class: testcases.DD.Verify_StateTechnicalCommittee1</td>
<td></td>
<td>33</td>
<td>testcases.DD.Verify_StateTechnicalCommittee1@9b5b778f</td></tr>
<tr>
<td title='testcases.DD.Verify_EventsDeadlines1.testHomePage()'><b>testHomePage</b><br>Test class: testcases.DD.Verify_EventsDeadlines1</td>
<td></td>
<td>6</td>
<td>testcases.DD.Verify_EventsDeadlines1@ef9749e0</td></tr>
<tr>
<td title='testcases.DD.Verify_SmallLimitedandBeginningFarmersRanchers1.testHomePage()'><b>testHomePage</b><br>Test class: testcases.DD.Verify_SmallLimitedandBeginningFarmersRanchers1</td>
<td></td>
<td>27</td>
<td>testcases.DD.Verify_SmallLimitedandBeginningFarmersRanchers1@de9c6d7</td></tr>
<tr>
<td title='testcases.DD.Verify_TechnicalServiceProviders1.testHomePage()'><b>testHomePage</b><br>Test class: testcases.DD.Verify_TechnicalServiceProviders1</td>
<td></td>
<td>37</td>
<td>testcases.DD.Verify_TechnicalServiceProviders1@f7814023</td></tr>
<tr>
<td title='testcases.DD.Verify_ConservationStewardshipProgram1.testHomePage()'><b>testHomePage</b><br>Test class: testcases.DD.Verify_ConservationStewardshipProgram1</td>
<td></td>
<td>81</td>
<td>testcases.DD.Verify_ConservationStewardshipProgram1@6e610c04</td></tr>
<tr>
<td title='testcases.DD.Verify_FinancialAssistance1.testHomePage()'><b>testHomePage</b><br>Test class: testcases.DD.Verify_FinancialAssistance1</td>
<td></td>
<td>31</td>
<td>testcases.DD.Verify_FinancialAssistance1@29370ccf</td></tr>
<tr>
<td title='testcases.DD.Verify_ConservationTechnicalAssistance1.testHomePage()'><b>testHomePage</b><br>Test class: testcases.DD.Verify_ConservationTechnicalAssistance1</td>
<td></td>
<td>25</td>
<td>testcases.DD.Verify_ConservationTechnicalAssistance1@dc107dff</td></tr>
<tr>
<td title='testcases.DD.Verify_WaterSupplyProducts1.testHomePage()'><b>testHomePage</b><br>Test class: testcases.DD.Verify_WaterSupplyProducts1</td>
<td></td>
<td>10</td>
<td>testcases.DD.Verify_WaterSupplyProducts1@7eb67b95</td></tr>
<tr>
<td title='testcases.DD.Verify_SoilSurveys1.testHomePage()'><b>testHomePage</b><br>Test class: testcases.DD.Verify_SoilSurveys1</td>
<td></td>
<td>22</td>
<td>testcases.DD.Verify_SoilSurveys1@61b8b112</td></tr>
<tr>
<td title='testcases.DD.Verify_WatershedRehabilitation1.testHomePage()'><b>testHomePage</b><br>Test class: testcases.DD.Verify_WatershedRehabilitation1</td>
<td></td>
<td>25</td>
<td>testcases.DD.Verify_WatershedRehabilitation1@8957bdb1</td></tr>
<tr>
<td title='testcases.DD.Verify_WatershedProtectionandFloodPreventionProgram1.testHomePage()'><b>testHomePage</b><br>Test class: testcases.DD.Verify_WatershedProtectionandFloodPreventionProgram1</td>
<td></td>
<td>25</td>
<td>testcases.DD.Verify_WatershedProtectionandFloodPreventionProgram1@47cd15cc</td></tr>
<tr>
<td title='testcases.DD.Verify_StateOffice1.testHomePage()'><b>testHomePage</b><br>Test class: testcases.DD.Verify_StateOffice1</td>
<td></td>
<td>30</td>
<td>testcases.DD.Verify_StateOffice1@161ef0ea</td></tr>
<tr>
<td title='testcases.DD.Verify_ManureManagement1.testHomePage()'><b>testHomePage</b><br>Test class: testcases.DD.Verify_ManureManagement1</td>
<td></td>
<td>35</td>
<td>testcases.DD.Verify_ManureManagement1@7bfc5543</td></tr>
<tr>
<td title='testcases.DD.Verify_LandUse1.testHomePage()'><b>testHomePage</b><br>Test class: testcases.DD.Verify_LandUse1</td>
<td></td>
<td>30</td>
<td>testcases.DD.Verify_LandUse1@1e8209d</td></tr>
<tr>
<td title='testcases.DD.Verify_Biology1.testHomePage()'><b>testHomePage</b><br>Test class: testcases.DD.Verify_Biology1</td>
<td></td>
<td>40</td>
<td>testcases.DD.Verify_Biology1@d44ee47f</td></tr>
<tr>
<td title='testcases.DD.Verify_WatershedOperations1.testHomePage()'><b>testHomePage</b><br>Test class: testcases.DD.Verify_WatershedOperations1</td>
<td></td>
<td>26</td>
<td>testcases.DD.Verify_WatershedOperations1@ab624970</td></tr>
</table><p>
</body>
</html>