<?xml version="1.0" encoding="UTF-8"?>
<testng-results skipped="0" failed="6" total="90" passed="84">
  <reporter-output>
  </reporter-output>
  <suite name="Default suite" duration-ms="9099075" started-at="2017-10-31T21:03:07Z" finished-at="2017-10-31T23:34:46Z">
    <groups>
    </groups>
    <test name="Default test" duration-ms="9099075" started-at="2017-10-31T21:03:07Z" finished-at="2017-10-31T23:34:46Z">
      <class name="testcases.DD.Verify_Partners1">
        <test-method status="PASS" signature="SetUp()[pri:0, instance:testcases.DD.Verify_Partners1@9c98cb0b]" name="SetUp" is-config="true" duration-ms="6849" started-at="2017-10-31T19:11:14Z" finished-at="2017-10-31T19:11:21Z">
          <reporter-output>
          </reporter-output>
        </test-method> <!-- SetUp -->
        <test-method status="PASS" signature="testHomePage()[pri:0, instance:testcases.DD.Verify_Partners1@9c98cb0b]" name="testHomePage" duration-ms="22352" started-at="2017-10-31T19:11:21Z" finished-at="2017-10-31T19:11:43Z">
          <reporter-output>
          </reporter-output>
        </test-method> <!-- testHomePage -->
        <test-method status="PASS" signature="teardown()[pri:0, instance:testcases.DD.Verify_Partners1@9c98cb0b]" name="teardown" is-config="true" duration-ms="90" started-at="2017-10-31T19:11:43Z" finished-at="2017-10-31T19:11:43Z">
          <reporter-output>
          </reporter-output>
        </test-method> <!-- teardown -->
      </class> <!-- testcases.DD.Verify_Partners1 -->
      <class name="testcases.DD.Verify_RegionalConservationPartnershipProgram1">
        <test-method status="PASS" signature="SetUp()[pri:0, instance:testcases.DD.Verify_RegionalConservationPartnershipProgram1@49b73938]" name="SetUp" is-config="true" duration-ms="7790" started-at="2017-10-31T17:32:44Z" finished-at="2017-10-31T17:32:52Z">
          <reporter-output>
          </reporter-output>
        </test-method> <!-- SetUp -->
        <test-method status="FAIL" signature="testHomePage()[pri:0, instance:testcases.DD.Verify_RegionalConservationPartnershipProgram1@49b73938]" name="testHomePage" duration-ms="5565766" started-at="2017-10-31T17:32:52Z" finished-at="2017-10-31T19:05:38Z">
          <exception class="org.openqa.selenium.NoSuchElementException">
            <message>
              <![CDATA[no such element: Unable to locate element: {"method":"xpath","selector":".//*[@id='layoutContainers']/div/table/tbody/tr/td/table/tbody/tr/td/div/section/div[2]/div[2]/div[2]/h2/a"}
  (Session info: chrome=62.0.3202.75)
  (Driver info: chromedriver=2.33.506120 (e3e53437346286c0bc2d2dc9aa4915ba81d9023f),platform=Windows NT 10.0.15063 x86_64) (WARNING: The server did not provide any stacktrace information)
Command duration or timeout: 5535.97 seconds
For documentation on this error, please visit: http://seleniumhq.org/exceptions/no_such_element.html
Build info: version: '2.53.1', revision: 'a36b8b1cd5757287168e54b817830adce9b0158d', time: '2016-06-30 19:26:09'
System info: host: 'TSPREA01LAPA35', ip: '199.130.135.238', os.name: 'Windows 10', os.arch: 'amd64', os.version: '10.0', java.version: '1.8.0'
Driver info: org.openqa.selenium.chrome.ChromeDriver
Capabilities [{applicationCacheEnabled=false, rotatable=false, mobileEmulationEnabled=false, networkConnectionEnabled=false, chrome={chromedriverVersion=2.33.506120 (e3e53437346286c0bc2d2dc9aa4915ba81d9023f), userDataDir=C:\Users\SIVAPR~1\AppData\Local\Temp\scoped_dir40416_404}, takesHeapSnapshot=true, pageLoadStrategy=normal, databaseEnabled=false, handlesAlerts=true, hasTouchScreen=false, version=62.0.3202.75, platform=XP, browserConnectionEnabled=false, nativeEvents=true, acceptSslCerts=true, locationContextEnabled=true, webStorageEnabled=true, browserName=chrome, takesScreenshot=true, javascriptEnabled=true, cssSelectorsEnabled=true, setWindowRect=true, unexpectedAlertBehaviour=}]
Session ID: d8380b0d63f3bc042bee481068d43ba4
*** Element info: {Using=xpath, value=.//*[@id='layoutContainers']/div/table/tbody/tr/td/table/tbody/tr/td/div/section/div[2]/div[2]/div[2]/h2/a}]]>
            </message>
            <full-stacktrace>
              <![CDATA[org.openqa.selenium.NoSuchElementException: no such element: Unable to locate element: {"method":"xpath","selector":".//*[@id='layoutContainers']/div/table/tbody/tr/td/table/tbody/tr/td/div/section/div[2]/div[2]/div[2]/h2/a"}
  (Session info: chrome=62.0.3202.75)
  (Driver info: chromedriver=2.33.506120 (e3e53437346286c0bc2d2dc9aa4915ba81d9023f),platform=Windows NT 10.0.15063 x86_64) (WARNING: The server did not provide any stacktrace information)
Command duration or timeout: 5535.97 seconds
For documentation on this error, please visit: http://seleniumhq.org/exceptions/no_such_element.html
Build info: version: '2.53.1', revision: 'a36b8b1cd5757287168e54b817830adce9b0158d', time: '2016-06-30 19:26:09'
System info: host: 'TSPREA01LAPA35', ip: '199.130.135.238', os.name: 'Windows 10', os.arch: 'amd64', os.version: '10.0', java.version: '1.8.0'
Driver info: org.openqa.selenium.chrome.ChromeDriver
Capabilities [{applicationCacheEnabled=false, rotatable=false, mobileEmulationEnabled=false, networkConnectionEnabled=false, chrome={chromedriverVersion=2.33.506120 (e3e53437346286c0bc2d2dc9aa4915ba81d9023f), userDataDir=C:\Users\SIVAPR~1\AppData\Local\Temp\scoped_dir40416_404}, takesHeapSnapshot=true, pageLoadStrategy=normal, databaseEnabled=false, handlesAlerts=true, hasTouchScreen=false, version=62.0.3202.75, platform=XP, browserConnectionEnabled=false, nativeEvents=true, acceptSslCerts=true, locationContextEnabled=true, webStorageEnabled=true, browserName=chrome, takesScreenshot=true, javascriptEnabled=true, cssSelectorsEnabled=true, setWindowRect=true, unexpectedAlertBehaviour=}]
Session ID: d8380b0d63f3bc042bee481068d43ba4
*** Element info: {Using=xpath, value=.//*[@id='layoutContainers']/div/table/tbody/tr/td/table/tbody/tr/td/div/section/div[2]/div[2]/div[2]/h2/a}
	at sun.reflect.NativeConstructorAccessorImpl.newInstance0(Native Method)
	at sun.reflect.NativeConstructorAccessorImpl.newInstance(NativeConstructorAccessorImpl.java:88)
	at sun.reflect.DelegatingConstructorAccessorImpl.newInstance(DelegatingConstructorAccessorImpl.java:57)
	at java.lang.reflect.Constructor.newInstance(Constructor.java:437)
	at org.openqa.selenium.remote.ErrorHandler.createThrowable(ErrorHandler.java:206)
	at org.openqa.selenium.remote.ErrorHandler.throwIfResponseFailed(ErrorHandler.java:158)
	at org.openqa.selenium.remote.RemoteWebDriver.execute(RemoteWebDriver.java:678)
	at org.openqa.selenium.remote.RemoteWebDriver.findElement(RemoteWebDriver.java:363)
	at org.openqa.selenium.remote.RemoteWebDriver.findElementByXPath(RemoteWebDriver.java:500)
	at org.openqa.selenium.By$ByXPath.findElement(By.java:361)
	at org.openqa.selenium.remote.RemoteWebDriver.findElement(RemoteWebDriver.java:355)
	at org.openqa.selenium.support.pagefactory.DefaultElementLocator.findElement(DefaultElementLocator.java:69)
	at org.openqa.selenium.support.pagefactory.internal.LocatingElementHandler.invoke(LocatingElementHandler.java:38)
	at com.sun.proxy.$Proxy7.getText(Unknown Source)
	at pages1.DD.RegionalConservationPartnershipProgram1.validateURL(RegionalConservationPartnershipProgram1.java:177)
	at testcases.DD.Verify_RegionalConservationPartnershipProgram1.testHomePage(Verify_RegionalConservationPartnershipProgram1.java:44)
	at sun.reflect.NativeMethodAccessorImpl.invoke0(Native Method)
	at sun.reflect.NativeMethodAccessorImpl.invoke(NativeMethodAccessorImpl.java:95)
	at sun.reflect.DelegatingMethodAccessorImpl.invoke(DelegatingMethodAccessorImpl.java:55)
	at java.lang.reflect.Method.invoke(Method.java:508)
	at org.testng.internal.MethodInvocationHelper.invokeMethod(MethodInvocationHelper.java:80)
	at org.testng.internal.Invoker.invokeMethod(Invoker.java:714)
	at org.testng.internal.Invoker.invokeTestMethod(Invoker.java:901)
	at org.testng.internal.Invoker.invokeTestMethods(Invoker.java:1231)
	at org.testng.internal.TestMethodWorker.invokeTestMethods(TestMethodWorker.java:127)
	at org.testng.internal.TestMethodWorker.run(TestMethodWorker.java:111)
	at org.testng.TestRunner.privateRun(TestRunner.java:767)
	at org.testng.TestRunner.run(TestRunner.java:617)
	at org.testng.SuiteRunner.runTest(SuiteRunner.java:334)
	at org.testng.SuiteRunner.runSequentially(SuiteRunner.java:329)
	at org.testng.SuiteRunner.privateRun(SuiteRunner.java:291)
	at org.testng.SuiteRunner.run(SuiteRunner.java:240)
	at org.testng.SuiteRunnerWorker.runSuite(SuiteRunnerWorker.java:52)
	at org.testng.SuiteRunnerWorker.run(SuiteRunnerWorker.java:86)
	at org.testng.TestNG.runSuitesSequentially(TestNG.java:1198)
	at org.testng.TestNG.runSuitesLocally(TestNG.java:1123)
	at org.testng.TestNG.run(TestNG.java:1031)
	at org.testng.remote.AbstractRemoteTestNG.run(AbstractRemoteTestNG.java:132)
	at org.testng.remote.RemoteTestNG.initAndRun(RemoteTestNG.java:230)
	at org.testng.remote.RemoteTestNG.main(RemoteTestNG.java:76)
]]>
            </full-stacktrace>
          </exception> <!-- org.openqa.selenium.NoSuchElementException -->
          <reporter-output>
          </reporter-output>
        </test-method> <!-- testHomePage -->
        <test-method status="PASS" signature="teardown()[pri:0, instance:testcases.DD.Verify_RegionalConservationPartnershipProgram1@49b73938]" name="teardown" is-config="true" duration-ms="2229" started-at="2017-10-31T19:05:38Z" finished-at="2017-10-31T19:05:40Z">
          <reporter-output>
          </reporter-output>
        </test-method> <!-- teardown -->
      </class> <!-- testcases.DD.Verify_RegionalConservationPartnershipProgram1 -->
      <class name="testcases.DD.Verify_ContactUs1">
        <test-method status="PASS" signature="SetUp()[pri:0, instance:testcases.DD.Verify_ContactUs1@d874c682]" name="SetUp" is-config="true" duration-ms="6721" started-at="2017-10-31T17:28:05Z" finished-at="2017-10-31T17:28:12Z">
          <reporter-output>
          </reporter-output>
        </test-method> <!-- SetUp -->
        <test-method status="PASS" signature="testHomePage()[pri:0, instance:testcases.DD.Verify_ContactUs1@d874c682]" name="testHomePage" duration-ms="39193" started-at="2017-10-31T17:28:12Z" finished-at="2017-10-31T17:28:51Z">
          <reporter-output>
          </reporter-output>
        </test-method> <!-- testHomePage -->
        <test-method status="PASS" signature="teardown()[pri:0, instance:testcases.DD.Verify_ContactUs1@d874c682]" name="teardown" is-config="true" duration-ms="2316" started-at="2017-10-31T17:28:51Z" finished-at="2017-10-31T17:28:53Z">
          <reporter-output>
          </reporter-output>
        </test-method> <!-- teardown -->
      </class> <!-- testcases.DD.Verify_ContactUs1 -->
      <class name="testcases.DD.Verify_RapidWatershedAssessment1">
        <test-method status="PASS" signature="SetUp()[pri:0, instance:testcases.DD.Verify_RapidWatershedAssessment1@41c2b3dc]" name="SetUp" is-config="true" duration-ms="6968" started-at="2017-10-31T17:03:43Z" finished-at="2017-10-31T17:03:49Z">
          <reporter-output>
          </reporter-output>
        </test-method> <!-- SetUp -->
        <test-method status="PASS" signature="testHomePage()[pri:0, instance:testcases.DD.Verify_RapidWatershedAssessment1@41c2b3dc]" name="testHomePage" duration-ms="25541" started-at="2017-10-31T17:03:49Z" finished-at="2017-10-31T17:04:15Z">
          <reporter-output>
          </reporter-output>
        </test-method> <!-- testHomePage -->
        <test-method status="PASS" signature="teardown()[pri:0, instance:testcases.DD.Verify_RapidWatershedAssessment1@41c2b3dc]" name="teardown" is-config="true" duration-ms="91" started-at="2017-10-31T17:04:15Z" finished-at="2017-10-31T17:04:15Z">
          <reporter-output>
          </reporter-output>
        </test-method> <!-- teardown -->
      </class> <!-- testcases.DD.Verify_RapidWatershedAssessment1 -->
      <class name="testcases.DD.Verify_Reservoirs1">
        <test-method status="PASS" signature="SetUp()[pri:0, instance:testcases.DD.Verify_Reservoirs1@2b85f1c6]" name="SetUp" is-config="true" duration-ms="5845" started-at="2017-10-31T17:20:00Z" finished-at="2017-10-31T17:20:06Z">
          <reporter-output>
          </reporter-output>
        </test-method> <!-- SetUp -->
        <test-method status="PASS" signature="testHomePage()[pri:0, instance:testcases.DD.Verify_Reservoirs1@2b85f1c6]" name="testHomePage" duration-ms="24758" started-at="2017-10-31T17:20:06Z" finished-at="2017-10-31T17:20:31Z">
          <reporter-output>
          </reporter-output>
        </test-method> <!-- testHomePage -->
        <test-method status="PASS" signature="teardown()[pri:0, instance:testcases.DD.Verify_Reservoirs1@2b85f1c6]" name="teardown" is-config="true" duration-ms="96" started-at="2017-10-31T17:20:31Z" finished-at="2017-10-31T17:20:31Z">
          <reporter-output>
          </reporter-output>
        </test-method> <!-- teardown -->
      </class> <!-- testcases.DD.Verify_Reservoirs1 -->
      <class name="testcases.DD.Verify_Easements1">
        <test-method status="PASS" signature="SetUp()[pri:0, instance:testcases.DD.Verify_Easements1@a97af3d6]" name="SetUp" is-config="true" duration-ms="8765" started-at="2017-10-31T17:21:07Z" finished-at="2017-10-31T17:21:16Z">
          <reporter-output>
          </reporter-output>
        </test-method> <!-- SetUp -->
        <test-method status="PASS" signature="testHomePage()[pri:0, instance:testcases.DD.Verify_Easements1@a97af3d6]" name="testHomePage" duration-ms="26830" started-at="2017-10-31T17:21:16Z" finished-at="2017-10-31T17:21:43Z">
          <reporter-output>
          </reporter-output>
        </test-method> <!-- testHomePage -->
        <test-method status="PASS" signature="teardown()[pri:0, instance:testcases.DD.Verify_Easements1@a97af3d6]" name="teardown" is-config="true" duration-ms="91" started-at="2017-10-31T17:21:43Z" finished-at="2017-10-31T17:21:43Z">
          <reporter-output>
          </reporter-output>
        </test-method> <!-- teardown -->
      </class> <!-- testcases.DD.Verify_Easements1 -->
      <class name="testcases.DD.Verify_FinancialAssistance1">
        <test-method status="PASS" signature="SetUp()[pri:0, instance:testcases.DD.Verify_FinancialAssistance1@29370ccf]" name="SetUp" is-config="true" duration-ms="6070" started-at="2017-10-31T19:28:25Z" finished-at="2017-10-31T19:28:31Z">
          <reporter-output>
          </reporter-output>
        </test-method> <!-- SetUp -->
        <test-method status="PASS" signature="testHomePage()[pri:0, instance:testcases.DD.Verify_FinancialAssistance1@29370ccf]" name="testHomePage" duration-ms="31419" started-at="2017-10-31T19:28:31Z" finished-at="2017-10-31T19:29:02Z">
          <reporter-output>
          </reporter-output>
        </test-method> <!-- testHomePage -->
        <test-method status="PASS" signature="teardown()[pri:0, instance:testcases.DD.Verify_FinancialAssistance1@29370ccf]" name="teardown" is-config="true" duration-ms="107" started-at="2017-10-31T19:29:02Z" finished-at="2017-10-31T19:29:02Z">
          <reporter-output>
          </reporter-output>
        </test-method> <!-- teardown -->
      </class> <!-- testcases.DD.Verify_FinancialAssistance1 -->
      <class name="testcases.DD.Verify_ManureManagement1">
        <test-method status="PASS" signature="SetUp()[pri:0, instance:testcases.DD.Verify_ManureManagement1@7bfc5543]" name="SetUp" is-config="true" duration-ms="6958" started-at="2017-10-31T19:32:04Z" finished-at="2017-10-31T19:32:11Z">
          <reporter-output>
          </reporter-output>
        </test-method> <!-- SetUp -->
        <test-method status="PASS" signature="testHomePage()[pri:0, instance:testcases.DD.Verify_ManureManagement1@7bfc5543]" name="testHomePage" duration-ms="35548" started-at="2017-10-31T19:32:11Z" finished-at="2017-10-31T19:32:46Z">
          <reporter-output>
          </reporter-output>
        </test-method> <!-- testHomePage -->
        <test-method status="PASS" signature="teardown()[pri:0, instance:testcases.DD.Verify_ManureManagement1@7bfc5543]" name="teardown" is-config="true" duration-ms="87" started-at="2017-10-31T19:32:46Z" finished-at="2017-10-31T19:32:46Z">
          <reporter-output>
          </reporter-output>
        </test-method> <!-- teardown -->
      </class> <!-- testcases.DD.Verify_ManureManagement1 -->
      <class name="testcases.DD.Verify_WaterSupplyProducts1">
        <test-method status="PASS" signature="SetUp()[pri:0, instance:testcases.DD.Verify_WaterSupplyProducts1@7eb67b95]" name="SetUp" is-config="true" duration-ms="6143" started-at="2017-10-31T19:29:34Z" finished-at="2017-10-31T19:29:40Z">
          <reporter-output>
          </reporter-output>
        </test-method> <!-- SetUp -->
        <test-method status="PASS" signature="testHomePage()[pri:0, instance:testcases.DD.Verify_WaterSupplyProducts1@7eb67b95]" name="testHomePage" duration-ms="10731" started-at="2017-10-31T19:29:40Z" finished-at="2017-10-31T19:29:51Z">
          <reporter-output>
          </reporter-output>
        </test-method> <!-- testHomePage -->
        <test-method status="PASS" signature="teardown()[pri:0, instance:testcases.DD.Verify_WaterSupplyProducts1@7eb67b95]" name="teardown" is-config="true" duration-ms="114" started-at="2017-10-31T19:29:51Z" finished-at="2017-10-31T19:29:51Z">
          <reporter-output>
          </reporter-output>
        </test-method> <!-- teardown -->
      </class> <!-- testcases.DD.Verify_WaterSupplyProducts1 -->
      <class name="testcases.DD.Verify_Economics1">
        <test-method status="PASS" signature="SetUp()[pri:0, instance:testcases.DD.Verify_Economics1@c97c7139]" name="SetUp" is-config="true" duration-ms="6835" started-at="2017-10-31T17:05:08Z" finished-at="2017-10-31T17:05:15Z">
          <reporter-output>
          </reporter-output>
        </test-method> <!-- SetUp -->
        <test-method status="PASS" signature="testHomePage()[pri:0, instance:testcases.DD.Verify_Economics1@c97c7139]" name="testHomePage" duration-ms="33922" started-at="2017-10-31T17:05:15Z" finished-at="2017-10-31T17:05:49Z">
          <reporter-output>
          </reporter-output>
        </test-method> <!-- testHomePage -->
        <test-method status="PASS" signature="teardown()[pri:0, instance:testcases.DD.Verify_Economics1@c97c7139]" name="teardown" is-config="true" duration-ms="54" started-at="2017-10-31T17:05:49Z" finished-at="2017-10-31T17:05:49Z">
          <reporter-output>
          </reporter-output>
        </test-method> <!-- teardown -->
      </class> <!-- testcases.DD.Verify_Economics1 -->
      <class name="testcases.DD.Verify_GIS1">
        <test-method status="PASS" signature="SetUp()[pri:0, instance:testcases.DD.Verify_GIS1@87aed60]" name="SetUp" is-config="true" duration-ms="7726" started-at="2017-10-31T19:14:42Z" finished-at="2017-10-31T19:14:50Z">
          <reporter-output>
          </reporter-output>
        </test-method> <!-- SetUp -->
        <test-method status="PASS" signature="testHomePage()[pri:0, instance:testcases.DD.Verify_GIS1@87aed60]" name="testHomePage" duration-ms="15055" started-at="2017-10-31T19:14:50Z" finished-at="2017-10-31T19:15:05Z">
          <reporter-output>
          </reporter-output>
        </test-method> <!-- testHomePage -->
        <test-method status="PASS" signature="teardown()[pri:0, instance:testcases.DD.Verify_GIS1@87aed60]" name="teardown" is-config="true" duration-ms="63" started-at="2017-10-31T19:15:05Z" finished-at="2017-10-31T19:15:05Z">
          <reporter-output>
          </reporter-output>
        </test-method> <!-- teardown -->
      </class> <!-- testcases.DD.Verify_GIS1 -->
      <class name="testcases.DD.Verify_STCAgenda1">
        <test-method status="PASS" signature="SetUp()[pri:0, instance:testcases.DD.Verify_STCAgenda1@5567ed43]" name="SetUp" is-config="true" duration-ms="8040" started-at="2017-10-31T19:21:56Z" finished-at="2017-10-31T19:22:04Z">
          <reporter-output>
          </reporter-output>
        </test-method> <!-- SetUp -->
        <test-method status="PASS" signature="testHomePage()[pri:0, instance:testcases.DD.Verify_STCAgenda1@5567ed43]" name="testHomePage" duration-ms="38026" started-at="2017-10-31T19:22:04Z" finished-at="2017-10-31T19:22:42Z">
          <reporter-output>
          </reporter-output>
        </test-method> <!-- testHomePage -->
        <test-method status="PASS" signature="teardown()[pri:0, instance:testcases.DD.Verify_STCAgenda1@5567ed43]" name="teardown" is-config="true" duration-ms="76" started-at="2017-10-31T19:22:42Z" finished-at="2017-10-31T19:22:42Z">
          <reporter-output>
          </reporter-output>
        </test-method> <!-- teardown -->
      </class> <!-- testcases.DD.Verify_STCAgenda1 -->
      <class name="testcases.DD.Verify_WatershedSurveysandPlanning1">
        <test-method status="PASS" signature="SetUp()[pri:0, instance:testcases.DD.Verify_WatershedSurveysandPlanning1@2bd7631e]" name="SetUp" is-config="true" duration-ms="6353" started-at="2017-10-31T19:10:42Z" finished-at="2017-10-31T19:10:48Z">
          <reporter-output>
          </reporter-output>
        </test-method> <!-- SetUp -->
        <test-method status="PASS" signature="testHomePage()[pri:0, instance:testcases.DD.Verify_WatershedSurveysandPlanning1@2bd7631e]" name="testHomePage" duration-ms="25819" started-at="2017-10-31T19:10:48Z" finished-at="2017-10-31T19:11:14Z">
          <reporter-output>
          </reporter-output>
        </test-method> <!-- testHomePage -->
        <test-method status="PASS" signature="teardown()[pri:0, instance:testcases.DD.Verify_WatershedSurveysandPlanning1@2bd7631e]" name="teardown" is-config="true" duration-ms="86" started-at="2017-10-31T19:11:14Z" finished-at="2017-10-31T19:11:14Z">
          <reporter-output>
          </reporter-output>
        </test-method> <!-- teardown -->
      </class> <!-- testcases.DD.Verify_WatershedSurveysandPlanning1 -->
      <class name="testcases.DD.Verify_TechnicalServiceProviders1">
        <test-method status="PASS" signature="SetUp()[pri:0, instance:testcases.DD.Verify_TechnicalServiceProviders1@f7814023]" name="SetUp" is-config="true" duration-ms="6222" started-at="2017-10-31T19:26:04Z" finished-at="2017-10-31T19:26:10Z">
          <reporter-output>
          </reporter-output>
        </test-method> <!-- SetUp -->
        <test-method status="PASS" signature="testHomePage()[pri:0, instance:testcases.DD.Verify_TechnicalServiceProviders1@f7814023]" name="testHomePage" duration-ms="37589" started-at="2017-10-31T19:26:10Z" finished-at="2017-10-31T19:26:48Z">
          <reporter-output>
          </reporter-output>
        </test-method> <!-- testHomePage -->
        <test-method status="PASS" signature="teardown()[pri:0, instance:testcases.DD.Verify_TechnicalServiceProviders1@f7814023]" name="teardown" is-config="true" duration-ms="67" started-at="2017-10-31T19:26:48Z" finished-at="2017-10-31T19:26:48Z">
          <reporter-output>
          </reporter-output>
        </test-method> <!-- teardown -->
      </class> <!-- testcases.DD.Verify_TechnicalServiceProviders1 -->
      <class name="testcases.DD.Verify_WatershedRehabilitation1">
        <test-method status="PASS" signature="SetUp()[pri:0, instance:testcases.DD.Verify_WatershedRehabilitation1@8957bdb1]" name="SetUp" is-config="true" duration-ms="6676" started-at="2017-10-31T19:30:21Z" finished-at="2017-10-31T19:30:28Z">
          <reporter-output>
          </reporter-output>
        </test-method> <!-- SetUp -->
        <test-method status="PASS" signature="testHomePage()[pri:0, instance:testcases.DD.Verify_WatershedRehabilitation1@8957bdb1]" name="testHomePage" duration-ms="25312" started-at="2017-10-31T19:30:28Z" finished-at="2017-10-31T19:30:53Z">
          <reporter-output>
          </reporter-output>
        </test-method> <!-- testHomePage -->
        <test-method status="PASS" signature="teardown()[pri:0, instance:testcases.DD.Verify_WatershedRehabilitation1@8957bdb1]" name="teardown" is-config="true" duration-ms="87" started-at="2017-10-31T19:30:53Z" finished-at="2017-10-31T19:30:53Z">
          <reporter-output>
          </reporter-output>
        </test-method> <!-- teardown -->
      </class> <!-- testcases.DD.Verify_WatershedRehabilitation1 -->
      <class name="testcases.DD.Verify_Programs1">
        <test-method status="PASS" signature="SetUp()[pri:0, instance:testcases.DD.Verify_Programs1@d56f8ca5]" name="SetUp" is-config="true" duration-ms="22449" started-at="2017-10-31T19:13:50Z" finished-at="2017-10-31T19:14:12Z">
          <reporter-output>
          </reporter-output>
        </test-method> <!-- SetUp -->
        <test-method status="FAIL" signature="testHomePage()[pri:0, instance:testcases.DD.Verify_Programs1@d56f8ca5]" name="testHomePage" duration-ms="27742" started-at="2017-10-31T19:14:12Z" finished-at="2017-10-31T19:14:40Z">
          <exception class="org.openqa.selenium.WebDriverException">
            <message>
              <![CDATA[unknown error: Element <div class="hitarea expandable-hitarea"></div> is not clickable at point (283, 427). Other element would receive the click: <li style="list-style-type:none;" class="collapsable">...</li>
  (Session info: chrome=62.0.3202.75)
  (Driver info: chromedriver=2.33.506120 (e3e53437346286c0bc2d2dc9aa4915ba81d9023f),platform=Windows NT 10.0.15063 x86_64) (WARNING: The server did not provide any stacktrace information)
Command duration or timeout: 70 milliseconds
Build info: version: '2.53.1', revision: 'a36b8b1cd5757287168e54b817830adce9b0158d', time: '2016-06-30 19:26:09'
System info: host: 'TSPREA01LAPA35', ip: '199.130.135.238', os.name: 'Windows 10', os.arch: 'amd64', os.version: '10.0', java.version: '1.8.0'
Driver info: org.openqa.selenium.chrome.ChromeDriver
Capabilities [{applicationCacheEnabled=false, rotatable=false, mobileEmulationEnabled=false, networkConnectionEnabled=false, chrome={chromedriverVersion=2.33.506120 (e3e53437346286c0bc2d2dc9aa4915ba81d9023f), userDataDir=C:\Users\SIVAPR~1\AppData\Local\Temp\scoped_dir19904_7551}, takesHeapSnapshot=true, pageLoadStrategy=normal, databaseEnabled=false, handlesAlerts=true, hasTouchScreen=false, version=62.0.3202.75, platform=XP, browserConnectionEnabled=false, nativeEvents=true, acceptSslCerts=true, locationContextEnabled=true, webStorageEnabled=true, browserName=chrome, takesScreenshot=true, javascriptEnabled=true, cssSelectorsEnabled=true, setWindowRect=true, unexpectedAlertBehaviour=}]
Session ID: 64aa0e9f18a6e6acab1c6c679d881a1c]]>
            </message>
            <full-stacktrace>
              <![CDATA[org.openqa.selenium.WebDriverException: unknown error: Element <div class="hitarea expandable-hitarea"></div> is not clickable at point (283, 427). Other element would receive the click: <li style="list-style-type:none;" class="collapsable">...</li>
  (Session info: chrome=62.0.3202.75)
  (Driver info: chromedriver=2.33.506120 (e3e53437346286c0bc2d2dc9aa4915ba81d9023f),platform=Windows NT 10.0.15063 x86_64) (WARNING: The server did not provide any stacktrace information)
Command duration or timeout: 70 milliseconds
Build info: version: '2.53.1', revision: 'a36b8b1cd5757287168e54b817830adce9b0158d', time: '2016-06-30 19:26:09'
System info: host: 'TSPREA01LAPA35', ip: '199.130.135.238', os.name: 'Windows 10', os.arch: 'amd64', os.version: '10.0', java.version: '1.8.0'
Driver info: org.openqa.selenium.chrome.ChromeDriver
Capabilities [{applicationCacheEnabled=false, rotatable=false, mobileEmulationEnabled=false, networkConnectionEnabled=false, chrome={chromedriverVersion=2.33.506120 (e3e53437346286c0bc2d2dc9aa4915ba81d9023f), userDataDir=C:\Users\SIVAPR~1\AppData\Local\Temp\scoped_dir19904_7551}, takesHeapSnapshot=true, pageLoadStrategy=normal, databaseEnabled=false, handlesAlerts=true, hasTouchScreen=false, version=62.0.3202.75, platform=XP, browserConnectionEnabled=false, nativeEvents=true, acceptSslCerts=true, locationContextEnabled=true, webStorageEnabled=true, browserName=chrome, takesScreenshot=true, javascriptEnabled=true, cssSelectorsEnabled=true, setWindowRect=true, unexpectedAlertBehaviour=}]
Session ID: 64aa0e9f18a6e6acab1c6c679d881a1c
	at sun.reflect.NativeConstructorAccessorImpl.newInstance0(Native Method)
	at sun.reflect.NativeConstructorAccessorImpl.newInstance(NativeConstructorAccessorImpl.java:88)
	at sun.reflect.DelegatingConstructorAccessorImpl.newInstance(DelegatingConstructorAccessorImpl.java:57)
	at java.lang.reflect.Constructor.newInstance(Constructor.java:437)
	at org.openqa.selenium.remote.ErrorHandler.createThrowable(ErrorHandler.java:206)
	at org.openqa.selenium.remote.ErrorHandler.throwIfResponseFailed(ErrorHandler.java:158)
	at org.openqa.selenium.remote.RemoteWebDriver.execute(RemoteWebDriver.java:678)
	at org.openqa.selenium.remote.RemoteWebElement.execute(RemoteWebElement.java:327)
	at org.openqa.selenium.remote.RemoteWebElement.click(RemoteWebElement.java:85)
	at sun.reflect.NativeMethodAccessorImpl.invoke0(Native Method)
	at sun.reflect.NativeMethodAccessorImpl.invoke(NativeMethodAccessorImpl.java:95)
	at sun.reflect.DelegatingMethodAccessorImpl.invoke(DelegatingMethodAccessorImpl.java:55)
	at java.lang.reflect.Method.invoke(Method.java:508)
	at org.openqa.selenium.support.pagefactory.internal.LocatingElementHandler.invoke(LocatingElementHandler.java:51)
	at com.sun.proxy.$Proxy7.click(Unknown Source)
	at pages1.DD.Programs1.validateProd(Programs1.java:280)
	at testcases.DD.Verify_Programs1.testHomePage(Verify_Programs1.java:43)
	at sun.reflect.NativeMethodAccessorImpl.invoke0(Native Method)
	at sun.reflect.NativeMethodAccessorImpl.invoke(NativeMethodAccessorImpl.java:95)
	at sun.reflect.DelegatingMethodAccessorImpl.invoke(DelegatingMethodAccessorImpl.java:55)
	at java.lang.reflect.Method.invoke(Method.java:508)
	at org.testng.internal.MethodInvocationHelper.invokeMethod(MethodInvocationHelper.java:80)
	at org.testng.internal.Invoker.invokeMethod(Invoker.java:714)
	at org.testng.internal.Invoker.invokeTestMethod(Invoker.java:901)
	at org.testng.internal.Invoker.invokeTestMethods(Invoker.java:1231)
	at org.testng.internal.TestMethodWorker.invokeTestMethods(TestMethodWorker.java:127)
	at org.testng.internal.TestMethodWorker.run(TestMethodWorker.java:111)
	at org.testng.TestRunner.privateRun(TestRunner.java:767)
	at org.testng.TestRunner.run(TestRunner.java:617)
	at org.testng.SuiteRunner.runTest(SuiteRunner.java:334)
	at org.testng.SuiteRunner.runSequentially(SuiteRunner.java:329)
	at org.testng.SuiteRunner.privateRun(SuiteRunner.java:291)
	at org.testng.SuiteRunner.run(SuiteRunner.java:240)
	at org.testng.SuiteRunnerWorker.runSuite(SuiteRunnerWorker.java:52)
	at org.testng.SuiteRunnerWorker.run(SuiteRunnerWorker.java:86)
	at org.testng.TestNG.runSuitesSequentially(TestNG.java:1198)
	at org.testng.TestNG.runSuitesLocally(TestNG.java:1123)
	at org.testng.TestNG.run(TestNG.java:1031)
	at org.testng.remote.AbstractRemoteTestNG.run(AbstractRemoteTestNG.java:132)
	at org.testng.remote.RemoteTestNG.initAndRun(RemoteTestNG.java:230)
	at org.testng.remote.RemoteTestNG.main(RemoteTestNG.java:76)
]]>
            </full-stacktrace>
          </exception> <!-- org.openqa.selenium.WebDriverException -->
          <reporter-output>
          </reporter-output>
        </test-method> <!-- testHomePage -->
        <test-method status="PASS" signature="teardown()[pri:0, instance:testcases.DD.Verify_Programs1@d56f8ca5]" name="teardown" is-config="true" duration-ms="2096" started-at="2017-10-31T19:14:40Z" finished-at="2017-10-31T19:14:42Z">
          <reporter-output>
          </reporter-output>
        </test-method> <!-- teardown -->
      </class> <!-- testcases.DD.Verify_Programs1 -->
      <class name="testcases.DD.Verify_ConservationInnovationGrants1">
        <test-method status="PASS" signature="SetUp()[pri:0, instance:testcases.DD.Verify_ConservationInnovationGrants1@399a567c]" name="SetUp" is-config="true" duration-ms="5974" started-at="2017-10-31T19:23:31Z" finished-at="2017-10-31T19:23:37Z">
          <reporter-output>
          </reporter-output>
        </test-method> <!-- SetUp -->
        <test-method status="PASS" signature="testHomePage()[pri:0, instance:testcases.DD.Verify_ConservationInnovationGrants1@399a567c]" name="testHomePage" duration-ms="21176" started-at="2017-10-31T19:23:37Z" finished-at="2017-10-31T19:23:59Z">
          <reporter-output>
          </reporter-output>
        </test-method> <!-- testHomePage -->
        <test-method status="PASS" signature="teardown()[pri:0, instance:testcases.DD.Verify_ConservationInnovationGrants1@399a567c]" name="teardown" is-config="true" duration-ms="85" started-at="2017-10-31T19:23:59Z" finished-at="2017-10-31T19:23:59Z">
          <reporter-output>
          </reporter-output>
        </test-method> <!-- teardown -->
      </class> <!-- testcases.DD.Verify_ConservationInnovationGrants1 -->
      <class name="testcases.DD.Verify_FarmBill1">
        <test-method status="PASS" signature="SetUp()[pri:0, instance:testcases.DD.Verify_FarmBill1@cd379b57]" name="SetUp" is-config="true" duration-ms="6002" started-at="2017-10-31T19:07:24Z" finished-at="2017-10-31T19:07:30Z">
          <reporter-output>
          </reporter-output>
        </test-method> <!-- SetUp -->
        <test-method status="PASS" signature="testHomePage()[pri:0, instance:testcases.DD.Verify_FarmBill1@cd379b57]" name="testHomePage" duration-ms="40665" started-at="2017-10-31T19:07:30Z" finished-at="2017-10-31T19:08:11Z">
          <reporter-output>
          </reporter-output>
        </test-method> <!-- testHomePage -->
        <test-method status="PASS" signature="teardown()[pri:0, instance:testcases.DD.Verify_FarmBill1@cd379b57]" name="teardown" is-config="true" duration-ms="91" started-at="2017-10-31T19:08:11Z" finished-at="2017-10-31T19:08:11Z">
          <reporter-output>
          </reporter-output>
        </test-method> <!-- teardown -->
      </class> <!-- testcases.DD.Verify_FarmBill1 -->
      <class name="testcases.DD.Verify_People1">
        <test-method status="PASS" signature="SetUp()[pri:0, instance:testcases.DD.Verify_People1@d28fcb4e]" name="SetUp" is-config="true" duration-ms="5785" started-at="2017-10-31T19:20:15Z" finished-at="2017-10-31T19:20:21Z">
          <reporter-output>
          </reporter-output>
        </test-method> <!-- SetUp -->
        <test-method status="PASS" signature="testHomePage()[pri:0, instance:testcases.DD.Verify_People1@d28fcb4e]" name="testHomePage" duration-ms="26340" started-at="2017-10-31T19:20:21Z" finished-at="2017-10-31T19:20:47Z">
          <reporter-output>
          </reporter-output>
        </test-method> <!-- testHomePage -->
        <test-method status="PASS" signature="teardown()[pri:0, instance:testcases.DD.Verify_People1@d28fcb4e]" name="teardown" is-config="true" duration-ms="77" started-at="2017-10-31T19:20:47Z" finished-at="2017-10-31T19:20:48Z">
          <reporter-output>
          </reporter-output>
        </test-method> <!-- teardown -->
      </class> <!-- testcases.DD.Verify_People1 -->
      <class name="testcases.DD.Verify_WaterSheds1">
        <test-method status="PASS" signature="SetUp()[pri:0, instance:testcases.DD.Verify_WaterSheds1@d38d87e6]" name="SetUp" is-config="true" duration-ms="9856" started-at="2017-10-31T17:03:07Z" finished-at="2017-10-31T17:03:17Z">
          <reporter-output>
          </reporter-output>
        </test-method> <!-- SetUp -->
        <test-method status="PASS" signature="testHomePage()[pri:0, instance:testcases.DD.Verify_WaterSheds1@d38d87e6]" name="testHomePage" duration-ms="25411" started-at="2017-10-31T17:03:17Z" finished-at="2017-10-31T17:03:42Z">
          <reporter-output>
          </reporter-output>
        </test-method> <!-- testHomePage -->
        <test-method status="PASS" signature="teardown()[pri:0, instance:testcases.DD.Verify_WaterSheds1@d38d87e6]" name="teardown" is-config="true" duration-ms="66" started-at="2017-10-31T17:03:42Z" finished-at="2017-10-31T17:03:42Z">
          <reporter-output>
          </reporter-output>
        </test-method> <!-- teardown -->
      </class> <!-- testcases.DD.Verify_WaterSheds1 -->
      <class name="testcases.DD.Verify_EnvironmentalQualityIncentivesProgram1">
        <test-method status="PASS" signature="SetUp()[pri:0, instance:testcases.DD.Verify_EnvironmentalQualityIncentivesProgram1@b05b7bb0]" name="SetUp" is-config="true" duration-ms="5981" started-at="2017-10-31T19:23:59Z" finished-at="2017-10-31T19:24:05Z">
          <reporter-output>
          </reporter-output>
        </test-method> <!-- SetUp -->
        <test-method status="PASS" signature="testHomePage()[pri:0, instance:testcases.DD.Verify_EnvironmentalQualityIncentivesProgram1@b05b7bb0]" name="testHomePage" duration-ms="32866" started-at="2017-10-31T19:24:05Z" finished-at="2017-10-31T19:24:38Z">
          <reporter-output>
          </reporter-output>
        </test-method> <!-- testHomePage -->
        <test-method status="PASS" signature="teardown()[pri:0, instance:testcases.DD.Verify_EnvironmentalQualityIncentivesProgram1@b05b7bb0]" name="teardown" is-config="true" duration-ms="73" started-at="2017-10-31T19:24:38Z" finished-at="2017-10-31T19:24:38Z">
          <reporter-output>
          </reporter-output>
        </test-method> <!-- teardown -->
      </class> <!-- testcases.DD.Verify_EnvironmentalQualityIncentivesProgram1 -->
      <class name="testcases.DD.Verify_Water1">
        <test-method status="PASS" signature="SetUp()[pri:0, instance:testcases.DD.Verify_Water1@f50aebb8]" name="SetUp" is-config="true" duration-ms="8131" started-at="2017-10-31T17:09:07Z" finished-at="2017-10-31T17:09:15Z">
          <reporter-output>
          </reporter-output>
        </test-method> <!-- SetUp -->
        <test-method status="PASS" signature="testHomePage()[pri:0, instance:testcases.DD.Verify_Water1@f50aebb8]" name="testHomePage" duration-ms="220777" started-at="2017-10-31T17:09:15Z" finished-at="2017-10-31T17:12:56Z">
          <reporter-output>
          </reporter-output>
        </test-method> <!-- testHomePage -->
        <test-method status="PASS" signature="teardown()[pri:0, instance:testcases.DD.Verify_Water1@f50aebb8]" name="teardown" is-config="true" duration-ms="93" started-at="2017-10-31T17:12:56Z" finished-at="2017-10-31T17:12:56Z">
          <reporter-output>
          </reporter-output>
        </test-method> <!-- teardown -->
      </class> <!-- testcases.DD.Verify_Water1 -->
      <class name="testcases.DD.Verify_Agronomy1">
        <test-method status="PASS" signature="SetUp()[pri:0, instance:testcases.DD.Verify_Agronomy1@d5fa221c]" name="SetUp" is-config="true" duration-ms="6122" started-at="2017-10-31T17:14:58Z" finished-at="2017-10-31T17:15:04Z">
          <reporter-output>
          </reporter-output>
        </test-method> <!-- SetUp -->
        <test-method status="PASS" signature="testHomePage()[pri:0, instance:testcases.DD.Verify_Agronomy1@d5fa221c]" name="testHomePage" duration-ms="23870" started-at="2017-10-31T17:15:04Z" finished-at="2017-10-31T17:15:28Z">
          <reporter-output>
          </reporter-output>
        </test-method> <!-- testHomePage -->
        <test-method status="PASS" signature="teardown()[pri:0, instance:testcases.DD.Verify_Agronomy1@d5fa221c]" name="teardown" is-config="true" duration-ms="78" started-at="2017-10-31T17:15:28Z" finished-at="2017-10-31T17:15:28Z">
          <reporter-output>
          </reporter-output>
        </test-method> <!-- teardown -->
      </class> <!-- testcases.DD.Verify_Agronomy1 -->
      <class name="testcases.DD.Verify_SpecialEmphasisPrograms1">
        <test-method status="PASS" signature="SetUp()[pri:0, instance:testcases.DD.Verify_SpecialEmphasisPrograms1@ee079c5c]" name="SetUp" is-config="true" duration-ms="7469" started-at="2017-10-31T17:07:17Z" finished-at="2017-10-31T17:07:25Z">
          <reporter-output>
          </reporter-output>
        </test-method> <!-- SetUp -->
        <test-method status="PASS" signature="testHomePage()[pri:0, instance:testcases.DD.Verify_SpecialEmphasisPrograms1@ee079c5c]" name="testHomePage" duration-ms="31156" started-at="2017-10-31T17:07:25Z" finished-at="2017-10-31T17:07:56Z">
          <reporter-output>
          </reporter-output>
        </test-method> <!-- testHomePage -->
        <test-method status="PASS" signature="teardown()[pri:0, instance:testcases.DD.Verify_SpecialEmphasisPrograms1@ee079c5c]" name="teardown" is-config="true" duration-ms="93" started-at="2017-10-31T17:07:56Z" finished-at="2017-10-31T17:07:56Z">
          <reporter-output>
          </reporter-output>
        </test-method> <!-- teardown -->
      </class> <!-- testcases.DD.Verify_SpecialEmphasisPrograms1 -->
      <class name="testcases.DD.Verify_PestManagement1">
        <test-method status="PASS" signature="SetUp()[pri:0, instance:testcases.DD.Verify_PestManagement1@1a6d4ef9]" name="SetUp" is-config="true" duration-ms="6699" started-at="2017-10-31T19:16:04Z" finished-at="2017-10-31T19:16:10Z">
          <reporter-output>
          </reporter-output>
        </test-method> <!-- SetUp -->
        <test-method status="PASS" signature="testHomePage()[pri:0, instance:testcases.DD.Verify_PestManagement1@1a6d4ef9]" name="testHomePage" duration-ms="20455" started-at="2017-10-31T19:16:10Z" finished-at="2017-10-31T19:16:31Z">
          <reporter-output>
          </reporter-output>
        </test-method> <!-- testHomePage -->
        <test-method status="PASS" signature="teardown()[pri:0, instance:testcases.DD.Verify_PestManagement1@1a6d4ef9]" name="teardown" is-config="true" duration-ms="69" started-at="2017-10-31T19:16:31Z" finished-at="2017-10-31T19:16:31Z">
          <reporter-output>
          </reporter-output>
        </test-method> <!-- teardown -->
      </class> <!-- testcases.DD.Verify_PestManagement1 -->
      <class name="testcases.DD.Verify_Cropland1">
        <test-method status="PASS" signature="SetUp()[pri:0, instance:testcases.DD.Verify_Cropland1@3d996d2a]" name="SetUp" is-config="true" duration-ms="6851" started-at="2017-10-31T19:09:20Z" finished-at="2017-10-31T19:09:27Z">
          <reporter-output>
          </reporter-output>
        </test-method> <!-- SetUp -->
        <test-method status="PASS" signature="testHomePage()[pri:0, instance:testcases.DD.Verify_Cropland1@3d996d2a]" name="testHomePage" duration-ms="27553" started-at="2017-10-31T19:09:27Z" finished-at="2017-10-31T19:09:54Z">
          <reporter-output>
          </reporter-output>
        </test-method> <!-- testHomePage -->
        <test-method status="PASS" signature="teardown()[pri:0, instance:testcases.DD.Verify_Cropland1@3d996d2a]" name="teardown" is-config="true" duration-ms="92" started-at="2017-10-31T19:09:54Z" finished-at="2017-10-31T19:09:54Z">
          <reporter-output>
          </reporter-output>
        </test-method> <!-- teardown -->
      </class> <!-- testcases.DD.Verify_Cropland1 -->
      <class name="testcases.DD.Verify_SoilHealth1">
        <test-method status="PASS" signature="SetUp()[pri:0, instance:testcases.DD.Verify_SoilHealth1@d11dc334]" name="SetUp" is-config="true" duration-ms="7271" started-at="2017-10-31T17:28:53Z" finished-at="2017-10-31T17:29:01Z">
          <reporter-output>
          </reporter-output>
        </test-method> <!-- SetUp -->
        <test-method status="PASS" signature="testHomePage()[pri:0, instance:testcases.DD.Verify_SoilHealth1@d11dc334]" name="testHomePage" duration-ms="32210" started-at="2017-10-31T17:29:01Z" finished-at="2017-10-31T17:29:33Z">
          <reporter-output>
          </reporter-output>
        </test-method> <!-- testHomePage -->
        <test-method status="PASS" signature="teardown()[pri:0, instance:testcases.DD.Verify_SoilHealth1@d11dc334]" name="teardown" is-config="true" duration-ms="58" started-at="2017-10-31T17:29:33Z" finished-at="2017-10-31T17:29:33Z">
          <reporter-output>
          </reporter-output>
        </test-method> <!-- teardown -->
      </class> <!-- testcases.DD.Verify_SoilHealth1 -->
      <class name="testcases.DD.Verify_SoilSurveys1">
        <test-method status="PASS" signature="SetUp()[pri:0, instance:testcases.DD.Verify_SoilSurveys1@61b8b112]" name="SetUp" is-config="true" duration-ms="7630" started-at="2017-10-31T19:29:51Z" finished-at="2017-10-31T19:29:59Z">
          <reporter-output>
          </reporter-output>
        </test-method> <!-- SetUp -->
        <test-method status="PASS" signature="testHomePage()[pri:0, instance:testcases.DD.Verify_SoilSurveys1@61b8b112]" name="testHomePage" duration-ms="22180" started-at="2017-10-31T19:29:59Z" finished-at="2017-10-31T19:30:21Z">
          <reporter-output>
          </reporter-output>
        </test-method> <!-- testHomePage -->
        <test-method status="PASS" signature="teardown()[pri:0, instance:testcases.DD.Verify_SoilSurveys1@61b8b112]" name="teardown" is-config="true" duration-ms="75" started-at="2017-10-31T19:30:21Z" finished-at="2017-10-31T19:30:21Z">
          <reporter-output>
          </reporter-output>
        </test-method> <!-- teardown -->
      </class> <!-- testcases.DD.Verify_SoilSurveys1 -->
      <class name="testcases.DD.Verify_WaterSupply1">
        <test-method status="PASS" signature="SetUp()[pri:0, instance:testcases.DD.Verify_WaterSupply1@275801e3]" name="SetUp" is-config="true" duration-ms="5841" started-at="2017-10-31T17:23:29Z" finished-at="2017-10-31T17:23:35Z">
          <reporter-output>
          </reporter-output>
        </test-method> <!-- SetUp -->
        <test-method status="PASS" signature="testHomePage()[pri:0, instance:testcases.DD.Verify_WaterSupply1@275801e3]" name="testHomePage" duration-ms="32513" started-at="2017-10-31T17:23:35Z" finished-at="2017-10-31T17:24:08Z">
          <reporter-output>
          </reporter-output>
        </test-method> <!-- testHomePage -->
        <test-method status="PASS" signature="teardown()[pri:0, instance:testcases.DD.Verify_WaterSupply1@275801e3]" name="teardown" is-config="true" duration-ms="101" started-at="2017-10-31T17:24:08Z" finished-at="2017-10-31T17:24:08Z">
          <reporter-output>
          </reporter-output>
        </test-method> <!-- teardown -->
      </class> <!-- testcases.DD.Verify_WaterSupply1 -->
      <class name="testcases.DD.Verify_Soils1">
        <test-method status="PASS" signature="SetUp()[pri:0, instance:testcases.DD.Verify_Soils1@778bdb2b]" name="SetUp" is-config="true" duration-ms="6671" started-at="2017-10-31T17:24:08Z" finished-at="2017-10-31T17:24:15Z">
          <reporter-output>
          </reporter-output>
        </test-method> <!-- SetUp -->
        <test-method status="PASS" signature="testHomePage()[pri:0, instance:testcases.DD.Verify_Soils1@778bdb2b]" name="testHomePage" duration-ms="18932" started-at="2017-10-31T17:24:15Z" finished-at="2017-10-31T17:24:34Z">
          <reporter-output>
          </reporter-output>
        </test-method> <!-- testHomePage -->
        <test-method status="PASS" signature="teardown()[pri:0, instance:testcases.DD.Verify_Soils1@778bdb2b]" name="teardown" is-config="true" duration-ms="64" started-at="2017-10-31T17:24:34Z" finished-at="2017-10-31T17:24:34Z">
          <reporter-output>
          </reporter-output>
        </test-method> <!-- teardown -->
      </class> <!-- testcases.DD.Verify_Soils1 -->
      <class name="testcases.DD.Verify_PlantsAnimals1">
        <test-method status="PASS" signature="SetUp()[pri:0, instance:testcases.DD.Verify_PlantsAnimals1@bc4ed2f5]" name="SetUp" is-config="true" duration-ms="6121" started-at="2017-10-31T17:08:35Z" finished-at="2017-10-31T17:08:41Z">
          <reporter-output>
          </reporter-output>
        </test-method> <!-- SetUp -->
        <test-method status="PASS" signature="testHomePage()[pri:0, instance:testcases.DD.Verify_PlantsAnimals1@bc4ed2f5]" name="testHomePage" duration-ms="26156" started-at="2017-10-31T17:08:41Z" finished-at="2017-10-31T17:09:07Z">
          <reporter-output>
          </reporter-output>
        </test-method> <!-- testHomePage -->
        <test-method status="PASS" signature="teardown()[pri:0, instance:testcases.DD.Verify_PlantsAnimals1@bc4ed2f5]" name="teardown" is-config="true" duration-ms="79" started-at="2017-10-31T17:09:07Z" finished-at="2017-10-31T17:09:07Z">
          <reporter-output>
          </reporter-output>
        </test-method> <!-- teardown -->
      </class> <!-- testcases.DD.Verify_PlantsAnimals1 -->
      <class name="testcases.DD.Verify_SiteMetadataInformation1">
        <test-method status="PASS" signature="SetUp()[pri:0, instance:testcases.DD.Verify_SiteMetadataInformation1@e04bcde9]" name="SetUp" is-config="true" duration-ms="6897" started-at="2017-10-31T19:21:22Z" finished-at="2017-10-31T19:21:28Z">
          <reporter-output>
          </reporter-output>
        </test-method> <!-- SetUp -->
        <test-method status="PASS" signature="testHomePage()[pri:0, instance:testcases.DD.Verify_SiteMetadataInformation1@e04bcde9]" name="testHomePage" duration-ms="27040" started-at="2017-10-31T19:21:28Z" finished-at="2017-10-31T19:21:55Z">
          <reporter-output>
          </reporter-output>
        </test-method> <!-- testHomePage -->
        <test-method status="PASS" signature="teardown()[pri:0, instance:testcases.DD.Verify_SiteMetadataInformation1@e04bcde9]" name="teardown" is-config="true" duration-ms="92" started-at="2017-10-31T19:21:55Z" finished-at="2017-10-31T19:21:56Z">
          <reporter-output>
          </reporter-output>
        </test-method> <!-- teardown -->
      </class> <!-- testcases.DD.Verify_SiteMetadataInformation1 -->
      <class name="testcases.DD.Verify_WatershedOperations1">
        <test-method status="PASS" signature="SetUp()[pri:0, instance:testcases.DD.Verify_WatershedOperations1@ab624970]" name="SetUp" is-config="true" duration-ms="6403" started-at="2017-10-31T19:34:13Z" finished-at="2017-10-31T19:34:20Z">
          <reporter-output>
          </reporter-output>
        </test-method> <!-- SetUp -->
        <test-method status="PASS" signature="testHomePage()[pri:0, instance:testcases.DD.Verify_WatershedOperations1@ab624970]" name="testHomePage" duration-ms="26380" started-at="2017-10-31T19:34:20Z" finished-at="2017-10-31T19:34:46Z">
          <reporter-output>
          </reporter-output>
        </test-method> <!-- testHomePage -->
        <test-method status="PASS" signature="teardown()[pri:0, instance:testcases.DD.Verify_WatershedOperations1@ab624970]" name="teardown" is-config="true" duration-ms="68" started-at="2017-10-31T19:34:46Z" finished-at="2017-10-31T19:34:46Z">
          <reporter-output>
          </reporter-output>
        </test-method> <!-- teardown -->
      </class> <!-- testcases.DD.Verify_WatershedOperations1 -->
      <class name="testcases.DD.Verify_SurfaceWaterSupplyIndex1">
        <test-method status="PASS" signature="SetUp()[pri:0, instance:testcases.DD.Verify_SurfaceWaterSupplyIndex1@61231d49]" name="SetUp" is-config="true" duration-ms="7971" started-at="2017-10-31T19:15:05Z" finished-at="2017-10-31T19:15:13Z">
          <reporter-output>
          </reporter-output>
        </test-method> <!-- SetUp -->
        <test-method status="PASS" signature="testHomePage()[pri:0, instance:testcases.DD.Verify_SurfaceWaterSupplyIndex1@61231d49]" name="testHomePage" duration-ms="7268" started-at="2017-10-31T19:15:13Z" finished-at="2017-10-31T19:15:20Z">
          <reporter-output>
          </reporter-output>
        </test-method> <!-- testHomePage -->
        <test-method status="PASS" signature="teardown()[pri:0, instance:testcases.DD.Verify_SurfaceWaterSupplyIndex1@61231d49]" name="teardown" is-config="true" duration-ms="94" started-at="2017-10-31T19:15:20Z" finished-at="2017-10-31T19:15:20Z">
          <reporter-output>
          </reporter-output>
        </test-method> <!-- teardown -->
      </class> <!-- testcases.DD.Verify_SurfaceWaterSupplyIndex1 -->
      <class name="testcases.DD.Verify_Features1">
        <test-method status="PASS" signature="SetUp()[pri:0, instance:testcases.DD.Verify_Features1@80a7e22c]" name="SetUp" is-config="true" duration-ms="13291" started-at="2017-10-31T19:05:40Z" finished-at="2017-10-31T19:05:53Z">
          <reporter-output>
          </reporter-output>
        </test-method> <!-- SetUp -->
        <test-method status="PASS" signature="testHomePage()[pri:0, instance:testcases.DD.Verify_Features1@80a7e22c]" name="testHomePage" duration-ms="91130" started-at="2017-10-31T19:05:53Z" finished-at="2017-10-31T19:07:24Z">
          <reporter-output>
          </reporter-output>
        </test-method> <!-- testHomePage -->
        <test-method status="PASS" signature="teardown()[pri:0, instance:testcases.DD.Verify_Features1@80a7e22c]" name="teardown" is-config="true" duration-ms="79" started-at="2017-10-31T19:07:24Z" finished-at="2017-10-31T19:07:24Z">
          <reporter-output>
          </reporter-output>
        </test-method> <!-- teardown -->
      </class> <!-- testcases.DD.Verify_Features1 -->
      <class name="testcases.DD.Verify_PublicationsFactSheets1">
        <test-method status="PASS" signature="SetUp()[pri:0, instance:testcases.DD.Verify_PublicationsFactSheets1@a240b52]" name="SetUp" is-config="true" duration-ms="6772" started-at="2017-10-31T19:17:14Z" finished-at="2017-10-31T19:17:21Z">
          <reporter-output>
          </reporter-output>
        </test-method> <!-- SetUp -->
        <test-method status="PASS" signature="testHomePage()[pri:0, instance:testcases.DD.Verify_PublicationsFactSheets1@a240b52]" name="testHomePage" duration-ms="29983" started-at="2017-10-31T19:17:21Z" finished-at="2017-10-31T19:17:51Z">
          <reporter-output>
          </reporter-output>
        </test-method> <!-- testHomePage -->
        <test-method status="PASS" signature="teardown()[pri:0, instance:testcases.DD.Verify_PublicationsFactSheets1@a240b52]" name="teardown" is-config="true" duration-ms="85" started-at="2017-10-31T19:17:51Z" finished-at="2017-10-31T19:17:51Z">
          <reporter-output>
          </reporter-output>
        </test-method> <!-- teardown -->
      </class> <!-- testcases.DD.Verify_PublicationsFactSheets1 -->
      <class name="testcases.DD.Verify_BasinOutlookReports1">
        <test-method status="PASS" signature="SetUp()[pri:0, instance:testcases.DD.Verify_BasinOutlookReports1@95fc04d6]" name="SetUp" is-config="true" duration-ms="7541" started-at="2017-10-31T17:31:20Z" finished-at="2017-10-31T17:31:28Z">
          <reporter-output>
          </reporter-output>
        </test-method> <!-- SetUp -->
        <test-method status="PASS" signature="testHomePage()[pri:0, instance:testcases.DD.Verify_BasinOutlookReports1@95fc04d6]" name="testHomePage" duration-ms="75946" started-at="2017-10-31T17:31:28Z" finished-at="2017-10-31T17:32:44Z">
          <reporter-output>
          </reporter-output>
        </test-method> <!-- testHomePage -->
        <test-method status="PASS" signature="teardown()[pri:0, instance:testcases.DD.Verify_BasinOutlookReports1@95fc04d6]" name="teardown" is-config="true" duration-ms="67" started-at="2017-10-31T17:32:44Z" finished-at="2017-10-31T17:32:44Z">
          <reporter-output>
          </reporter-output>
        </test-method> <!-- teardown -->
      </class> <!-- testcases.DD.Verify_BasinOutlookReports1 -->
      <class name="testcases.DD.Verify_STCMinutes1">
        <test-method status="PASS" signature="SetUp()[pri:0, instance:testcases.DD.Verify_STCMinutes1@2d88fda9]" name="SetUp" is-config="true" duration-ms="8280" started-at="2017-10-31T17:07:56Z" finished-at="2017-10-31T17:08:04Z">
          <reporter-output>
          </reporter-output>
        </test-method> <!-- SetUp -->
        <test-method status="PASS" signature="testHomePage()[pri:0, instance:testcases.DD.Verify_STCMinutes1@2d88fda9]" name="testHomePage" duration-ms="30490" started-at="2017-10-31T17:08:04Z" finished-at="2017-10-31T17:08:35Z">
          <reporter-output>
          </reporter-output>
        </test-method> <!-- testHomePage -->
        <test-method status="PASS" signature="teardown()[pri:0, instance:testcases.DD.Verify_STCMinutes1@2d88fda9]" name="teardown" is-config="true" duration-ms="91" started-at="2017-10-31T17:08:35Z" finished-at="2017-10-31T17:08:35Z">
          <reporter-output>
          </reporter-output>
        </test-method> <!-- teardown -->
      </class> <!-- testcases.DD.Verify_STCMinutes1 -->
      <class name="testcases.DD.Verify_LocalServiceCenters1">
        <test-method status="PASS" signature="SetUp()[pri:0, instance:testcases.DD.Verify_LocalServiceCenters1@ddb77dd2]" name="SetUp" is-config="true" duration-ms="5964" started-at="2017-10-31T17:23:14Z" finished-at="2017-10-31T17:23:20Z">
          <reporter-output>
          </reporter-output>
        </test-method> <!-- SetUp -->
        <test-method status="PASS" signature="testHomePage()[pri:0, instance:testcases.DD.Verify_LocalServiceCenters1@ddb77dd2]" name="testHomePage" duration-ms="9424" started-at="2017-10-31T17:23:20Z" finished-at="2017-10-31T17:23:29Z">
          <reporter-output>
          </reporter-output>
        </test-method> <!-- testHomePage -->
        <test-method status="PASS" signature="teardown()[pri:0, instance:testcases.DD.Verify_LocalServiceCenters1@ddb77dd2]" name="teardown" is-config="true" duration-ms="62" started-at="2017-10-31T17:23:29Z" finished-at="2017-10-31T17:23:29Z">
          <reporter-output>
          </reporter-output>
        </test-method> <!-- teardown -->
      </class> <!-- testcases.DD.Verify_LocalServiceCenters1 -->
      <class name="testcases.DD.Verify_WatershedProtectionandFloodPreventionProgram1">
        <test-method status="PASS" signature="SetUp()[pri:0, instance:testcases.DD.Verify_WatershedProtectionandFloodPreventionProgram1@47cd15cc]" name="SetUp" is-config="true" duration-ms="6374" started-at="2017-10-31T19:30:53Z" finished-at="2017-10-31T19:31:00Z">
          <reporter-output>
          </reporter-output>
        </test-method> <!-- SetUp -->
        <test-method status="PASS" signature="testHomePage()[pri:0, instance:testcases.DD.Verify_WatershedProtectionandFloodPreventionProgram1@47cd15cc]" name="testHomePage" duration-ms="25185" started-at="2017-10-31T19:31:00Z" finished-at="2017-10-31T19:31:25Z">
          <reporter-output>
          </reporter-output>
        </test-method> <!-- testHomePage -->
        <test-method status="PASS" signature="teardown()[pri:0, instance:testcases.DD.Verify_WatershedProtectionandFloodPreventionProgram1@47cd15cc]" name="teardown" is-config="true" duration-ms="87" started-at="2017-10-31T19:31:25Z" finished-at="2017-10-31T19:31:25Z">
          <reporter-output>
          </reporter-output>
        </test-method> <!-- teardown -->
      </class> <!-- testcases.DD.Verify_WatershedProtectionandFloodPreventionProgram1 -->
      <class name="testcases.DD.Verify_ConservationPlanning1">
        <test-method status="PASS" signature="SetUp()[pri:0, instance:testcases.DD.Verify_ConservationPlanning1@e4455b63]" name="SetUp" is-config="true" duration-ms="8505" started-at="2017-10-31T19:15:20Z" finished-at="2017-10-31T19:15:29Z">
          <reporter-output>
          </reporter-output>
        </test-method> <!-- SetUp -->
        <test-method status="PASS" signature="testHomePage()[pri:0, instance:testcases.DD.Verify_ConservationPlanning1@e4455b63]" name="testHomePage" duration-ms="34770" started-at="2017-10-31T19:15:29Z" finished-at="2017-10-31T19:16:04Z">
          <reporter-output>
          </reporter-output>
        </test-method> <!-- testHomePage -->
        <test-method status="PASS" signature="teardown()[pri:0, instance:testcases.DD.Verify_ConservationPlanning1@e4455b63]" name="teardown" is-config="true" duration-ms="84" started-at="2017-10-31T19:16:04Z" finished-at="2017-10-31T19:16:04Z">
          <reporter-output>
          </reporter-output>
        </test-method> <!-- teardown -->
      </class> <!-- testcases.DD.Verify_ConservationPlanning1 -->
      <class name="testcases.DD.Verify_LandUse1">
        <test-method status="PASS" signature="SetUp()[pri:0, instance:testcases.DD.Verify_LandUse1@1e8209d]" name="SetUp" is-config="true" duration-ms="6982" started-at="2017-10-31T19:32:46Z" finished-at="2017-10-31T19:32:53Z">
          <reporter-output>
          </reporter-output>
        </test-method> <!-- SetUp -->
        <test-method status="PASS" signature="testHomePage()[pri:0, instance:testcases.DD.Verify_LandUse1@1e8209d]" name="testHomePage" duration-ms="30949" started-at="2017-10-31T19:32:53Z" finished-at="2017-10-31T19:33:24Z">
          <reporter-output>
          </reporter-output>
        </test-method> <!-- testHomePage -->
        <test-method status="PASS" signature="teardown()[pri:0, instance:testcases.DD.Verify_LandUse1@1e8209d]" name="teardown" is-config="true" duration-ms="89" started-at="2017-10-31T19:33:24Z" finished-at="2017-10-31T19:33:24Z">
          <reporter-output>
          </reporter-output>
        </test-method> <!-- teardown -->
      </class> <!-- testcases.DD.Verify_LandUse1 -->
      <class name="testcases.DD.Verify_ConservationStewardshipProgram1">
        <test-method status="PASS" signature="SetUp()[pri:0, instance:testcases.DD.Verify_ConservationStewardshipProgram1@6e610c04]" name="SetUp" is-config="true" duration-ms="6404" started-at="2017-10-31T19:26:57Z" finished-at="2017-10-31T19:27:03Z">
          <reporter-output>
          </reporter-output>
        </test-method> <!-- SetUp -->
        <test-method status="PASS" signature="testHomePage()[pri:0, instance:testcases.DD.Verify_ConservationStewardshipProgram1@6e610c04]" name="testHomePage" duration-ms="81237" started-at="2017-10-31T19:27:03Z" finished-at="2017-10-31T19:28:24Z">
          <reporter-output>
          </reporter-output>
        </test-method> <!-- testHomePage -->
        <test-method status="PASS" signature="teardown()[pri:0, instance:testcases.DD.Verify_ConservationStewardshipProgram1@6e610c04]" name="teardown" is-config="true" duration-ms="68" started-at="2017-10-31T19:28:24Z" finished-at="2017-10-31T19:28:25Z">
          <reporter-output>
          </reporter-output>
        </test-method> <!-- teardown -->
      </class> <!-- testcases.DD.Verify_ConservationStewardshipProgram1 -->
      <class name="testcases.DD.Verify_NutrientManagement1">
        <test-method status="PASS" signature="SetUp()[pri:0, instance:testcases.DD.Verify_NutrientManagement1@ea7aa247]" name="SetUp" is-config="true" duration-ms="5944" started-at="2017-10-31T17:16:59Z" finished-at="2017-10-31T17:17:05Z">
          <reporter-output>
          </reporter-output>
        </test-method> <!-- SetUp -->
        <test-method status="PASS" signature="testHomePage()[pri:0, instance:testcases.DD.Verify_NutrientManagement1@ea7aa247]" name="testHomePage" duration-ms="21342" started-at="2017-10-31T17:17:05Z" finished-at="2017-10-31T17:17:27Z">
          <reporter-output>
          </reporter-output>
        </test-method> <!-- testHomePage -->
        <test-method status="PASS" signature="teardown()[pri:0, instance:testcases.DD.Verify_NutrientManagement1@ea7aa247]" name="teardown" is-config="true" duration-ms="87" started-at="2017-10-31T17:17:27Z" finished-at="2017-10-31T17:17:27Z">
          <reporter-output>
          </reporter-output>
        </test-method> <!-- teardown -->
      </class> <!-- testcases.DD.Verify_NutrientManagement1 -->
      <class name="testcases.DD.Verify_AboutUs1">
        <test-method status="PASS" signature="SetUp()[pri:0, instance:testcases.DD.Verify_AboutUs1@e16c25b]" name="SetUp" is-config="true" duration-ms="8111" started-at="2017-10-31T17:17:27Z" finished-at="2017-10-31T17:17:35Z">
          <reporter-output>
          </reporter-output>
        </test-method> <!-- SetUp -->
        <test-method status="PASS" signature="testHomePage()[pri:0, instance:testcases.DD.Verify_AboutUs1@e16c25b]" name="testHomePage" duration-ms="36524" started-at="2017-10-31T17:17:35Z" finished-at="2017-10-31T17:18:11Z">
          <reporter-output>
          </reporter-output>
        </test-method> <!-- testHomePage -->
        <test-method status="PASS" signature="teardown()[pri:0, instance:testcases.DD.Verify_AboutUs1@e16c25b]" name="teardown" is-config="true" duration-ms="1" started-at="2017-10-31T17:18:11Z" finished-at="2017-10-31T17:18:11Z">
          <reporter-output>
          </reporter-output>
        </test-method> <!-- teardown -->
      </class> <!-- testcases.DD.Verify_AboutUs1 -->
      <class name="testcases.DD.Verify_RangePasture1">
        <test-method status="PASS" signature="SetUp()[pri:0, instance:testcases.DD.Verify_RangePasture1@262956]" name="SetUp" is-config="true" duration-ms="6075" started-at="2017-10-31T17:30:05Z" finished-at="2017-10-31T17:30:11Z">
          <reporter-output>
          </reporter-output>
        </test-method> <!-- SetUp -->
        <test-method status="PASS" signature="testHomePage()[pri:0, instance:testcases.DD.Verify_RangePasture1@262956]" name="testHomePage" duration-ms="69192" started-at="2017-10-31T17:30:11Z" finished-at="2017-10-31T17:31:20Z">
          <reporter-output>
          </reporter-output>
        </test-method> <!-- testHomePage -->
        <test-method status="PASS" signature="teardown()[pri:0, instance:testcases.DD.Verify_RangePasture1@262956]" name="teardown" is-config="true" duration-ms="90" started-at="2017-10-31T17:31:20Z" finished-at="2017-10-31T17:31:20Z">
          <reporter-output>
          </reporter-output>
        </test-method> <!-- teardown -->
      </class> <!-- testcases.DD.Verify_RangePasture1 -->
      <class name="testcases.DD.Verify_NewsReleases1">
        <test-method status="PASS" signature="SetUp()[pri:0, instance:testcases.DD.Verify_NewsReleases1@c30e58c9]" name="SetUp" is-config="true" duration-ms="5854" started-at="2017-10-31T19:10:13Z" finished-at="2017-10-31T19:10:19Z">
          <reporter-output>
          </reporter-output>
        </test-method> <!-- SetUp -->
        <test-method status="PASS" signature="testHomePage()[pri:0, instance:testcases.DD.Verify_NewsReleases1@c30e58c9]" name="testHomePage" duration-ms="22195" started-at="2017-10-31T19:10:19Z" finished-at="2017-10-31T19:10:41Z">
          <reporter-output>
          </reporter-output>
        </test-method> <!-- testHomePage -->
        <test-method status="PASS" signature="teardown()[pri:0, instance:testcases.DD.Verify_NewsReleases1@c30e58c9]" name="teardown" is-config="true" duration-ms="147" started-at="2017-10-31T19:10:41Z" finished-at="2017-10-31T19:10:42Z">
          <reporter-output>
          </reporter-output>
        </test-method> <!-- teardown -->
      </class> <!-- testcases.DD.Verify_NewsReleases1 -->
      <class name="testcases.DD.Verify_LandscapeInitiatives1">
        <test-method status="PASS" signature="SetUp()[pri:0, instance:testcases.DD.Verify_LandscapeInitiatives1@4dbdfebe]" name="SetUp" is-config="true" duration-ms="5884" started-at="2017-10-31T19:18:19Z" finished-at="2017-10-31T19:18:25Z">
          <reporter-output>
          </reporter-output>
        </test-method> <!-- SetUp -->
        <test-method status="PASS" signature="testHomePage()[pri:0, instance:testcases.DD.Verify_LandscapeInitiatives1@4dbdfebe]" name="testHomePage" duration-ms="27967" started-at="2017-10-31T19:18:25Z" finished-at="2017-10-31T19:18:53Z">
          <reporter-output>
          </reporter-output>
        </test-method> <!-- testHomePage -->
        <test-method status="PASS" signature="teardown()[pri:0, instance:testcases.DD.Verify_LandscapeInitiatives1@4dbdfebe]" name="teardown" is-config="true" duration-ms="101" started-at="2017-10-31T19:18:53Z" finished-at="2017-10-31T19:18:53Z">
          <reporter-output>
          </reporter-output>
        </test-method> <!-- teardown -->
      </class> <!-- testcases.DD.Verify_LandscapeInitiatives1 -->
      <class name="testcases.DD.Verify_SmallLimitedandBeginningFarmersRanchers1">
        <test-method status="PASS" signature="SetUp()[pri:0, instance:testcases.DD.Verify_SmallLimitedandBeginningFarmersRanchers1@de9c6d7]" name="SetUp" is-config="true" duration-ms="7182" started-at="2017-10-31T19:25:30Z" finished-at="2017-10-31T19:25:37Z">
          <reporter-output>
          </reporter-output>
        </test-method> <!-- SetUp -->
        <test-method status="PASS" signature="testHomePage()[pri:0, instance:testcases.DD.Verify_SmallLimitedandBeginningFarmersRanchers1@de9c6d7]" name="testHomePage" duration-ms="27073" started-at="2017-10-31T19:25:37Z" finished-at="2017-10-31T19:26:04Z">
          <reporter-output>
          </reporter-output>
        </test-method> <!-- testHomePage -->
        <test-method status="PASS" signature="teardown()[pri:0, instance:testcases.DD.Verify_SmallLimitedandBeginningFarmersRanchers1@de9c6d7]" name="teardown" is-config="true" duration-ms="90" started-at="2017-10-31T19:26:04Z" finished-at="2017-10-31T19:26:04Z">
          <reporter-output>
          </reporter-output>
        </test-method> <!-- teardown -->
      </class> <!-- testcases.DD.Verify_SmallLimitedandBeginningFarmersRanchers1 -->
      <class name="testcases.DD.Verify_SuccessStories1">
        <test-method status="PASS" signature="SetUp()[pri:0, instance:testcases.DD.Verify_SuccessStories1@cad50b39]" name="SetUp" is-config="true" duration-ms="5987" started-at="2017-10-31T17:12:56Z" finished-at="2017-10-31T17:13:02Z">
          <reporter-output>
          </reporter-output>
        </test-method> <!-- SetUp -->
        <test-method status="PASS" signature="testHomePage()[pri:0, instance:testcases.DD.Verify_SuccessStories1@cad50b39]" name="testHomePage" duration-ms="94020" started-at="2017-10-31T17:13:02Z" finished-at="2017-10-31T17:14:36Z">
          <reporter-output>
          </reporter-output>
        </test-method> <!-- testHomePage -->
        <test-method status="PASS" signature="teardown()[pri:0, instance:testcases.DD.Verify_SuccessStories1@cad50b39]" name="teardown" is-config="true" duration-ms="84" started-at="2017-10-31T17:14:36Z" finished-at="2017-10-31T17:14:36Z">
          <reporter-output>
          </reporter-output>
        </test-method> <!-- teardown -->
      </class> <!-- testcases.DD.Verify_SuccessStories1 -->
      <class name="testcases.DD.Verify_EcologicalScience1">
        <test-method status="PASS" signature="SetUp()[pri:0, instance:testcases.DD.Verify_EcologicalScience1@1414024b]" name="SetUp" is-config="true" duration-ms="6192" started-at="2017-10-31T17:04:15Z" finished-at="2017-10-31T17:04:21Z">
          <reporter-output>
          </reporter-output>
        </test-method> <!-- SetUp -->
        <test-method status="PASS" signature="testHomePage()[pri:0, instance:testcases.DD.Verify_EcologicalScience1@1414024b]" name="testHomePage" duration-ms="46443" started-at="2017-10-31T17:04:21Z" finished-at="2017-10-31T17:05:08Z">
          <reporter-output>
          </reporter-output>
        </test-method> <!-- testHomePage -->
        <test-method status="PASS" signature="teardown()[pri:0, instance:testcases.DD.Verify_EcologicalScience1@1414024b]" name="teardown" is-config="true" duration-ms="76" started-at="2017-10-31T17:05:08Z" finished-at="2017-10-31T17:05:08Z">
          <reporter-output>
          </reporter-output>
        </test-method> <!-- teardown -->
      </class> <!-- testcases.DD.Verify_EcologicalScience1 -->
      <class name="testcases.DD.Verify_DataAnalysis1">
        <test-method status="PASS" signature="SetUp()[pri:0, instance:testcases.DD.Verify_DataAnalysis1@80361782]" name="SetUp" is-config="true" duration-ms="6915" started-at="2017-10-31T19:11:43Z" finished-at="2017-10-31T19:11:50Z">
          <reporter-output>
          </reporter-output>
        </test-method> <!-- SetUp -->
        <test-method status="PASS" signature="testHomePage()[pri:0, instance:testcases.DD.Verify_DataAnalysis1@80361782]" name="testHomePage" duration-ms="25922" started-at="2017-10-31T19:11:50Z" finished-at="2017-10-31T19:12:16Z">
          <reporter-output>
          </reporter-output>
        </test-method> <!-- testHomePage -->
        <test-method status="PASS" signature="teardown()[pri:0, instance:testcases.DD.Verify_DataAnalysis1@80361782]" name="teardown" is-config="true" duration-ms="75" started-at="2017-10-31T19:12:16Z" finished-at="2017-10-31T19:12:16Z">
          <reporter-output>
          </reporter-output>
        </test-method> <!-- teardown -->
      </class> <!-- testcases.DD.Verify_DataAnalysis1 -->
      <class name="testcases.DD.Verify_Forestry1">
        <test-method status="PASS" signature="SetUp()[pri:0, instance:testcases.DD.Verify_Forestry1@e1e5ea1d]" name="SetUp" is-config="true" duration-ms="6688" started-at="2017-10-31T17:24:54Z" finished-at="2017-10-31T17:25:01Z">
          <reporter-output>
          </reporter-output>
        </test-method> <!-- SetUp -->
        <test-method status="PASS" signature="testHomePage()[pri:0, instance:testcases.DD.Verify_Forestry1@e1e5ea1d]" name="testHomePage" duration-ms="20883" started-at="2017-10-31T17:25:01Z" finished-at="2017-10-31T17:25:22Z">
          <reporter-output>
          </reporter-output>
        </test-method> <!-- testHomePage -->
        <test-method status="PASS" signature="teardown()[pri:0, instance:testcases.DD.Verify_Forestry1@e1e5ea1d]" name="teardown" is-config="true" duration-ms="56" started-at="2017-10-31T17:25:22Z" finished-at="2017-10-31T17:25:22Z">
          <reporter-output>
          </reporter-output>
        </test-method> <!-- teardown -->
      </class> <!-- testcases.DD.Verify_Forestry1 -->
      <class name="testcases.DD.Verify_TribalAssistance1">
        <test-method status="PASS" signature="SetUp()[pri:0, instance:testcases.DD.Verify_TribalAssistance1@be913a27]" name="SetUp" is-config="true" duration-ms="7366" started-at="2017-10-31T19:17:51Z" finished-at="2017-10-31T19:17:58Z">
          <reporter-output>
          </reporter-output>
        </test-method> <!-- SetUp -->
        <test-method status="PASS" signature="testHomePage()[pri:0, instance:testcases.DD.Verify_TribalAssistance1@be913a27]" name="testHomePage" duration-ms="20627" started-at="2017-10-31T19:17:58Z" finished-at="2017-10-31T19:18:19Z">
          <reporter-output>
          </reporter-output>
        </test-method> <!-- testHomePage -->
        <test-method status="PASS" signature="teardown()[pri:0, instance:testcases.DD.Verify_TribalAssistance1@be913a27]" name="teardown" is-config="true" duration-ms="65" started-at="2017-10-31T19:18:19Z" finished-at="2017-10-31T19:18:19Z">
          <reporter-output>
          </reporter-output>
        </test-method> <!-- teardown -->
      </class> <!-- testcases.DD.Verify_TribalAssistance1 -->
      <class name="testcases.DD.Verify_CivilRights1">
        <test-method status="PASS" signature="SetUp()[pri:0, instance:testcases.DD.Verify_CivilRights1@5e6d934e]" name="SetUp" is-config="true" duration-ms="6957" started-at="2017-10-31T17:14:36Z" finished-at="2017-10-31T17:14:43Z">
          <reporter-output>
          </reporter-output>
        </test-method> <!-- SetUp -->
        <test-method status="PASS" signature="testHomePage()[pri:0, instance:testcases.DD.Verify_CivilRights1@5e6d934e]" name="testHomePage" duration-ms="14837" started-at="2017-10-31T17:14:43Z" finished-at="2017-10-31T17:14:58Z">
          <reporter-output>
          </reporter-output>
        </test-method> <!-- testHomePage -->
        <test-method status="PASS" signature="teardown()[pri:0, instance:testcases.DD.Verify_CivilRights1@5e6d934e]" name="teardown" is-config="true" duration-ms="73" started-at="2017-10-31T17:14:58Z" finished-at="2017-10-31T17:14:58Z">
          <reporter-output>
          </reporter-output>
        </test-method> <!-- teardown -->
      </class> <!-- testcases.DD.Verify_CivilRights1 -->
      <class name="testcases.DD.Verify_TechnicalResources1">
        <test-method status="PASS" signature="SetUp()[pri:0, instance:testcases.DD.Verify_TechnicalResources1@7e8be2e5]" name="SetUp" is-config="true" duration-ms="6587" started-at="2017-10-31T17:24:34Z" finished-at="2017-10-31T17:24:40Z">
          <reporter-output>
          </reporter-output>
        </test-method> <!-- SetUp -->
        <test-method status="FAIL" signature="testHomePage()[pri:0, instance:testcases.DD.Verify_TechnicalResources1@7e8be2e5]" name="testHomePage" duration-ms="11758" started-at="2017-10-31T17:24:40Z" finished-at="2017-10-31T17:24:52Z">
          <exception class="org.openqa.selenium.WebDriverException">
            <message>
              <![CDATA[unknown error: Element <div class="hitarea expandable-hitarea"></div> is not clickable at point (283, 441). Other element would receive the click: <li style="list-style-type:none;">...</li>
  (Session info: chrome=62.0.3202.75)
  (Driver info: chromedriver=2.33.506120 (e3e53437346286c0bc2d2dc9aa4915ba81d9023f),platform=Windows NT 10.0.15063 x86_64) (WARNING: The server did not provide any stacktrace information)
Command duration or timeout: 61 milliseconds
Build info: version: '2.53.1', revision: 'a36b8b1cd5757287168e54b817830adce9b0158d', time: '2016-06-30 19:26:09'
System info: host: 'TSPREA01LAPA35', ip: '199.130.135.238', os.name: 'Windows 10', os.arch: 'amd64', os.version: '10.0', java.version: '1.8.0'
Driver info: org.openqa.selenium.chrome.ChromeDriver
Capabilities [{applicationCacheEnabled=false, rotatable=false, mobileEmulationEnabled=false, networkConnectionEnabled=false, chrome={chromedriverVersion=2.33.506120 (e3e53437346286c0bc2d2dc9aa4915ba81d9023f), userDataDir=C:\Users\SIVAPR~1\AppData\Local\Temp\scoped_dir40320_7386}, takesHeapSnapshot=true, pageLoadStrategy=normal, databaseEnabled=false, handlesAlerts=true, hasTouchScreen=false, version=62.0.3202.75, platform=XP, browserConnectionEnabled=false, nativeEvents=true, acceptSslCerts=true, locationContextEnabled=true, webStorageEnabled=true, browserName=chrome, takesScreenshot=true, javascriptEnabled=true, cssSelectorsEnabled=true, setWindowRect=true, unexpectedAlertBehaviour=}]
Session ID: 03e8917e1837739840aa658de3e1c9bd]]>
            </message>
            <full-stacktrace>
              <![CDATA[org.openqa.selenium.WebDriverException: unknown error: Element <div class="hitarea expandable-hitarea"></div> is not clickable at point (283, 441). Other element would receive the click: <li style="list-style-type:none;">...</li>
  (Session info: chrome=62.0.3202.75)
  (Driver info: chromedriver=2.33.506120 (e3e53437346286c0bc2d2dc9aa4915ba81d9023f),platform=Windows NT 10.0.15063 x86_64) (WARNING: The server did not provide any stacktrace information)
Command duration or timeout: 61 milliseconds
Build info: version: '2.53.1', revision: 'a36b8b1cd5757287168e54b817830adce9b0158d', time: '2016-06-30 19:26:09'
System info: host: 'TSPREA01LAPA35', ip: '199.130.135.238', os.name: 'Windows 10', os.arch: 'amd64', os.version: '10.0', java.version: '1.8.0'
Driver info: org.openqa.selenium.chrome.ChromeDriver
Capabilities [{applicationCacheEnabled=false, rotatable=false, mobileEmulationEnabled=false, networkConnectionEnabled=false, chrome={chromedriverVersion=2.33.506120 (e3e53437346286c0bc2d2dc9aa4915ba81d9023f), userDataDir=C:\Users\SIVAPR~1\AppData\Local\Temp\scoped_dir40320_7386}, takesHeapSnapshot=true, pageLoadStrategy=normal, databaseEnabled=false, handlesAlerts=true, hasTouchScreen=false, version=62.0.3202.75, platform=XP, browserConnectionEnabled=false, nativeEvents=true, acceptSslCerts=true, locationContextEnabled=true, webStorageEnabled=true, browserName=chrome, takesScreenshot=true, javascriptEnabled=true, cssSelectorsEnabled=true, setWindowRect=true, unexpectedAlertBehaviour=}]
Session ID: 03e8917e1837739840aa658de3e1c9bd
	at sun.reflect.NativeConstructorAccessorImpl.newInstance0(Native Method)
	at sun.reflect.NativeConstructorAccessorImpl.newInstance(NativeConstructorAccessorImpl.java:88)
	at sun.reflect.DelegatingConstructorAccessorImpl.newInstance(DelegatingConstructorAccessorImpl.java:57)
	at java.lang.reflect.Constructor.newInstance(Constructor.java:437)
	at org.openqa.selenium.remote.ErrorHandler.createThrowable(ErrorHandler.java:206)
	at org.openqa.selenium.remote.ErrorHandler.throwIfResponseFailed(ErrorHandler.java:158)
	at org.openqa.selenium.remote.RemoteWebDriver.execute(RemoteWebDriver.java:678)
	at org.openqa.selenium.remote.RemoteWebElement.execute(RemoteWebElement.java:327)
	at org.openqa.selenium.remote.RemoteWebElement.click(RemoteWebElement.java:85)
	at sun.reflect.NativeMethodAccessorImpl.invoke0(Native Method)
	at sun.reflect.NativeMethodAccessorImpl.invoke(NativeMethodAccessorImpl.java:95)
	at sun.reflect.DelegatingMethodAccessorImpl.invoke(DelegatingMethodAccessorImpl.java:55)
	at java.lang.reflect.Method.invoke(Method.java:508)
	at org.openqa.selenium.support.pagefactory.internal.LocatingElementHandler.invoke(LocatingElementHandler.java:51)
	at com.sun.proxy.$Proxy7.click(Unknown Source)
	at pages1.DD.TechnicalResources1.validateProd(TechnicalResources1.java:255)
	at testcases.DD.Verify_TechnicalResources1.testHomePage(Verify_TechnicalResources1.java:45)
	at sun.reflect.NativeMethodAccessorImpl.invoke0(Native Method)
	at sun.reflect.NativeMethodAccessorImpl.invoke(NativeMethodAccessorImpl.java:95)
	at sun.reflect.DelegatingMethodAccessorImpl.invoke(DelegatingMethodAccessorImpl.java:55)
	at java.lang.reflect.Method.invoke(Method.java:508)
	at org.testng.internal.MethodInvocationHelper.invokeMethod(MethodInvocationHelper.java:80)
	at org.testng.internal.Invoker.invokeMethod(Invoker.java:714)
	at org.testng.internal.Invoker.invokeTestMethod(Invoker.java:901)
	at org.testng.internal.Invoker.invokeTestMethods(Invoker.java:1231)
	at org.testng.internal.TestMethodWorker.invokeTestMethods(TestMethodWorker.java:127)
	at org.testng.internal.TestMethodWorker.run(TestMethodWorker.java:111)
	at org.testng.TestRunner.privateRun(TestRunner.java:767)
	at org.testng.TestRunner.run(TestRunner.java:617)
	at org.testng.SuiteRunner.runTest(SuiteRunner.java:334)
	at org.testng.SuiteRunner.runSequentially(SuiteRunner.java:329)
	at org.testng.SuiteRunner.privateRun(SuiteRunner.java:291)
	at org.testng.SuiteRunner.run(SuiteRunner.java:240)
	at org.testng.SuiteRunnerWorker.runSuite(SuiteRunnerWorker.java:52)
	at org.testng.SuiteRunnerWorker.run(SuiteRunnerWorker.java:86)
	at org.testng.TestNG.runSuitesSequentially(TestNG.java:1198)
	at org.testng.TestNG.runSuitesLocally(TestNG.java:1123)
	at org.testng.TestNG.run(TestNG.java:1031)
	at org.testng.remote.AbstractRemoteTestNG.run(AbstractRemoteTestNG.java:132)
	at org.testng.remote.RemoteTestNG.initAndRun(RemoteTestNG.java:230)
	at org.testng.remote.RemoteTestNG.main(RemoteTestNG.java:76)
]]>
            </full-stacktrace>
          </exception> <!-- org.openqa.selenium.WebDriverException -->
          <reporter-output>
          </reporter-output>
        </test-method> <!-- testHomePage -->
        <test-method status="PASS" signature="teardown()[pri:0, instance:testcases.DD.Verify_TechnicalResources1@7e8be2e5]" name="teardown" is-config="true" duration-ms="2087" started-at="2017-10-31T17:24:52Z" finished-at="2017-10-31T17:24:54Z">
          <reporter-output>
          </reporter-output>
        </test-method> <!-- teardown -->
      </class> <!-- testcases.DD.Verify_TechnicalResources1 -->
      <class name="testcases.DD.Verify_Biology1">
        <test-method status="PASS" signature="SetUp()[pri:0, instance:testcases.DD.Verify_Biology1@d44ee47f]" name="SetUp" is-config="true" duration-ms="8705" started-at="2017-10-31T19:33:24Z" finished-at="2017-10-31T19:33:33Z">
          <reporter-output>
          </reporter-output>
        </test-method> <!-- SetUp -->
        <test-method status="PASS" signature="testHomePage()[pri:0, instance:testcases.DD.Verify_Biology1@d44ee47f]" name="testHomePage" duration-ms="40376" started-at="2017-10-31T19:33:33Z" finished-at="2017-10-31T19:34:13Z">
          <reporter-output>
          </reporter-output>
        </test-method> <!-- testHomePage -->
        <test-method status="PASS" signature="teardown()[pri:0, instance:testcases.DD.Verify_Biology1@d44ee47f]" name="teardown" is-config="true" duration-ms="68" started-at="2017-10-31T19:34:13Z" finished-at="2017-10-31T19:34:13Z">
          <reporter-output>
          </reporter-output>
        </test-method> <!-- teardown -->
      </class> <!-- testcases.DD.Verify_Biology1 -->
      <class name="testcases.DD.Verify_Careers1">
        <test-method status="PASS" signature="SetUp()[pri:0, instance:testcases.DD.Verify_Careers1@936b762c]" name="SetUp" is-config="true" duration-ms="7755" started-at="2017-10-31T19:16:48Z" finished-at="2017-10-31T19:16:56Z">
          <reporter-output>
          </reporter-output>
        </test-method> <!-- SetUp -->
        <test-method status="PASS" signature="testHomePage()[pri:0, instance:testcases.DD.Verify_Careers1@936b762c]" name="testHomePage" duration-ms="18236" started-at="2017-10-31T19:16:56Z" finished-at="2017-10-31T19:17:14Z">
          <reporter-output>
          </reporter-output>
        </test-method> <!-- testHomePage -->
        <test-method status="PASS" signature="teardown()[pri:0, instance:testcases.DD.Verify_Careers1@936b762c]" name="teardown" is-config="true" duration-ms="88" started-at="2017-10-31T19:17:14Z" finished-at="2017-10-31T19:17:14Z">
          <reporter-output>
          </reporter-output>
        </test-method> <!-- teardown -->
      </class> <!-- testcases.DD.Verify_Careers1 -->
      <class name="testcases.DD.Verify_EmergencyWatershedProtectionProgram1">
        <test-method status="PASS" signature="SetUp()[pri:0, instance:testcases.DD.Verify_EmergencyWatershedProtectionProgram1@2e8d0bc0]" name="SetUp" is-config="true" duration-ms="6680" started-at="2017-10-31T17:20:31Z" finished-at="2017-10-31T17:20:38Z">
          <reporter-output>
          </reporter-output>
        </test-method> <!-- SetUp -->
        <test-method status="PASS" signature="testHomePage()[pri:0, instance:testcases.DD.Verify_EmergencyWatershedProtectionProgram1@2e8d0bc0]" name="testHomePage" duration-ms="29361" started-at="2017-10-31T17:20:38Z" finished-at="2017-10-31T17:21:07Z">
          <reporter-output>
          </reporter-output>
        </test-method> <!-- testHomePage -->
        <test-method status="PASS" signature="teardown()[pri:0, instance:testcases.DD.Verify_EmergencyWatershedProtectionProgram1@2e8d0bc0]" name="teardown" is-config="true" duration-ms="96" started-at="2017-10-31T17:21:07Z" finished-at="2017-10-31T17:21:07Z">
          <reporter-output>
          </reporter-output>
        </test-method> <!-- teardown -->
      </class> <!-- testcases.DD.Verify_EmergencyWatershedProtectionProgram1 -->
      <class name="testcases.DD.Verify_StateOffice1">
        <test-method status="PASS" signature="SetUp()[pri:0, instance:testcases.DD.Verify_StateOffice1@161ef0ea]" name="SetUp" is-config="true" duration-ms="5801" started-at="2017-10-31T19:31:25Z" finished-at="2017-10-31T19:31:31Z">
          <reporter-output>
          </reporter-output>
        </test-method> <!-- SetUp -->
        <test-method status="PASS" signature="testHomePage()[pri:0, instance:testcases.DD.Verify_StateOffice1@161ef0ea]" name="testHomePage" duration-ms="30905" started-at="2017-10-31T19:31:31Z" finished-at="2017-10-31T19:32:02Z">
          <reporter-output>
          </reporter-output>
        </test-method> <!-- testHomePage -->
        <test-method status="PASS" signature="teardown()[pri:0, instance:testcases.DD.Verify_StateOffice1@161ef0ea]" name="teardown" is-config="true" duration-ms="2072" started-at="2017-10-31T19:32:02Z" finished-at="2017-10-31T19:32:04Z">
          <reporter-output>
          </reporter-output>
        </test-method> <!-- teardown -->
      </class> <!-- testcases.DD.Verify_StateOffice1 -->
      <class name="testcases.DD.Verify_Volunteers1">
        <test-method status="PASS" signature="SetUp()[pri:0, instance:testcases.DD.Verify_Volunteers1@ea111572]" name="SetUp" is-config="true" duration-ms="7096" started-at="2017-10-31T19:20:48Z" finished-at="2017-10-31T19:20:55Z">
          <reporter-output>
          </reporter-output>
        </test-method> <!-- SetUp -->
        <test-method status="PASS" signature="testHomePage()[pri:0, instance:testcases.DD.Verify_Volunteers1@ea111572]" name="testHomePage" duration-ms="26838" started-at="2017-10-31T19:20:55Z" finished-at="2017-10-31T19:21:21Z">
          <reporter-output>
          </reporter-output>
        </test-method> <!-- testHomePage -->
        <test-method status="PASS" signature="teardown()[pri:0, instance:testcases.DD.Verify_Volunteers1@ea111572]" name="teardown" is-config="true" duration-ms="83" started-at="2017-10-31T19:21:21Z" finished-at="2017-10-31T19:21:22Z">
          <reporter-output>
          </reporter-output>
        </test-method> <!-- teardown -->
      </class> <!-- testcases.DD.Verify_Volunteers1 -->
      <class name="testcases.DD.Verify_PhotosandVideos1">
        <test-method status="PASS" signature="SetUp()[pri:0, instance:testcases.DD.Verify_PhotosandVideos1@a949ff5d]" name="SetUp" is-config="true" duration-ms="10013" started-at="2017-10-31T19:12:46Z" finished-at="2017-10-31T19:12:56Z">
          <reporter-output>
          </reporter-output>
        </test-method> <!-- SetUp -->
        <test-method status="PASS" signature="testHomePage()[pri:0, instance:testcases.DD.Verify_PhotosandVideos1@a949ff5d]" name="testHomePage" duration-ms="53550" started-at="2017-10-31T19:12:56Z" finished-at="2017-10-31T19:13:50Z">
          <reporter-output>
          </reporter-output>
        </test-method> <!-- testHomePage -->
        <test-method status="PASS" signature="teardown()[pri:0, instance:testcases.DD.Verify_PhotosandVideos1@a949ff5d]" name="teardown" is-config="true" duration-ms="80" started-at="2017-10-31T19:13:50Z" finished-at="2017-10-31T19:13:50Z">
          <reporter-output>
          </reporter-output>
        </test-method> <!-- teardown -->
      </class> <!-- testcases.DD.Verify_PhotosandVideos1 -->
      <class name="testcases.DD.Verify_ConservationCompliance1">
        <test-method status="PASS" signature="SetUp()[pri:0, instance:testcases.DD.Verify_ConservationCompliance1@be975b77]" name="SetUp" is-config="true" duration-ms="6293" started-at="2017-10-31T19:22:42Z" finished-at="2017-10-31T19:22:48Z">
          <reporter-output>
          </reporter-output>
        </test-method> <!-- SetUp -->
        <test-method status="PASS" signature="testHomePage()[pri:0, instance:testcases.DD.Verify_ConservationCompliance1@be975b77]" name="testHomePage" duration-ms="43393" started-at="2017-10-31T19:22:48Z" finished-at="2017-10-31T19:23:31Z">
          <reporter-output>
          </reporter-output>
        </test-method> <!-- testHomePage -->
        <test-method status="PASS" signature="teardown()[pri:0, instance:testcases.DD.Verify_ConservationCompliance1@be975b77]" name="teardown" is-config="true" duration-ms="88" started-at="2017-10-31T19:23:31Z" finished-at="2017-10-31T19:23:31Z">
          <reporter-output>
          </reporter-output>
        </test-method> <!-- teardown -->
      </class> <!-- testcases.DD.Verify_ConservationCompliance1 -->
      <class name="testcases.DD.Verify_FeedbackForms1">
        <test-method status="PASS" signature="SetUp()[pri:0, instance:testcases.DD.Verify_FeedbackForms1@affd21ef]" name="SetUp" is-config="true" duration-ms="6900" started-at="2017-10-31T19:08:11Z" finished-at="2017-10-31T19:08:18Z">
          <reporter-output>
          </reporter-output>
        </test-method> <!-- SetUp -->
        <test-method status="FAIL" signature="testHomePage()[pri:0, instance:testcases.DD.Verify_FeedbackForms1@affd21ef]" name="testHomePage" duration-ms="14948" started-at="2017-10-31T19:08:18Z" finished-at="2017-10-31T19:08:33Z">
          <exception class="org.openqa.selenium.NoSuchElementException">
            <message>
              <![CDATA[no such element: Unable to locate element: {"method":"xpath","selector":".//*[@id='feedbackform']/h2"}
  (Session info: chrome=62.0.3202.75)
  (Driver info: chromedriver=2.33.506120 (e3e53437346286c0bc2d2dc9aa4915ba81d9023f),platform=Windows NT 10.0.15063 x86_64) (WARNING: The server did not provide any stacktrace information)
Command duration or timeout: 10.02 seconds
For documentation on this error, please visit: http://seleniumhq.org/exceptions/no_such_element.html
Build info: version: '2.53.1', revision: 'a36b8b1cd5757287168e54b817830adce9b0158d', time: '2016-06-30 19:26:09'
System info: host: 'TSPREA01LAPA35', ip: '199.130.135.238', os.name: 'Windows 10', os.arch: 'amd64', os.version: '10.0', java.version: '1.8.0'
Driver info: org.openqa.selenium.chrome.ChromeDriver
Capabilities [{applicationCacheEnabled=false, rotatable=false, mobileEmulationEnabled=false, networkConnectionEnabled=false, chrome={chromedriverVersion=2.33.506120 (e3e53437346286c0bc2d2dc9aa4915ba81d9023f), userDataDir=C:\Users\SIVAPR~1\AppData\Local\Temp\scoped_dir35456_13977}, takesHeapSnapshot=true, pageLoadStrategy=normal, databaseEnabled=false, handlesAlerts=true, hasTouchScreen=false, version=62.0.3202.75, platform=XP, browserConnectionEnabled=false, nativeEvents=true, acceptSslCerts=true, locationContextEnabled=true, webStorageEnabled=true, browserName=chrome, takesScreenshot=true, javascriptEnabled=true, cssSelectorsEnabled=true, setWindowRect=true, unexpectedAlertBehaviour=}]
Session ID: 45527ea9ff4438e01cc2304a2ae5637a
*** Element info: {Using=xpath, value=.//*[@id='feedbackform']/h2}]]>
            </message>
            <full-stacktrace>
              <![CDATA[org.openqa.selenium.NoSuchElementException: no such element: Unable to locate element: {"method":"xpath","selector":".//*[@id='feedbackform']/h2"}
  (Session info: chrome=62.0.3202.75)
  (Driver info: chromedriver=2.33.506120 (e3e53437346286c0bc2d2dc9aa4915ba81d9023f),platform=Windows NT 10.0.15063 x86_64) (WARNING: The server did not provide any stacktrace information)
Command duration or timeout: 10.02 seconds
For documentation on this error, please visit: http://seleniumhq.org/exceptions/no_such_element.html
Build info: version: '2.53.1', revision: 'a36b8b1cd5757287168e54b817830adce9b0158d', time: '2016-06-30 19:26:09'
System info: host: 'TSPREA01LAPA35', ip: '199.130.135.238', os.name: 'Windows 10', os.arch: 'amd64', os.version: '10.0', java.version: '1.8.0'
Driver info: org.openqa.selenium.chrome.ChromeDriver
Capabilities [{applicationCacheEnabled=false, rotatable=false, mobileEmulationEnabled=false, networkConnectionEnabled=false, chrome={chromedriverVersion=2.33.506120 (e3e53437346286c0bc2d2dc9aa4915ba81d9023f), userDataDir=C:\Users\SIVAPR~1\AppData\Local\Temp\scoped_dir35456_13977}, takesHeapSnapshot=true, pageLoadStrategy=normal, databaseEnabled=false, handlesAlerts=true, hasTouchScreen=false, version=62.0.3202.75, platform=XP, browserConnectionEnabled=false, nativeEvents=true, acceptSslCerts=true, locationContextEnabled=true, webStorageEnabled=true, browserName=chrome, takesScreenshot=true, javascriptEnabled=true, cssSelectorsEnabled=true, setWindowRect=true, unexpectedAlertBehaviour=}]
Session ID: 45527ea9ff4438e01cc2304a2ae5637a
*** Element info: {Using=xpath, value=.//*[@id='feedbackform']/h2}
	at sun.reflect.NativeConstructorAccessorImpl.newInstance0(Native Method)
	at sun.reflect.NativeConstructorAccessorImpl.newInstance(NativeConstructorAccessorImpl.java:88)
	at sun.reflect.DelegatingConstructorAccessorImpl.newInstance(DelegatingConstructorAccessorImpl.java:57)
	at java.lang.reflect.Constructor.newInstance(Constructor.java:437)
	at org.openqa.selenium.remote.ErrorHandler.createThrowable(ErrorHandler.java:206)
	at org.openqa.selenium.remote.ErrorHandler.throwIfResponseFailed(ErrorHandler.java:158)
	at org.openqa.selenium.remote.RemoteWebDriver.execute(RemoteWebDriver.java:678)
	at org.openqa.selenium.remote.RemoteWebDriver.findElement(RemoteWebDriver.java:363)
	at org.openqa.selenium.remote.RemoteWebDriver.findElementByXPath(RemoteWebDriver.java:500)
	at org.openqa.selenium.By$ByXPath.findElement(By.java:361)
	at org.openqa.selenium.remote.RemoteWebDriver.findElement(RemoteWebDriver.java:355)
	at org.openqa.selenium.support.pagefactory.DefaultElementLocator.findElement(DefaultElementLocator.java:69)
	at org.openqa.selenium.support.pagefactory.internal.LocatingElementHandler.invoke(LocatingElementHandler.java:38)
	at com.sun.proxy.$Proxy7.getText(Unknown Source)
	at pages1.DD.FeedbackForms1.validateProd(FeedbackForms1.java:123)
	at testcases.DD.Verify_FeedbackForms1.testHomePage(Verify_FeedbackForms1.java:52)
	at sun.reflect.NativeMethodAccessorImpl.invoke0(Native Method)
	at sun.reflect.NativeMethodAccessorImpl.invoke(NativeMethodAccessorImpl.java:95)
	at sun.reflect.DelegatingMethodAccessorImpl.invoke(DelegatingMethodAccessorImpl.java:55)
	at java.lang.reflect.Method.invoke(Method.java:508)
	at org.testng.internal.MethodInvocationHelper.invokeMethod(MethodInvocationHelper.java:80)
	at org.testng.internal.Invoker.invokeMethod(Invoker.java:714)
	at org.testng.internal.Invoker.invokeTestMethod(Invoker.java:901)
	at org.testng.internal.Invoker.invokeTestMethods(Invoker.java:1231)
	at org.testng.internal.TestMethodWorker.invokeTestMethods(TestMethodWorker.java:127)
	at org.testng.internal.TestMethodWorker.run(TestMethodWorker.java:111)
	at org.testng.TestRunner.privateRun(TestRunner.java:767)
	at org.testng.TestRunner.run(TestRunner.java:617)
	at org.testng.SuiteRunner.runTest(SuiteRunner.java:334)
	at org.testng.SuiteRunner.runSequentially(SuiteRunner.java:329)
	at org.testng.SuiteRunner.privateRun(SuiteRunner.java:291)
	at org.testng.SuiteRunner.run(SuiteRunner.java:240)
	at org.testng.SuiteRunnerWorker.runSuite(SuiteRunnerWorker.java:52)
	at org.testng.SuiteRunnerWorker.run(SuiteRunnerWorker.java:86)
	at org.testng.TestNG.runSuitesSequentially(TestNG.java:1198)
	at org.testng.TestNG.runSuitesLocally(TestNG.java:1123)
	at org.testng.TestNG.run(TestNG.java:1031)
	at org.testng.remote.AbstractRemoteTestNG.run(AbstractRemoteTestNG.java:132)
	at org.testng.remote.RemoteTestNG.initAndRun(RemoteTestNG.java:230)
	at org.testng.remote.RemoteTestNG.main(RemoteTestNG.java:76)
]]>
            </full-stacktrace>
          </exception> <!-- org.openqa.selenium.NoSuchElementException -->
          <reporter-output>
          </reporter-output>
        </test-method> <!-- testHomePage -->
        <test-method status="PASS" signature="teardown()[pri:0, instance:testcases.DD.Verify_FeedbackForms1@affd21ef]" name="teardown" is-config="true" duration-ms="94" started-at="2017-10-31T19:08:33Z" finished-at="2017-10-31T19:08:33Z">
          <reporter-output>
          </reporter-output>
        </test-method> <!-- teardown -->
      </class> <!-- testcases.DD.Verify_FeedbackForms1 -->
      <class name="testcases.DD.Verify_LandscapePlanning1">
        <test-method status="PASS" signature="SetUp()[pri:0, instance:testcases.DD.Verify_LandscapePlanning1@3d582cad]" name="SetUp" is-config="true" duration-ms="6241" started-at="2017-10-31T17:29:33Z" finished-at="2017-10-31T17:29:39Z">
          <reporter-output>
          </reporter-output>
        </test-method> <!-- SetUp -->
        <test-method status="PASS" signature="testHomePage()[pri:0, instance:testcases.DD.Verify_LandscapePlanning1@3d582cad]" name="testHomePage" duration-ms="25780" started-at="2017-10-31T17:29:39Z" finished-at="2017-10-31T17:30:05Z">
          <reporter-output>
          </reporter-output>
        </test-method> <!-- testHomePage -->
        <test-method status="PASS" signature="teardown()[pri:0, instance:testcases.DD.Verify_LandscapePlanning1@3d582cad]" name="teardown" is-config="true" duration-ms="90" started-at="2017-10-31T17:30:05Z" finished-at="2017-10-31T17:30:05Z">
          <reporter-output>
          </reporter-output>
        </test-method> <!-- teardown -->
      </class> <!-- testcases.DD.Verify_LandscapePlanning1 -->
      <class name="testcases.DD.Verify_StateTechnicalCommittee1">
        <test-method status="PASS" signature="SetUp()[pri:0, instance:testcases.DD.Verify_StateTechnicalCommittee1@9b5b778f]" name="SetUp" is-config="true" duration-ms="6280" started-at="2017-10-31T19:24:38Z" finished-at="2017-10-31T19:24:44Z">
          <reporter-output>
          </reporter-output>
        </test-method> <!-- SetUp -->
        <test-method status="PASS" signature="testHomePage()[pri:0, instance:testcases.DD.Verify_StateTechnicalCommittee1@9b5b778f]" name="testHomePage" duration-ms="33114" started-at="2017-10-31T19:24:44Z" finished-at="2017-10-31T19:25:17Z">
          <reporter-output>
          </reporter-output>
        </test-method> <!-- testHomePage -->
        <test-method status="PASS" signature="teardown()[pri:0, instance:testcases.DD.Verify_StateTechnicalCommittee1@9b5b778f]" name="teardown" is-config="true" duration-ms="102" started-at="2017-10-31T19:25:17Z" finished-at="2017-10-31T19:25:17Z">
          <reporter-output>
          </reporter-output>
        </test-method> <!-- teardown -->
      </class> <!-- testcases.DD.Verify_StateTechnicalCommittee1 -->
      <class name="testcases.DD.Verify_CIGProjectSearch1">
        <test-method status="PASS" signature="SetUp()[pri:0, instance:testcases.DD.Verify_CIGProjectSearch1@7923ae39]" name="SetUp" is-config="true" duration-ms="6664" started-at="2017-10-31T19:09:54Z" finished-at="2017-10-31T19:10:01Z">
          <reporter-output>
          </reporter-output>
        </test-method> <!-- SetUp -->
        <test-method status="FAIL" signature="testHomePage()[pri:0, instance:testcases.DD.Verify_CIGProjectSearch1@7923ae39]" name="testHomePage" duration-ms="10075" started-at="2017-10-31T19:10:01Z" finished-at="2017-10-31T19:10:11Z">
          <exception class="org.openqa.selenium.NoSuchElementException">
            <message>
              <![CDATA[no such element: Unable to locate element: {"method":"xpath","selector":".//*[@id='cigSearch']/h2"}
  (Session info: chrome=62.0.3202.75)
  (Driver info: chromedriver=2.33.506120 (e3e53437346286c0bc2d2dc9aa4915ba81d9023f),platform=Windows NT 10.0.15063 x86_64) (WARNING: The server did not provide any stacktrace information)
Command duration or timeout: 10.07 seconds
For documentation on this error, please visit: http://seleniumhq.org/exceptions/no_such_element.html
Build info: version: '2.53.1', revision: 'a36b8b1cd5757287168e54b817830adce9b0158d', time: '2016-06-30 19:26:09'
System info: host: 'TSPREA01LAPA35', ip: '199.130.135.238', os.name: 'Windows 10', os.arch: 'amd64', os.version: '10.0', java.version: '1.8.0'
Driver info: org.openqa.selenium.chrome.ChromeDriver
Capabilities [{applicationCacheEnabled=false, rotatable=false, mobileEmulationEnabled=false, networkConnectionEnabled=false, chrome={chromedriverVersion=2.33.506120 (e3e53437346286c0bc2d2dc9aa4915ba81d9023f), userDataDir=C:\Users\SIVAPR~1\AppData\Local\Temp\scoped_dir45632_3800}, takesHeapSnapshot=true, pageLoadStrategy=normal, databaseEnabled=false, handlesAlerts=true, hasTouchScreen=false, version=62.0.3202.75, platform=XP, browserConnectionEnabled=false, nativeEvents=true, acceptSslCerts=true, locationContextEnabled=true, webStorageEnabled=true, browserName=chrome, takesScreenshot=true, javascriptEnabled=true, cssSelectorsEnabled=true, setWindowRect=true, unexpectedAlertBehaviour=}]
Session ID: 993ee84d11c0646bee44d531d7f3ed64
*** Element info: {Using=xpath, value=.//*[@id='cigSearch']/h2}]]>
            </message>
            <full-stacktrace>
              <![CDATA[org.openqa.selenium.NoSuchElementException: no such element: Unable to locate element: {"method":"xpath","selector":".//*[@id='cigSearch']/h2"}
  (Session info: chrome=62.0.3202.75)
  (Driver info: chromedriver=2.33.506120 (e3e53437346286c0bc2d2dc9aa4915ba81d9023f),platform=Windows NT 10.0.15063 x86_64) (WARNING: The server did not provide any stacktrace information)
Command duration or timeout: 10.07 seconds
For documentation on this error, please visit: http://seleniumhq.org/exceptions/no_such_element.html
Build info: version: '2.53.1', revision: 'a36b8b1cd5757287168e54b817830adce9b0158d', time: '2016-06-30 19:26:09'
System info: host: 'TSPREA01LAPA35', ip: '199.130.135.238', os.name: 'Windows 10', os.arch: 'amd64', os.version: '10.0', java.version: '1.8.0'
Driver info: org.openqa.selenium.chrome.ChromeDriver
Capabilities [{applicationCacheEnabled=false, rotatable=false, mobileEmulationEnabled=false, networkConnectionEnabled=false, chrome={chromedriverVersion=2.33.506120 (e3e53437346286c0bc2d2dc9aa4915ba81d9023f), userDataDir=C:\Users\SIVAPR~1\AppData\Local\Temp\scoped_dir45632_3800}, takesHeapSnapshot=true, pageLoadStrategy=normal, databaseEnabled=false, handlesAlerts=true, hasTouchScreen=false, version=62.0.3202.75, platform=XP, browserConnectionEnabled=false, nativeEvents=true, acceptSslCerts=true, locationContextEnabled=true, webStorageEnabled=true, browserName=chrome, takesScreenshot=true, javascriptEnabled=true, cssSelectorsEnabled=true, setWindowRect=true, unexpectedAlertBehaviour=}]
Session ID: 993ee84d11c0646bee44d531d7f3ed64
*** Element info: {Using=xpath, value=.//*[@id='cigSearch']/h2}
	at sun.reflect.NativeConstructorAccessorImpl.newInstance0(Native Method)
	at sun.reflect.NativeConstructorAccessorImpl.newInstance(NativeConstructorAccessorImpl.java:88)
	at sun.reflect.DelegatingConstructorAccessorImpl.newInstance(DelegatingConstructorAccessorImpl.java:57)
	at java.lang.reflect.Constructor.newInstance(Constructor.java:437)
	at org.openqa.selenium.remote.ErrorHandler.createThrowable(ErrorHandler.java:206)
	at org.openqa.selenium.remote.ErrorHandler.throwIfResponseFailed(ErrorHandler.java:158)
	at org.openqa.selenium.remote.RemoteWebDriver.execute(RemoteWebDriver.java:678)
	at org.openqa.selenium.remote.RemoteWebDriver.findElement(RemoteWebDriver.java:363)
	at org.openqa.selenium.remote.RemoteWebDriver.findElementByXPath(RemoteWebDriver.java:500)
	at org.openqa.selenium.By$ByXPath.findElement(By.java:361)
	at org.openqa.selenium.remote.RemoteWebDriver.findElement(RemoteWebDriver.java:355)
	at org.openqa.selenium.support.pagefactory.DefaultElementLocator.findElement(DefaultElementLocator.java:69)
	at org.openqa.selenium.support.pagefactory.internal.LocatingElementHandler.invoke(LocatingElementHandler.java:38)
	at com.sun.proxy.$Proxy7.getText(Unknown Source)
	at pages1.DD.CIGProjectSearch1.validateProd(CIGProjectSearch1.java:145)
	at testcases.DD.Verify_CIGProjectSearch1.testHomePage(Verify_CIGProjectSearch1.java:45)
	at sun.reflect.NativeMethodAccessorImpl.invoke0(Native Method)
	at sun.reflect.NativeMethodAccessorImpl.invoke(NativeMethodAccessorImpl.java:95)
	at sun.reflect.DelegatingMethodAccessorImpl.invoke(DelegatingMethodAccessorImpl.java:55)
	at java.lang.reflect.Method.invoke(Method.java:508)
	at org.testng.internal.MethodInvocationHelper.invokeMethod(MethodInvocationHelper.java:80)
	at org.testng.internal.Invoker.invokeMethod(Invoker.java:714)
	at org.testng.internal.Invoker.invokeTestMethod(Invoker.java:901)
	at org.testng.internal.Invoker.invokeTestMethods(Invoker.java:1231)
	at org.testng.internal.TestMethodWorker.invokeTestMethods(TestMethodWorker.java:127)
	at org.testng.internal.TestMethodWorker.run(TestMethodWorker.java:111)
	at org.testng.TestRunner.privateRun(TestRunner.java:767)
	at org.testng.TestRunner.run(TestRunner.java:617)
	at org.testng.SuiteRunner.runTest(SuiteRunner.java:334)
	at org.testng.SuiteRunner.runSequentially(SuiteRunner.java:329)
	at org.testng.SuiteRunner.privateRun(SuiteRunner.java:291)
	at org.testng.SuiteRunner.run(SuiteRunner.java:240)
	at org.testng.SuiteRunnerWorker.runSuite(SuiteRunnerWorker.java:52)
	at org.testng.SuiteRunnerWorker.run(SuiteRunnerWorker.java:86)
	at org.testng.TestNG.runSuitesSequentially(TestNG.java:1198)
	at org.testng.TestNG.runSuitesLocally(TestNG.java:1123)
	at org.testng.TestNG.run(TestNG.java:1031)
	at org.testng.remote.AbstractRemoteTestNG.run(AbstractRemoteTestNG.java:132)
	at org.testng.remote.RemoteTestNG.initAndRun(RemoteTestNG.java:230)
	at org.testng.remote.RemoteTestNG.main(RemoteTestNG.java:76)
]]>
            </full-stacktrace>
          </exception> <!-- org.openqa.selenium.NoSuchElementException -->
          <reporter-output>
          </reporter-output>
        </test-method> <!-- testHomePage -->
        <test-method status="PASS" signature="teardown()[pri:0, instance:testcases.DD.Verify_CIGProjectSearch1@7923ae39]" name="teardown" is-config="true" duration-ms="2084" started-at="2017-10-31T19:10:11Z" finished-at="2017-10-31T19:10:13Z">
          <reporter-output>
          </reporter-output>
        </test-method> <!-- teardown -->
      </class> <!-- testcases.DD.Verify_CIGProjectSearch1 -->
      <class name="testcases.DD.Verify_TeachersandStudents1">
        <test-method status="PASS" signature="SetUp()[pri:0, instance:testcases.DD.Verify_TeachersandStudents1@85ad8154]" name="SetUp" is-config="true" duration-ms="9908" started-at="2017-10-31T17:21:43Z" finished-at="2017-10-31T17:21:53Z">
          <reporter-output>
          </reporter-output>
        </test-method> <!-- SetUp -->
        <test-method status="PASS" signature="testHomePage()[pri:0, instance:testcases.DD.Verify_TeachersandStudents1@85ad8154]" name="testHomePage" duration-ms="48663" started-at="2017-10-31T17:21:53Z" finished-at="2017-10-31T17:22:41Z">
          <reporter-output>
          </reporter-output>
        </test-method> <!-- testHomePage -->
        <test-method status="PASS" signature="teardown()[pri:0, instance:testcases.DD.Verify_TeachersandStudents1@85ad8154]" name="teardown" is-config="true" duration-ms="95" started-at="2017-10-31T17:22:41Z" finished-at="2017-10-31T17:22:41Z">
          <reporter-output>
          </reporter-output>
        </test-method> <!-- teardown -->
      </class> <!-- testcases.DD.Verify_TeachersandStudents1 -->
      <class name="testcases.DD.Verify_EventsDeadlines1">
        <test-method status="PASS" signature="SetUp()[pri:0, instance:testcases.DD.Verify_EventsDeadlines1@ef9749e0]" name="SetUp" is-config="true" duration-ms="5803" started-at="2017-10-31T19:25:17Z" finished-at="2017-10-31T19:25:23Z">
          <reporter-output>
          </reporter-output>
        </test-method> <!-- SetUp -->
        <test-method status="PASS" signature="testHomePage()[pri:0, instance:testcases.DD.Verify_EventsDeadlines1@ef9749e0]" name="testHomePage" duration-ms="6726" started-at="2017-10-31T19:25:23Z" finished-at="2017-10-31T19:25:30Z">
          <reporter-output>
          </reporter-output>
        </test-method> <!-- testHomePage -->
        <test-method status="PASS" signature="teardown()[pri:0, instance:testcases.DD.Verify_EventsDeadlines1@ef9749e0]" name="teardown" is-config="true" duration-ms="54" started-at="2017-10-31T19:25:30Z" finished-at="2017-10-31T19:25:30Z">
          <reporter-output>
          </reporter-output>
        </test-method> <!-- teardown -->
      </class> <!-- testcases.DD.Verify_EventsDeadlines1 -->
      <class name="testcases.DD.Verify_AirQuality1">
        <test-method status="PASS" signature="SetUp()[pri:0, instance:testcases.DD.Verify_AirQuality1@52f5bbc8]" name="SetUp" is-config="true" duration-ms="5842" started-at="2017-10-31T17:06:50Z" finished-at="2017-10-31T17:06:55Z">
          <reporter-output>
          </reporter-output>
        </test-method> <!-- SetUp -->
        <test-method status="PASS" signature="testHomePage()[pri:0, instance:testcases.DD.Verify_AirQuality1@52f5bbc8]" name="testHomePage" duration-ms="21703" started-at="2017-10-31T17:06:55Z" finished-at="2017-10-31T17:07:17Z">
          <reporter-output>
          </reporter-output>
        </test-method> <!-- testHomePage -->
        <test-method status="PASS" signature="teardown()[pri:0, instance:testcases.DD.Verify_AirQuality1@52f5bbc8]" name="teardown" is-config="true" duration-ms="74" started-at="2017-10-31T17:07:17Z" finished-at="2017-10-31T17:07:17Z">
          <reporter-output>
          </reporter-output>
        </test-method> <!-- teardown -->
      </class> <!-- testcases.DD.Verify_AirQuality1 -->
      <class name="testcases.DD.Verify_DataMapsAnalysis1">
        <test-method status="PASS" signature="SetUp()[pri:0, instance:testcases.DD.Verify_DataMapsAnalysis1@22b2f7a8]" name="SetUp" is-config="true" duration-ms="6690" started-at="2017-10-31T19:08:33Z" finished-at="2017-10-31T19:08:40Z">
          <reporter-output>
          </reporter-output>
        </test-method> <!-- SetUp -->
        <test-method status="PASS" signature="testHomePage()[pri:0, instance:testcases.DD.Verify_DataMapsAnalysis1@22b2f7a8]" name="testHomePage" duration-ms="40239" started-at="2017-10-31T19:08:40Z" finished-at="2017-10-31T19:09:20Z">
          <reporter-output>
          </reporter-output>
        </test-method> <!-- testHomePage -->
        <test-method status="PASS" signature="teardown()[pri:0, instance:testcases.DD.Verify_DataMapsAnalysis1@22b2f7a8]" name="teardown" is-config="true" duration-ms="95" started-at="2017-10-31T19:09:20Z" finished-at="2017-10-31T19:09:20Z">
          <reporter-output>
          </reporter-output>
        </test-method> <!-- teardown -->
      </class> <!-- testcases.DD.Verify_DataMapsAnalysis1 -->
      <class name="testcases.DD.Verify_OutreachAdvocacy1">
        <test-method status="PASS" signature="SetUp()[pri:0, instance:testcases.DD.Verify_OutreachAdvocacy1@64ab1370]" name="SetUp" is-config="true" duration-ms="5785" started-at="2017-10-31T19:12:16Z" finished-at="2017-10-31T19:12:22Z">
          <reporter-output>
          </reporter-output>
        </test-method> <!-- SetUp -->
        <test-method status="PASS" signature="testHomePage()[pri:0, instance:testcases.DD.Verify_OutreachAdvocacy1@64ab1370]" name="testHomePage" duration-ms="24280" started-at="2017-10-31T19:12:22Z" finished-at="2017-10-31T19:12:46Z">
          <reporter-output>
          </reporter-output>
        </test-method> <!-- testHomePage -->
        <test-method status="PASS" signature="teardown()[pri:0, instance:testcases.DD.Verify_OutreachAdvocacy1@64ab1370]" name="teardown" is-config="true" duration-ms="96" started-at="2017-10-31T19:12:46Z" finished-at="2017-10-31T19:12:46Z">
          <reporter-output>
          </reporter-output>
        </test-method> <!-- teardown -->
      </class> <!-- testcases.DD.Verify_OutreachAdvocacy1 -->
      <class name="testcases.DD.Verify_AgriculturalConservationEasementProgram1">
        <test-method status="PASS" signature="SetUp()[pri:0, instance:testcases.DD.Verify_AgriculturalConservationEasementProgram1@a965de4c]" name="SetUp" is-config="true" duration-ms="8021" started-at="2017-10-31T17:19:23Z" finished-at="2017-10-31T17:19:31Z">
          <reporter-output>
          </reporter-output>
        </test-method> <!-- SetUp -->
        <test-method status="PASS" signature="testHomePage()[pri:0, instance:testcases.DD.Verify_AgriculturalConservationEasementProgram1@a965de4c]" name="testHomePage" duration-ms="28915" started-at="2017-10-31T17:19:31Z" finished-at="2017-10-31T17:20:00Z">
          <reporter-output>
          </reporter-output>
        </test-method> <!-- testHomePage -->
        <test-method status="PASS" signature="teardown()[pri:0, instance:testcases.DD.Verify_AgriculturalConservationEasementProgram1@a965de4c]" name="teardown" is-config="true" duration-ms="115" started-at="2017-10-31T17:20:00Z" finished-at="2017-10-31T17:20:00Z">
          <reporter-output>
          </reporter-output>
        </test-method> <!-- teardown -->
      </class> <!-- testcases.DD.Verify_AgriculturalConservationEasementProgram1 -->
      <class name="testcases.DD.Verify_PublicNotices1">
        <test-method status="PASS" signature="SetUp()[pri:0, instance:testcases.DD.Verify_PublicNotices1@f7c900d2]" name="SetUp" is-config="true" duration-ms="6342" started-at="2017-10-31T17:26:29Z" finished-at="2017-10-31T17:26:35Z">
          <reporter-output>
          </reporter-output>
        </test-method> <!-- SetUp -->
        <test-method status="PASS" signature="testHomePage()[pri:0, instance:testcases.DD.Verify_PublicNotices1@f7c900d2]" name="testHomePage" duration-ms="23440" started-at="2017-10-31T17:26:35Z" finished-at="2017-10-31T17:26:59Z">
          <reporter-output>
          </reporter-output>
        </test-method> <!-- testHomePage -->
        <test-method status="PASS" signature="teardown()[pri:0, instance:testcases.DD.Verify_PublicNotices1@f7c900d2]" name="teardown" is-config="true" duration-ms="90" started-at="2017-10-31T17:26:59Z" finished-at="2017-10-31T17:26:59Z">
          <reporter-output>
          </reporter-output>
        </test-method> <!-- teardown -->
      </class> <!-- testcases.DD.Verify_PublicNotices1 -->
      <class name="testcases.DD.Verify_CulturalResources1">
        <test-method status="PASS" signature="SetUp()[pri:0, instance:testcases.DD.Verify_CulturalResources1@7b5bd249]" name="SetUp" is-config="true" duration-ms="6045" started-at="2017-10-31T17:16:27Z" finished-at="2017-10-31T17:16:33Z">
          <reporter-output>
          </reporter-output>
        </test-method> <!-- SetUp -->
        <test-method status="PASS" signature="testHomePage()[pri:0, instance:testcases.DD.Verify_CulturalResources1@7b5bd249]" name="testHomePage" duration-ms="25979" started-at="2017-10-31T17:16:33Z" finished-at="2017-10-31T17:16:59Z">
          <reporter-output>
          </reporter-output>
        </test-method> <!-- testHomePage -->
        <test-method status="PASS" signature="teardown()[pri:0, instance:testcases.DD.Verify_CulturalResources1@7b5bd249]" name="teardown" is-config="true" duration-ms="81" started-at="2017-10-31T17:16:59Z" finished-at="2017-10-31T17:16:59Z">
          <reporter-output>
          </reporter-output>
        </test-method> <!-- teardown -->
      </class> <!-- testcases.DD.Verify_CulturalResources1 -->
      <class name="testcases.DD.Verify_SnowSurveyProducts1">
        <test-method status="PASS" signature="SetUp()[pri:0, instance:testcases.DD.Verify_SnowSurveyProducts1@2e0250d]" name="SetUp" is-config="true" duration-ms="7360" started-at="2017-10-31T19:16:31Z" finished-at="2017-10-31T19:16:38Z">
          <reporter-output>
          </reporter-output>
        </test-method> <!-- SetUp -->
        <test-method status="PASS" signature="testHomePage()[pri:0, instance:testcases.DD.Verify_SnowSurveyProducts1@2e0250d]" name="testHomePage" duration-ms="9554" started-at="2017-10-31T19:16:38Z" finished-at="2017-10-31T19:16:48Z">
          <reporter-output>
          </reporter-output>
        </test-method> <!-- testHomePage -->
        <test-method status="PASS" signature="teardown()[pri:0, instance:testcases.DD.Verify_SnowSurveyProducts1@2e0250d]" name="teardown" is-config="true" duration-ms="91" started-at="2017-10-31T19:16:48Z" finished-at="2017-10-31T19:16:48Z">
          <reporter-output>
          </reporter-output>
        </test-method> <!-- teardown -->
      </class> <!-- testcases.DD.Verify_SnowSurveyProducts1 -->
      <class name="testcases.DD.Verify_Engineering1">
        <test-method status="PASS" signature="SetUp()[pri:0, instance:testcases.DD.Verify_Engineering1@a4e25f6d]" name="SetUp" is-config="true" duration-ms="8295" started-at="2017-10-31T19:18:53Z" finished-at="2017-10-31T19:19:01Z">
          <reporter-output>
          </reporter-output>
        </test-method> <!-- SetUp -->
        <test-method status="PASS" signature="testHomePage()[pri:0, instance:testcases.DD.Verify_Engineering1@a4e25f6d]" name="testHomePage" duration-ms="36556" started-at="2017-10-31T19:19:01Z" finished-at="2017-10-31T19:19:38Z">
          <reporter-output>
          </reporter-output>
        </test-method> <!-- testHomePage -->
        <test-method status="PASS" signature="teardown()[pri:0, instance:testcases.DD.Verify_Engineering1@a4e25f6d]" name="teardown" is-config="true" duration-ms="85" started-at="2017-10-31T19:19:38Z" finished-at="2017-10-31T19:19:38Z">
          <reporter-output>
          </reporter-output>
        </test-method> <!-- teardown -->
      </class> <!-- testcases.DD.Verify_Engineering1 -->
      <class name="testcases.DD.Verify_NationalResourcesInventory1">
        <test-method status="PASS" signature="SetUp()[pri:0, instance:testcases.DD.Verify_NationalResourcesInventory1@900cf5fd]" name="SetUp" is-config="true" duration-ms="6883" started-at="2017-10-31T17:25:22Z" finished-at="2017-10-31T17:25:29Z">
          <reporter-output>
          </reporter-output>
        </test-method> <!-- SetUp -->
        <test-method status="PASS" signature="testHomePage()[pri:0, instance:testcases.DD.Verify_NationalResourcesInventory1@900cf5fd]" name="testHomePage" duration-ms="22735" started-at="2017-10-31T17:25:29Z" finished-at="2017-10-31T17:25:51Z">
          <reporter-output>
          </reporter-output>
        </test-method> <!-- testHomePage -->
        <test-method status="PASS" signature="teardown()[pri:0, instance:testcases.DD.Verify_NationalResourcesInventory1@900cf5fd]" name="teardown" is-config="true" duration-ms="91" started-at="2017-10-31T17:25:51Z" finished-at="2017-10-31T17:25:51Z">
          <reporter-output>
          </reporter-output>
        </test-method> <!-- teardown -->
      </class> <!-- testcases.DD.Verify_NationalResourcesInventory1 -->
      <class name="testcases.DD.Verify_Energy1">
        <test-method status="PASS" signature="SetUp()[pri:0, instance:testcases.DD.Verify_Energy1@58f2548b]" name="SetUp" is-config="true" duration-ms="5746" started-at="2017-10-31T17:26:59Z" finished-at="2017-10-31T17:27:05Z">
          <reporter-output>
          </reporter-output>
        </test-method> <!-- SetUp -->
        <test-method status="PASS" signature="testHomePage()[pri:0, instance:testcases.DD.Verify_Energy1@58f2548b]" name="testHomePage" duration-ms="31635" started-at="2017-10-31T17:27:05Z" finished-at="2017-10-31T17:27:36Z">
          <reporter-output>
          </reporter-output>
        </test-method> <!-- testHomePage -->
        <test-method status="PASS" signature="teardown()[pri:0, instance:testcases.DD.Verify_Energy1@58f2548b]" name="teardown" is-config="true" duration-ms="72" started-at="2017-10-31T17:27:36Z" finished-at="2017-10-31T17:27:36Z">
          <reporter-output>
          </reporter-output>
        </test-method> <!-- teardown -->
      </class> <!-- testcases.DD.Verify_Energy1 -->
      <class name="testcases.DD.Verify_NRCSEmployees1">
        <test-method status="PASS" signature="SetUp()[pri:0, instance:testcases.DD.Verify_NRCSEmployees1@fde48206]" name="SetUp" is-config="true" duration-ms="6331" started-at="2017-10-31T17:25:51Z" finished-at="2017-10-31T17:25:58Z">
          <reporter-output>
          </reporter-output>
        </test-method> <!-- SetUp -->
        <test-method status="PASS" signature="testHomePage()[pri:0, instance:testcases.DD.Verify_NRCSEmployees1@fde48206]" name="testHomePage" duration-ms="31195" started-at="2017-10-31T17:25:58Z" finished-at="2017-10-31T17:26:29Z">
          <reporter-output>
          </reporter-output>
        </test-method> <!-- testHomePage -->
        <test-method status="PASS" signature="teardown()[pri:0, instance:testcases.DD.Verify_NRCSEmployees1@fde48206]" name="teardown" is-config="true" duration-ms="91" started-at="2017-10-31T17:26:29Z" finished-at="2017-10-31T17:26:29Z">
          <reporter-output>
          </reporter-output>
        </test-method> <!-- teardown -->
      </class> <!-- testcases.DD.Verify_NRCSEmployees1 -->
      <class name="testcases.DD.Verify_ThreatenedEndangeredSpecies1">
        <test-method status="PASS" signature="SetUp()[pri:0, instance:testcases.DD.Verify_ThreatenedEndangeredSpecies1@1fd6fa75]" name="SetUp" is-config="true" duration-ms="6340" started-at="2017-10-31T19:19:38Z" finished-at="2017-10-31T19:19:44Z">
          <reporter-output>
          </reporter-output>
        </test-method> <!-- SetUp -->
        <test-method status="PASS" signature="testHomePage()[pri:0, instance:testcases.DD.Verify_ThreatenedEndangeredSpecies1@1fd6fa75]" name="testHomePage" duration-ms="31158" started-at="2017-10-31T19:19:44Z" finished-at="2017-10-31T19:20:15Z">
          <reporter-output>
          </reporter-output>
        </test-method> <!-- testHomePage -->
        <test-method status="PASS" signature="teardown()[pri:0, instance:testcases.DD.Verify_ThreatenedEndangeredSpecies1@1fd6fa75]" name="teardown" is-config="true" duration-ms="92" started-at="2017-10-31T19:20:15Z" finished-at="2017-10-31T19:20:15Z">
          <reporter-output>
          </reporter-output>
        </test-method> <!-- teardown -->
      </class> <!-- testcases.DD.Verify_ThreatenedEndangeredSpecies1 -->
      <class name="testcases.DD.Verify_HomePage1">
        <test-method status="PASS" signature="SetUp()[pri:0, instance:testcases.DD.Verify_HomePage1@6b4eed9e]" name="SetUp" is-config="true" duration-ms="6118" started-at="2017-10-31T19:26:48Z" finished-at="2017-10-31T19:26:54Z">
          <reporter-output>
          </reporter-output>
        </test-method> <!-- SetUp -->
        <test-method status="FAIL" signature="testHomePage()[pri:0, instance:testcases.DD.Verify_HomePage1@6b4eed9e]" name="testHomePage" duration-ms="643" started-at="2017-10-31T19:26:54Z" finished-at="2017-10-31T19:26:55Z">
          <exception class="org.openqa.selenium.ElementNotVisibleException">
            <message>
              <![CDATA[element not visible
  (Session info: chrome=62.0.3202.75)
  (Driver info: chromedriver=2.33.506120 (e3e53437346286c0bc2d2dc9aa4915ba81d9023f),platform=Windows NT 10.0.15063 x86_64) (WARNING: The server did not provide any stacktrace information)
Command duration or timeout: 21 milliseconds
Build info: version: '2.53.1', revision: 'a36b8b1cd5757287168e54b817830adce9b0158d', time: '2016-06-30 19:26:09'
System info: host: 'TSPREA01LAPA35', ip: '199.130.135.238', os.name: 'Windows 10', os.arch: 'amd64', os.version: '10.0', java.version: '1.8.0'
Driver info: org.openqa.selenium.chrome.ChromeDriver
Capabilities [{applicationCacheEnabled=false, rotatable=false, mobileEmulationEnabled=false, networkConnectionEnabled=false, chrome={chromedriverVersion=2.33.506120 (e3e53437346286c0bc2d2dc9aa4915ba81d9023f), userDataDir=C:\Users\SIVAPR~1\AppData\Local\Temp\scoped_dir37292_32485}, takesHeapSnapshot=true, pageLoadStrategy=normal, databaseEnabled=false, handlesAlerts=true, hasTouchScreen=false, version=62.0.3202.75, platform=XP, browserConnectionEnabled=false, nativeEvents=true, acceptSslCerts=true, locationContextEnabled=true, webStorageEnabled=true, browserName=chrome, takesScreenshot=true, javascriptEnabled=true, cssSelectorsEnabled=true, setWindowRect=true, unexpectedAlertBehaviour=}]
Session ID: 1d8020a2827d9dab87c44adf205cb82b]]>
            </message>
            <full-stacktrace>
              <![CDATA[org.openqa.selenium.ElementNotVisibleException: element not visible
  (Session info: chrome=62.0.3202.75)
  (Driver info: chromedriver=2.33.506120 (e3e53437346286c0bc2d2dc9aa4915ba81d9023f),platform=Windows NT 10.0.15063 x86_64) (WARNING: The server did not provide any stacktrace information)
Command duration or timeout: 21 milliseconds
Build info: version: '2.53.1', revision: 'a36b8b1cd5757287168e54b817830adce9b0158d', time: '2016-06-30 19:26:09'
System info: host: 'TSPREA01LAPA35', ip: '199.130.135.238', os.name: 'Windows 10', os.arch: 'amd64', os.version: '10.0', java.version: '1.8.0'
Driver info: org.openqa.selenium.chrome.ChromeDriver
Capabilities [{applicationCacheEnabled=false, rotatable=false, mobileEmulationEnabled=false, networkConnectionEnabled=false, chrome={chromedriverVersion=2.33.506120 (e3e53437346286c0bc2d2dc9aa4915ba81d9023f), userDataDir=C:\Users\SIVAPR~1\AppData\Local\Temp\scoped_dir37292_32485}, takesHeapSnapshot=true, pageLoadStrategy=normal, databaseEnabled=false, handlesAlerts=true, hasTouchScreen=false, version=62.0.3202.75, platform=XP, browserConnectionEnabled=false, nativeEvents=true, acceptSslCerts=true, locationContextEnabled=true, webStorageEnabled=true, browserName=chrome, takesScreenshot=true, javascriptEnabled=true, cssSelectorsEnabled=true, setWindowRect=true, unexpectedAlertBehaviour=}]
Session ID: 1d8020a2827d9dab87c44adf205cb82b
	at sun.reflect.NativeConstructorAccessorImpl.newInstance0(Native Method)
	at sun.reflect.NativeConstructorAccessorImpl.newInstance(NativeConstructorAccessorImpl.java:88)
	at sun.reflect.DelegatingConstructorAccessorImpl.newInstance(DelegatingConstructorAccessorImpl.java:57)
	at java.lang.reflect.Constructor.newInstance(Constructor.java:437)
	at org.openqa.selenium.remote.ErrorHandler.createThrowable(ErrorHandler.java:206)
	at org.openqa.selenium.remote.ErrorHandler.throwIfResponseFailed(ErrorHandler.java:158)
	at org.openqa.selenium.remote.RemoteWebDriver.execute(RemoteWebDriver.java:678)
	at org.openqa.selenium.remote.RemoteWebElement.execute(RemoteWebElement.java:327)
	at org.openqa.selenium.remote.RemoteWebElement.click(RemoteWebElement.java:85)
	at sun.reflect.GeneratedMethodAccessor12.invoke(Unknown Source)
	at sun.reflect.DelegatingMethodAccessorImpl.invoke(DelegatingMethodAccessorImpl.java:55)
	at java.lang.reflect.Method.invoke(Method.java:508)
	at org.openqa.selenium.support.pagefactory.internal.LocatingElementHandler.invoke(LocatingElementHandler.java:51)
	at com.sun.proxy.$Proxy7.click(Unknown Source)
	at pages1.DD.Home_Page1.MenuElementsProd(Home_Page1.java:227)
	at testcases.DD.Verify_HomePage1.testHomePage(Verify_HomePage1.java:49)
	at sun.reflect.NativeMethodAccessorImpl.invoke0(Native Method)
	at sun.reflect.NativeMethodAccessorImpl.invoke(NativeMethodAccessorImpl.java:95)
	at sun.reflect.DelegatingMethodAccessorImpl.invoke(DelegatingMethodAccessorImpl.java:55)
	at java.lang.reflect.Method.invoke(Method.java:508)
	at org.testng.internal.MethodInvocationHelper.invokeMethod(MethodInvocationHelper.java:80)
	at org.testng.internal.Invoker.invokeMethod(Invoker.java:714)
	at org.testng.internal.Invoker.invokeTestMethod(Invoker.java:901)
	at org.testng.internal.Invoker.invokeTestMethods(Invoker.java:1231)
	at org.testng.internal.TestMethodWorker.invokeTestMethods(TestMethodWorker.java:127)
	at org.testng.internal.TestMethodWorker.run(TestMethodWorker.java:111)
	at org.testng.TestRunner.privateRun(TestRunner.java:767)
	at org.testng.TestRunner.run(TestRunner.java:617)
	at org.testng.SuiteRunner.runTest(SuiteRunner.java:334)
	at org.testng.SuiteRunner.runSequentially(SuiteRunner.java:329)
	at org.testng.SuiteRunner.privateRun(SuiteRunner.java:291)
	at org.testng.SuiteRunner.run(SuiteRunner.java:240)
	at org.testng.SuiteRunnerWorker.runSuite(SuiteRunnerWorker.java:52)
	at org.testng.SuiteRunnerWorker.run(SuiteRunnerWorker.java:86)
	at org.testng.TestNG.runSuitesSequentially(TestNG.java:1198)
	at org.testng.TestNG.runSuitesLocally(TestNG.java:1123)
	at org.testng.TestNG.run(TestNG.java:1031)
	at org.testng.remote.AbstractRemoteTestNG.run(AbstractRemoteTestNG.java:132)
	at org.testng.remote.RemoteTestNG.initAndRun(RemoteTestNG.java:230)
	at org.testng.remote.RemoteTestNG.main(RemoteTestNG.java:76)
]]>
            </full-stacktrace>
          </exception> <!-- org.openqa.selenium.ElementNotVisibleException -->
          <reporter-output>
          </reporter-output>
        </test-method> <!-- testHomePage -->
        <test-method status="PASS" signature="tearDown()[pri:0, instance:testcases.DD.Verify_HomePage1@6b4eed9e]" name="tearDown" is-config="true" duration-ms="2096" started-at="2017-10-31T19:26:55Z" finished-at="2017-10-31T19:26:57Z">
          <reporter-output>
          </reporter-output>
        </test-method> <!-- tearDown -->
      </class> <!-- testcases.DD.Verify_HomePage1 -->
      <class name="testcases.DD.Verify_SnowSurvey1">
        <test-method status="PASS" signature="SetUp()[pri:0, instance:testcases.DD.Verify_SnowSurvey1@42d91b3a]" name="SetUp" is-config="true" duration-ms="7162" started-at="2017-10-31T17:15:28Z" finished-at="2017-10-31T17:15:35Z">
          <reporter-output>
          </reporter-output>
        </test-method> <!-- SetUp -->
        <test-method status="PASS" signature="testHomePage()[pri:0, instance:testcases.DD.Verify_SnowSurvey1@42d91b3a]" name="testHomePage" duration-ms="51777" started-at="2017-10-31T17:15:35Z" finished-at="2017-10-31T17:16:27Z">
          <reporter-output>
          </reporter-output>
        </test-method> <!-- testHomePage -->
        <test-method status="PASS" signature="teardown()[pri:0, instance:testcases.DD.Verify_SnowSurvey1@42d91b3a]" name="teardown" is-config="true" duration-ms="67" started-at="2017-10-31T17:16:27Z" finished-at="2017-10-31T17:16:27Z">
          <reporter-output>
          </reporter-output>
        </test-method> <!-- teardown -->
      </class> <!-- testcases.DD.Verify_SnowSurvey1 -->
      <class name="testcases.DD.Verify_WaterResources1">
        <test-method status="PASS" signature="SetUp()[pri:0, instance:testcases.DD.Verify_WaterResources1@1d646d54]" name="SetUp" is-config="true" duration-ms="6061" started-at="2017-10-31T17:22:41Z" finished-at="2017-10-31T17:22:47Z">
          <reporter-output>
          </reporter-output>
        </test-method> <!-- SetUp -->
        <test-method status="PASS" signature="testHomePage()[pri:0, instance:testcases.DD.Verify_WaterResources1@1d646d54]" name="testHomePage" duration-ms="26511" started-at="2017-10-31T17:22:47Z" finished-at="2017-10-31T17:23:14Z">
          <reporter-output>
          </reporter-output>
        </test-method> <!-- testHomePage -->
        <test-method status="PASS" signature="teardown()[pri:0, instance:testcases.DD.Verify_WaterResources1@1d646d54]" name="teardown" is-config="true" duration-ms="65" started-at="2017-10-31T17:23:14Z" finished-at="2017-10-31T17:23:14Z">
          <reporter-output>
          </reporter-output>
        </test-method> <!-- teardown -->
      </class> <!-- testcases.DD.Verify_WaterResources1 -->
      <class name="testcases.DD.Verify_InvasiveSpecies1">
        <test-method status="PASS" signature="SetUp()[pri:0, instance:testcases.DD.Verify_InvasiveSpecies1@f65c8e16]" name="SetUp" is-config="true" duration-ms="6984" started-at="2017-10-31T17:18:50Z" finished-at="2017-10-31T17:18:57Z">
          <reporter-output>
          </reporter-output>
        </test-method> <!-- SetUp -->
        <test-method status="PASS" signature="testHomePage()[pri:0, instance:testcases.DD.Verify_InvasiveSpecies1@f65c8e16]" name="testHomePage" duration-ms="26253" started-at="2017-10-31T17:18:57Z" finished-at="2017-10-31T17:19:23Z">
          <reporter-output>
          </reporter-output>
        </test-method> <!-- testHomePage -->
        <test-method status="PASS" signature="teardown()[pri:0, instance:testcases.DD.Verify_InvasiveSpecies1@f65c8e16]" name="teardown" is-config="true" duration-ms="79" started-at="2017-10-31T17:19:23Z" finished-at="2017-10-31T17:19:23Z">
          <reporter-output>
          </reporter-output>
        </test-method> <!-- teardown -->
      </class> <!-- testcases.DD.Verify_InvasiveSpecies1 -->
      <class name="testcases.DD.Verify_HealthyForestsReserveProgram1">
        <test-method status="PASS" signature="SetUp()[pri:0, instance:testcases.DD.Verify_HealthyForestsReserveProgram1@1a0b801b]" name="SetUp" is-config="true" duration-ms="6124" started-at="2017-10-31T17:06:19Z" finished-at="2017-10-31T17:06:25Z">
          <reporter-output>
          </reporter-output>
        </test-method> <!-- SetUp -->
        <test-method status="PASS" signature="testHomePage()[pri:0, instance:testcases.DD.Verify_HealthyForestsReserveProgram1@1a0b801b]" name="testHomePage" duration-ms="24706" started-at="2017-10-31T17:06:25Z" finished-at="2017-10-31T17:06:49Z">
          <reporter-output>
          </reporter-output>
        </test-method> <!-- testHomePage -->
        <test-method status="PASS" signature="teardown()[pri:0, instance:testcases.DD.Verify_HealthyForestsReserveProgram1@1a0b801b]" name="teardown" is-config="true" duration-ms="91" started-at="2017-10-31T17:06:49Z" finished-at="2017-10-31T17:06:50Z">
          <reporter-output>
          </reporter-output>
        </test-method> <!-- teardown -->
      </class> <!-- testcases.DD.Verify_HealthyForestsReserveProgram1 -->
      <class name="testcases.DD.Verify_Forecasts1">
        <test-method status="PASS" signature="SetUp()[pri:0, instance:testcases.DD.Verify_Forecasts1@109e7bf9]" name="SetUp" is-config="true" duration-ms="6360" started-at="2017-10-31T17:05:49Z" finished-at="2017-10-31T17:05:55Z">
          <reporter-output>
          </reporter-output>
        </test-method> <!-- SetUp -->
        <test-method status="PASS" signature="testHomePage()[pri:0, instance:testcases.DD.Verify_Forecasts1@109e7bf9]" name="testHomePage" duration-ms="21347" started-at="2017-10-31T17:05:55Z" finished-at="2017-10-31T17:06:16Z">
          <reporter-output>
          </reporter-output>
        </test-method> <!-- testHomePage -->
        <test-method status="PASS" signature="teardown()[pri:0, instance:testcases.DD.Verify_Forecasts1@109e7bf9]" name="teardown" is-config="true" duration-ms="2307" started-at="2017-10-31T17:06:16Z" finished-at="2017-10-31T17:06:19Z">
          <reporter-output>
          </reporter-output>
        </test-method> <!-- teardown -->
      </class> <!-- testcases.DD.Verify_Forecasts1 -->
      <class name="testcases.DD.Verify_Newsroom1">
        <test-method status="PASS" signature="SetUp()[pri:0, instance:testcases.DD.Verify_Newsroom1@7fcc3a7b]" name="SetUp" is-config="true" duration-ms="6904" started-at="2017-10-31T17:18:11Z" finished-at="2017-10-31T17:18:18Z">
          <reporter-output>
          </reporter-output>
        </test-method> <!-- SetUp -->
        <test-method status="PASS" signature="testHomePage()[pri:0, instance:testcases.DD.Verify_Newsroom1@7fcc3a7b]" name="testHomePage" duration-ms="31542" started-at="2017-10-31T17:18:18Z" finished-at="2017-10-31T17:18:50Z">
          <reporter-output>
          </reporter-output>
        </test-method> <!-- testHomePage -->
        <test-method status="PASS" signature="teardown()[pri:0, instance:testcases.DD.Verify_Newsroom1@7fcc3a7b]" name="teardown" is-config="true" duration-ms="88" started-at="2017-10-31T17:18:50Z" finished-at="2017-10-31T17:18:50Z">
          <reporter-output>
          </reporter-output>
        </test-method> <!-- teardown -->
      </class> <!-- testcases.DD.Verify_Newsroom1 -->
      <class name="testcases.DD.Verify_Air1">
        <test-method status="PASS" signature="SetUp()[pri:0, instance:testcases.DD.Verify_Air1@ad0567de]" name="SetUp" is-config="true" duration-ms="7181" started-at="2017-10-31T17:27:36Z" finished-at="2017-10-31T17:27:44Z">
          <reporter-output>
          </reporter-output>
        </test-method> <!-- SetUp -->
        <test-method status="PASS" signature="testHomePage()[pri:0, instance:testcases.DD.Verify_Air1@ad0567de]" name="testHomePage" duration-ms="21554" started-at="2017-10-31T17:27:44Z" finished-at="2017-10-31T17:28:05Z">
          <reporter-output>
          </reporter-output>
        </test-method> <!-- testHomePage -->
        <test-method status="PASS" signature="teardown()[pri:0, instance:testcases.DD.Verify_Air1@ad0567de]" name="teardown" is-config="true" duration-ms="96" started-at="2017-10-31T17:28:05Z" finished-at="2017-10-31T17:28:05Z">
          <reporter-output>
          </reporter-output>
        </test-method> <!-- teardown -->
      </class> <!-- testcases.DD.Verify_Air1 -->
      <class name="testcases.DD.Verify_ConservationTechnicalAssistance1">
        <test-method status="PASS" signature="SetUp()[pri:0, instance:testcases.DD.Verify_ConservationTechnicalAssistance1@dc107dff]" name="SetUp" is-config="true" duration-ms="6302" started-at="2017-10-31T19:29:02Z" finished-at="2017-10-31T19:29:08Z">
          <reporter-output>
          </reporter-output>
        </test-method> <!-- SetUp -->
        <test-method status="PASS" signature="testHomePage()[pri:0, instance:testcases.DD.Verify_ConservationTechnicalAssistance1@dc107dff]" name="testHomePage" duration-ms="25726" started-at="2017-10-31T19:29:08Z" finished-at="2017-10-31T19:29:34Z">
          <reporter-output>
          </reporter-output>
        </test-method> <!-- testHomePage -->
        <test-method status="PASS" signature="teardown()[pri:0, instance:testcases.DD.Verify_ConservationTechnicalAssistance1@dc107dff]" name="teardown" is-config="true" duration-ms="90" started-at="2017-10-31T19:29:34Z" finished-at="2017-10-31T19:29:34Z">
          <reporter-output>
          </reporter-output>
        </test-method> <!-- teardown -->
      </class> <!-- testcases.DD.Verify_ConservationTechnicalAssistance1 -->
    </test> <!-- Default test -->
  </suite> <!-- Default suite -->
</testng-results>
